#
# A fatal error has been detected by the Java Runtime Environment:
#
#  SIGBUS (0xa) at pc=0x00000001398014f0, pid=5166, tid=29963
#
# JRE version: OpenJDK Runtime Environment (18.0.1+10) (build 18.0.1+10-24)
# Java VM: OpenJDK 64-Bit Server VM (18.0.1+10-24, mixed mode, sharing, tiered, compressed oops, compressed class ptrs, g1 gc, bsd-aarch64)
# Problematic frame:
# v  ~StubRoutines::SafeFetchN
#
# No core dump will be written. Core dumps have been disabled. To enable core dumping, try "ulimit -c unlimited" before starting Java again
#
# If you would like to submit a bug report, please visit:
#   https://bugreport.java.com/bugreport/crash.jsp
# The crash happened outside the Java Virtual Machine in native code.
# See problematic frame for where to report the bug.
#

---------------  S U M M A R Y ------------

Command Line: -javaagent:/Applications/IntelliJ IDEA.app/Contents/lib/idea_rt.jar=49382:/Applications/IntelliJ IDEA.app/Contents/bin -Dfile.encoding=UTF-8 --module-path=/Users/gabriel-claudiuprivantu/.m2/repository/org/openjfx/javafx-web/17.0.1/javafx-web-17.0.1-mac-aarch64.jar:/Users/gabriel-claudiuprivantu/Documents/FACULTATE AC_CTIro/AN2/SEM2/proba_Java/Register_Anticariat/target/classes:/Users/gabriel-claudiuprivantu/.m2/repository/org/kordamp/ikonli/ikonli-javafx/12.2.0/ikonli-javafx-12.2.0.jar:/Users/gabriel-claudiuprivantu/.m2/repository/org/openjfx/javafx-controls/17.0.1/javafx-controls-17.0.1-mac-aarch64.jar:/Users/gabriel-claudiuprivantu/.m2/repository/com/dlsc/formsfx/formsfx-core/11.3.2/formsfx-core-11.3.2.jar:/Users/gabriel-claudiuprivantu/.m2/repository/org/openjfx/javafx-fxml/17.0.1/javafx-fxml-17.0.1-mac-aarch64.jar:/Users/gabriel-claudiuprivantu/.m2/repository/org/controlsfx/controlsfx/11.1.0/controlsfx-11.1.0.jar:/Users/gabriel-claudiuprivantu/.m2/repository/org/kordamp/bootstrapfx/bootstrapfx-core/0.4.0/bootstrapfx-core-0.4.0.jar:/Users/gabriel-claudiuprivantu/.m2/repository/org/openjfx/javafx-graphics/17.0.1/javafx-graphics-17.0.1-mac-aarch64.jar:/Users/gabriel-claudiuprivantu/.m2/repository/eu/hansolo/tilesfx/11.48/tilesfx-11.48.jar:/Users/gabriel-claudiuprivantu/.m2/repository/org/openjfx/javafx-base/17.0.1/javafx-base-17.0.1-mac-aarch64.jar:/Users/gabriel-claudiuprivantu/.m2/repository/org/openjfx/javafx-media/17.0.1/javafx-media-17.0.1-mac-aarch64.jar:/Users/gabriel-claudiuprivantu/.m2/repository/org/kordamp/ikonli/ikonli-core/12.2.0/ikonli-core-12.2.0.jar:/Users/gabriel-claudiuprivantu/.m2/repository/net/synedra/validatorfx/0.1.13/validatorfx-0.1.13.jar -Djdk.module.main=com.example.register_anticariat com.example.register_anticariat/com.example.register_anticariat.HelloApplication

Host: "MacBookAir10,1" arm64, 8 cores, 8G, Darwin 21.4.0, macOS 12.3.1 (21E258)
Time: Fri Apr 29 17:25:10 2022 EEST elapsed time: 4.256245 seconds (0d 0h 0m 4s)

---------------  T H R E A D  ---------------

Current thread (0x0000000117009400):  JavaThread "InvokeLaterDispatcher" daemon [_thread_in_native, id=29963, stack(0x0000000280004000,0x0000000280207000)]

Stack: [0x0000000280004000,0x0000000280207000],  sp=0x00000002802067a0,  free space=2057k
Native frames: (J=compiled Java code, j=interpreted, Vv=VM code, C=native code)
v  ~StubRoutines::SafeFetchN
V  [libjvm.dylib+0x7cdaa0]  _ZN10OopStorage7releaseEPKP7oopDesc+0x20
V  [libjvm.dylib+0x4f47ec]  jni_DeleteGlobalRef+0xd4
C  [libglass.dylib+0xab08]  -[GlassRunnable dealloc]+0x34
C  [Foundation+0x85618]  -[_NSThreadPerformInfo dealloc]+0x30
C  [Foundation+0x5198c]  -[NSObject(NSThreadPerformAdditions) performSelectorOnMainThread:withObject:waitUntilDone:]+0x88
C  0x5b690001398098ac
j  com.sun.glass.ui.mac.MacApplication.submitForLaterInvocation(Ljava/lang/Runnable;)V+2 javafx.graphics
j  com.sun.glass.ui.InvokeLaterDispatcher.run()V+82 javafx.graphics
v  ~StubRoutines::call_stub
V  [libjvm.dylib+0x49bbf8]  _ZN9JavaCalls11call_helperEP9JavaValueRK12methodHandleP17JavaCallArgumentsP10JavaThread+0x38c
V  [libjvm.dylib+0x49ac14]  _ZN9JavaCalls12call_virtualEP9JavaValueP5KlassP6SymbolS5_P17JavaCallArgumentsP10JavaThread+0x11c
V  [libjvm.dylib+0x49ace0]  _ZN9JavaCalls12call_virtualEP9JavaValue6HandleP5KlassP6SymbolS6_P10JavaThread+0x64
V  [libjvm.dylib+0x54e810]  _ZL12thread_entryP10JavaThreadS0_+0x9c
V  [libjvm.dylib+0x918b10]  _ZN10JavaThread17thread_main_innerEv+0xa8
V  [libjvm.dylib+0x9174a0]  _ZN6Thread8call_runEv+0xe0
V  [libjvm.dylib+0x7d4284]  _ZL19thread_native_entryP6Thread+0x158
C  [libsystem_pthread.dylib+0x726c]  _pthread_start+0x94

Java frames: (J=compiled Java code, j=interpreted, Vv=VM code)
j  com.sun.glass.ui.mac.MacApplication._submitForLaterInvocation(Ljava/lang/Runnable;)V+0 javafx.graphics
j  com.sun.glass.ui.mac.MacApplication.submitForLaterInvocation(Ljava/lang/Runnable;)V+2 javafx.graphics
j  com.sun.glass.ui.InvokeLaterDispatcher.run()V+82 javafx.graphics
v  ~StubRoutines::call_stub

siginfo: si_signo: 10 (SIGBUS), si_code: 1 (BUS_ADRALN), si_addr: 0x00000001398014f0

Register to memory mapping:

 x0=0x0000000138005048 is a global jni handle
 x1=0x0 is NULL
 x2=0x0000000786349320 is an oop: com.sun.glass.ui.InvokeLaterDispatcher$Future 
{0x0000000786349320} - klass: 'com/sun/glass/ui/InvokeLaterDispatcher$Future'
 - ---- fields (total size 3 words):
 - private 'done' 'Z' @12  true
 - private final 'runnable' 'Ljava/lang/Runnable;' @16  a 'com/sun/javafx/application/PlatformImpl$$Lambda$110+0x0000000800c82f70'{0x0000000785ea6c98} (f0bd4d93)
 - final synthetic 'this$0' 'Lcom/sun/glass/ui/InvokeLaterDispatcher;' @20  a 'com/sun/glass/ui/InvokeLaterDispatcher'{0x000000078680ac18} (f0d01583)
 x3=0x0 is NULL
 x4=0x00000000000130a8 is an unknown value
 x5=0x0 is NULL
 x6=0x0 is NULL
 x7=0x0 is NULL
 x8=0x00000001398014ec is at begin+0 in a stub
StubRoutines::SafeFetchN [0x00000001398014ec, 0x00000001398014f8] (12 bytes)
 x9=0x0 is NULL
x10=0x2010000030300000 is an unknown value
x11=0x0000000000000007 is an unknown value
x12=0x0000000000000004 is an unknown value
x13=0x0000600003003790 points into unknown readable memory: 0xfb448001c16b3c40 | 40 3c 6b c1 01 80 44 fb
x14=0x0000060000000000 is an unknown value
x15=0x0000000116d39f98: OBJC_CLASS_$_GlassRunnable+0 in /Users/gabriel-claudiuprivantu/.openjfx/cache/17.0.1/libglass.dylib at 0x0000000116cf4000
x16=0x00000001c181d0fc: pthread_getspecific+0 in /usr/lib/system/libsystem_pthread.dylib at 0x00000001c181b000
x17=0x000060000351a1b0 points into unknown readable memory: 0xfffffffffffffffe | fe ff ff ff ff ff ff ff
x18=0x0 is NULL
x19=0x0000600003518770 points into unknown readable memory: 0x0000600001c152f0 | f0 52 c1 01 00 60 00 00
x20=0x0000000138004e40 points into unknown readable memory: 0x00000007ffe160f0 | f0 60 e1 ff 07 00 00 00
x21=0x0000000138005048 is a global jni handle
x22=0x0000000117009400 is a thread
x23=0x0000000000000001 is an unknown value
x24=0x0000000138005000 is a global jni handle
x25=0x00000001046eaca8: _ZN12StubRoutines17_safefetchN_entryE+0 in /Users/gabriel-claudiuprivantu/Library/Java/JavaVirtualMachines/openjdk-18.0.1/Contents/Home/lib/server/libjvm.dylib at 0x0000000103b0c000
x26=0x0000000112920260 is pointing into metadata
x27=0x0 is NULL
x28=0x0000000117009400 is a thread


Registers:
 x0=0x0000000138005048  x1=0x0000000000000000  x2=0x0000000786349320  x3=0x0000000000000000
 x4=0x00000000000130a8  x5=0x0000000000000000  x6=0x0000000000000000  x7=0x0000000000000000
 x8=0x00000001398014ec  x9=0x0000000000000000 x10=0x2010000030300000 x11=0x0000000000000007
x12=0x0000000000000004 x13=0x0000600003003790 x14=0x0000060000000000 x15=0x0000000116d39f98
x16=0x00000001c181d0fc x17=0x000060000351a1b0 x18=0x0000000000000000 x19=0x0000600003518770
x20=0x0000000138004e40 x21=0x0000000138005048 x22=0x0000000117009400 x23=0x0000000000000001
x24=0x0000000138005000 x25=0x00000001046eaca8 x26=0x0000000112920260 x27=0x0000000000000000
x28=0x0000000117009400  fp=0x00000002802067e0  lr=0x00000001042d8894  sp=0x00000002802067a0
pc=0x00000001398014f0 cpsr=0x0000000060001000
Top of Stack: (sp=0x00000002802067a0)
0x00000002802067a0:   0000000112920260 0000000000000001
0x00000002802067b0:   00000002802069a8 0000000000000000
0x00000002802067c0:   00000001170cae90 0000000138005030
0x00000002802067d0:   0000000138005030 0000600003518770
0x00000002802067e0:   0000000280206820 00000001042d9aa0
0x00000002802067f0:   0000000000000001 0000000138005030
0x0000000280206800:   00000001170cae90 0000000138005030
0x0000000280206810:   0000000000000001 00000001170cac00
0x0000000280206820:   0000000280206860 00000001040007ec
0x0000000280206830:   00000002802069a8 0000600001c18eb0
0x0000000280206840:   0000600001c18ea0 000000020b8e2be0
0x0000000280206850:   0000000000000000 0000600001c18ea0
0x0000000280206860:   0000000280206890 0000000116cfeb08
0x0000000280206870:   022b535b4d1000ed 0000000000000000
0x0000000280206880:   0000000000000000 0000600000b1e980
0x0000000280206890:   00000002802068d0 00000001c27ea618
0x00000002802068a0:   00000002802069a8 0000600001c18eb0
0x00000002802068b0:   0000600001c18ea0 022b535b4d1000ed
0x00000002802068c0:   0000000000000000 0000000000000000
0x00000002802068d0:   0000000280206910 eb710001c27b698c
0x00000002802068e0:   00000002802069a8 00000001398087c0
0x00000002802068f0:   0000000000000000 00000001046f2760
0x0000000280206900:   0000000280206920 0000000139807730
0x0000000280206910:   0000000280206980 5b690001398098ac
0x0000000280206920:   0000000000000000 000000078668d770
0x0000000280206930:   0000000280206930 0000000000000000
0x0000000280206940:   00000002802069a8 0000000112920260
0x0000000280206950:   000000078682c270 0000000000000000
0x0000000280206960:   0000000000000000 00000001128ff740
0x0000000280206970:   0000000000000000 0000000280206980
0x0000000280206980:   0000000280206a00 0000000139805fc8
0x0000000280206990:   0000000000000000 0000000000000000 

Instructions: (pc=0x00000001398014f0)
0x00000001398013f0:   f2a08d69 f2c00029 6d425935 1e640886
0x0000000139801400:   0c402d31 1e6408c7 1f5654d0 1e6c1017
0x0000000139801410:   1f5050d0 1f504cd0 1f5048d0 1e650af6
0x0000000139801420:   1f50d8f6 1f5694d6 1f5158f6 1e762880
0x0000000139801430:   36000501 1e614000 14000026 2e251ca5
0x0000000139801440:   d28e3009 f2a08d69 f2c00029 6d425d36
0x0000000139801450:   1e600806 0c402d32 1f5758c7 1e6c101a
0x0000000139801460:   1f4754c7 1e650805 1f4750c7 d2866668
0x0000000139801470:   f2a7fa68 1f474cc7 1e6608c0 1f4748c7
0x0000000139801480:   1e6e1019 eb08007f 540000ac 1f479400
0x0000000139801490:   1f460340 1e603b20 1400000e d2a7fd29
0x00000001398014a0:   eb09007f 540000ac 51480069 d3607d29
0x00000001398014b0:   9e670121 14000002 1e6a5001 1f679417
0x00000001398014c0:   1f668742 1e613b23 1e773857 1e773860
0x00000001398014d0:   a8c17ff3 910003bf a8c17bfd d65f03c0
0x00000001398014e0:   b9400001 aa0103e0 d65f03c0 f9400001
0x00000001398014f0:   aa0103e0 d65f03c0 00000000 00000000
0x0000000139801500:   00000000 00000000 00000000 00000000
0x0000000139801510:   00000000 00000000 00000000 00000000
0x0000000139801520:   00000000 00000000 00000000 00000000
0x0000000139801530:   00000000 00000000 00000000 00000000
0x0000000139801540:   00000000 00000000 00000000 00000000
0x0000000139801550:   00000000 00000000 00000000 00000000
0x0000000139801560:   00000000 00000000 00000000 00000000
0x0000000139801570:   00000000 00000000 00000000 00000000
0x0000000139801580:   00000000 00000000 00000000 00000000
0x0000000139801590:   00000000 00000000 00000000 00000000
0x00000001398015a0:   00000000 00000000 00000000 00000000
0x00000001398015b0:   00000000 00000000 00000000 00000000
0x00000001398015c0:   00000000 00000000 00000000 00000000
0x00000001398015d0:   00000000 00000000 00000000 00000000
0x00000001398015e0:   00000000 00000000 00000000 00000000 


Stack slot to memory mapping:
stack at sp + 0 slots: 0x0000000112920260 is pointing into metadata
stack at sp + 1 slots: 0x0000000000000001 is an unknown value
stack at sp + 2 slots: 0x00000002802069a8 is pointing into the stack for thread: 0x0000000117009400
stack at sp + 3 slots: 0x0 is NULL
stack at sp + 4 slots: 0x00000001170cae90 points into unknown readable memory: 0x00000001046a7370 | 70 73 6a 04 01 00 00 00
stack at sp + 5 slots: 0x0000000138005030 is a global jni handle
stack at sp + 6 slots: 0x0000000138005030 is a global jni handle
stack at sp + 7 slots: 0x0000600003518770 points into unknown readable memory: 0x0000600001c152f0 | f0 52 c1 01 00 60 00 00

StubRoutines::SafeFetchN [0x00000001398014ec, 0x00000001398014f8] (12 bytes)
[MachCode]
  0x00000001398014ec: 0100 40f9 | e003 01aa | c003 5fd6 
[/MachCode]

---------------  P R O C E S S  ---------------

Threads class SMR info:
_java_thread_list=0x0000600001ed84e0, length=20, elements={
0x0000000117008e00, 0x000000011707ea00, 0x0000000117081200, 0x000000013900f800,
0x000000011707f000, 0x000000011707f600, 0x000000011707fc00, 0x0000000117080200,
0x0000000117080800, 0x000000013780bc00, 0x0000000137828e00, 0x000000013780e200,
0x0000000139013a00, 0x0000000117009400, 0x00000001170cac00, 0x0000000139161c00,
0x00000001378bf800, 0x0000000137338200, 0x000000013738d800, 0x00000001371f1a00
}

Java Threads: ( => current thread )
  0x0000000117008e00 JavaThread "main" [_thread_blocked, id=10243, stack(0x000000016d580000,0x000000016d783000)]
  0x000000011707ea00 JavaThread "Reference Handler" daemon [_thread_blocked, id=15363, stack(0x000000016e3d4000,0x000000016e5d7000)]
  0x0000000117081200 JavaThread "Finalizer" daemon [_thread_blocked, id=16387, stack(0x000000016e5e0000,0x000000016e7e3000)]
  0x000000013900f800 JavaThread "Signal Dispatcher" daemon [_thread_blocked, id=42243, stack(0x000000016e904000,0x000000016eb07000)]
  0x000000011707f000 JavaThread "Service Thread" daemon [_thread_blocked, id=22787, stack(0x000000016eb10000,0x000000016ed13000)]
  0x000000011707f600 JavaThread "Monitor Deflation Thread" daemon [_thread_blocked, id=23043, stack(0x000000016ed1c000,0x000000016ef1f000)]
  0x000000011707fc00 JavaThread "C2 CompilerThread0" daemon [_thread_blocked, id=23299, stack(0x000000016ef28000,0x000000016f12b000)]
  0x0000000117080200 JavaThread "C1 CompilerThread0" daemon [_thread_blocked, id=23811, stack(0x000000016f134000,0x000000016f337000)]
  0x0000000117080800 JavaThread "Sweeper thread" daemon [_thread_blocked, id=24067, stack(0x000000016f340000,0x000000016f543000)]
  0x000000013780bc00 JavaThread "Common-Cleaner" daemon [_thread_blocked, id=40963, stack(0x000000016f54c000,0x000000016f74f000)]
  0x0000000137828e00 JavaThread "Monitor Ctrl-Break" daemon [_thread_in_native, id=24835, stack(0x000000016f758000,0x000000016f95b000)]
  0x000000013780e200 JavaThread "Notification Thread" daemon [_thread_blocked, id=25347, stack(0x000000016f964000,0x000000016fb67000)]
  0x0000000139013a00 JavaThread "QuantumRenderer-0" daemon [_thread_blocked, id=25603, stack(0x000000016fd7c000,0x000000016ff7f000)]
=>0x0000000117009400 JavaThread "InvokeLaterDispatcher" daemon [_thread_in_native, id=29963, stack(0x0000000280004000,0x0000000280207000)]
  0x00000001170cac00 JavaThread "JavaFX Application Thread" [_thread_in_vm, id=259, stack(0x000000016ccf8000,0x000000016d4f4000)]
  0x0000000139161c00 JavaThread "PulseTimer-CVDisplayLink thread" daemon [_thread_in_native, id=51971, stack(0x0000000280210000,0x0000000280293000)]
  0x00000001378bf800 JavaThread "JavaFX-Launcher" [_thread_blocked, id=55555, stack(0x0000000280534000,0x0000000280737000)]
  0x0000000137338200 JavaThread "Prism Font Disposer" daemon [_thread_blocked, id=71687, stack(0x000000028117c000,0x000000028137f000)]
  0x000000013738d800 JavaThread "Cleaner-0" daemon [_thread_blocked, id=59911, stack(0x0000000281414000,0x0000000281617000)]
  0x00000001371f1a00 JavaThread "Attach Listener" daemon [_thread_blocked, id=68879, stack(0x0000000281620000,0x0000000281823000)]

Other Threads:
  0x0000000116e18d70 VMThread "VM Thread" [stack: 0x000000016e1c8000,0x000000016e3cb000] [id=15107]
  0x0000000138104cd0 WatcherThread "VM Periodic Task Thread" [stack: 0x000000016fb70000,0x000000016fd73000] [id=40451]
  0x0000000116e06550 WorkerThread "GC Thread#0" [stack: 0x000000016d78c000,0x000000016d98f000] [id=19715]
  0x0000000136f402c0 WorkerThread "GC Thread#1" [stack: 0x0000000280740000,0x0000000280943000] [id=56067]
  0x0000000138105e90 WorkerThread "GC Thread#2" [stack: 0x000000028094c000,0x0000000280b4f000] [id=76035]
  0x0000000116e3cde0 WorkerThread "GC Thread#3" [stack: 0x0000000280b58000,0x0000000280d5b000] [id=75523]
  0x0000000116e3d280 WorkerThread "GC Thread#4" [stack: 0x0000000280d64000,0x0000000280f67000] [id=75011]
  0x0000000116e3d6f0 WorkerThread "GC Thread#5" [stack: 0x0000000280f70000,0x0000000281173000] [id=56323]
  0x0000000116e06bf0 ConcurrentGCThread "G1 Main Marker" [stack: 0x000000016d998000,0x000000016db9b000] [id=12291]
  0x0000000116e07460 WorkerThread "G1 Conc#0" [stack: 0x000000016dba4000,0x000000016dda7000] [id=12803]
  0x0000000116e142c0 ConcurrentGCThread "G1 Refine#0" [stack: 0x000000016ddb0000,0x000000016dfb3000] [id=13315]
  0x0000000116e14b40 ConcurrentGCThread "G1 Service" [stack: 0x000000016dfbc000,0x000000016e1bf000] [id=18179]

Threads with active compile tasks:

VM state: not at safepoint (normal execution)

VM Mutex/Monitor currently owned by a thread: None

Heap address: 0x0000000780000000, size: 2048 MB, Compressed Oops mode: Zero based, Oop shift amount: 3

CDS archive(s) mapped at: [0x0000000800000000-0x0000000800ba8000-0x0000000800ba8000), size 12222464, SharedBaseAddress: 0x0000000800000000, ArchiveRelocationMode: 0.
Compressed class space mapped at: 0x0000000800c00000-0x0000000840c00000, reserved size: 1073741824
Narrow klass base: 0x0000000800000000, Narrow klass shift: 0, Narrow klass range: 0x100000000

GC Precious Log:
 CardTable entry size: 512
 Card Set container configuration: InlinePtr #cards 5 size 8 Array Of Cards #cards 12 size 40 Howl #buckets 4 coarsen threshold 1843 Howl Bitmap #cards 512 size 80 coarsen threshold 460 Card regions per heap region 1 cards per card region 2048
 CPUs: 8 total, 8 available
 Memory: 8192M
 Large Page Support: Disabled
 NUMA Support: Disabled
 Compressed Oops: Enabled (Zero based)
 Heap Region Size: 1M
 Heap Min Capacity: 8M
 Heap Initial Capacity: 128M
 Heap Max Capacity: 2G
 Pre-touch: Disabled
 Parallel Workers: 8
 Concurrent Workers: 2
 Concurrent Refinement Workers: 8
 Periodic GC: Disabled

Heap:
 garbage-first heap   total 133120K, used 36047K [0x0000000780000000, 0x0000000800000000)
  region size 1024K, 34 young (34816K), 3 survivors (3072K)
 Metaspace       used 14958K, committed 15168K, reserved 1114112K
  class space    used 2143K, committed 2240K, reserved 1048576K

Heap Regions: E=young(eden), S=young(survivor), O=old, HS=humongous(starts), HC=humongous(continues), CS=collection set, F=free, OA=open archive, CA=closed archive, TAMS=top-at-mark-start (previous, next)
|   0|0x0000000780000000, 0x000000078004bc00, 0x0000000780100000| 29%| O|  |TAMS 0x0000000780000000, 0x0000000780000000| Untracked 
|   1|0x0000000780100000, 0x0000000780200000, 0x0000000780200000|100%|HS|  |TAMS 0x0000000780100000, 0x0000000780100000| Complete 
|   2|0x0000000780200000, 0x0000000780300000, 0x0000000780300000|100%|HC|  |TAMS 0x0000000780200000, 0x0000000780200000| Complete 
|   3|0x0000000780300000, 0x0000000780300000, 0x0000000780400000|  0%| F|  |TAMS 0x0000000780300000, 0x0000000780300000| Untracked 
|   4|0x0000000780400000, 0x0000000780400000, 0x0000000780500000|  0%| F|  |TAMS 0x0000000780400000, 0x0000000780400000| Untracked 
|   5|0x0000000780500000, 0x0000000780500000, 0x0000000780600000|  0%| F|  |TAMS 0x0000000780500000, 0x0000000780500000| Untracked 
|   6|0x0000000780600000, 0x0000000780600000, 0x0000000780700000|  0%| F|  |TAMS 0x0000000780600000, 0x0000000780600000| Untracked 
|   7|0x0000000780700000, 0x0000000780700000, 0x0000000780800000|  0%| F|  |TAMS 0x0000000780700000, 0x0000000780700000| Untracked 
|   8|0x0000000780800000, 0x0000000780800000, 0x0000000780900000|  0%| F|  |TAMS 0x0000000780800000, 0x0000000780800000| Untracked 
|   9|0x0000000780900000, 0x0000000780900000, 0x0000000780a00000|  0%| F|  |TAMS 0x0000000780900000, 0x0000000780900000| Untracked 
|  10|0x0000000780a00000, 0x0000000780a00000, 0x0000000780b00000|  0%| F|  |TAMS 0x0000000780a00000, 0x0000000780a00000| Untracked 
|  11|0x0000000780b00000, 0x0000000780b00000, 0x0000000780c00000|  0%| F|  |TAMS 0x0000000780b00000, 0x0000000780b00000| Untracked 
|  12|0x0000000780c00000, 0x0000000780c00000, 0x0000000780d00000|  0%| F|  |TAMS 0x0000000780c00000, 0x0000000780c00000| Untracked 
|  13|0x0000000780d00000, 0x0000000780d00000, 0x0000000780e00000|  0%| F|  |TAMS 0x0000000780d00000, 0x0000000780d00000| Untracked 
|  14|0x0000000780e00000, 0x0000000780e00000, 0x0000000780f00000|  0%| F|  |TAMS 0x0000000780e00000, 0x0000000780e00000| Untracked 
|  15|0x0000000780f00000, 0x0000000780f00000, 0x0000000781000000|  0%| F|  |TAMS 0x0000000780f00000, 0x0000000780f00000| Untracked 
|  16|0x0000000781000000, 0x0000000781000000, 0x0000000781100000|  0%| F|  |TAMS 0x0000000781000000, 0x0000000781000000| Untracked 
|  17|0x0000000781100000, 0x0000000781100000, 0x0000000781200000|  0%| F|  |TAMS 0x0000000781100000, 0x0000000781100000| Untracked 
|  18|0x0000000781200000, 0x0000000781200000, 0x0000000781300000|  0%| F|  |TAMS 0x0000000781200000, 0x0000000781200000| Untracked 
|  19|0x0000000781300000, 0x0000000781300000, 0x0000000781400000|  0%| F|  |TAMS 0x0000000781300000, 0x0000000781300000| Untracked 
|  20|0x0000000781400000, 0x0000000781400000, 0x0000000781500000|  0%| F|  |TAMS 0x0000000781400000, 0x0000000781400000| Untracked 
|  21|0x0000000781500000, 0x0000000781500000, 0x0000000781600000|  0%| F|  |TAMS 0x0000000781500000, 0x0000000781500000| Untracked 
|  22|0x0000000781600000, 0x0000000781600000, 0x0000000781700000|  0%| F|  |TAMS 0x0000000781600000, 0x0000000781600000| Untracked 
|  23|0x0000000781700000, 0x0000000781700000, 0x0000000781800000|  0%| F|  |TAMS 0x0000000781700000, 0x0000000781700000| Untracked 
|  24|0x0000000781800000, 0x0000000781800000, 0x0000000781900000|  0%| F|  |TAMS 0x0000000781800000, 0x0000000781800000| Untracked 
|  25|0x0000000781900000, 0x0000000781900000, 0x0000000781a00000|  0%| F|  |TAMS 0x0000000781900000, 0x0000000781900000| Untracked 
|  26|0x0000000781a00000, 0x0000000781a00000, 0x0000000781b00000|  0%| F|  |TAMS 0x0000000781a00000, 0x0000000781a00000| Untracked 
|  27|0x0000000781b00000, 0x0000000781b00000, 0x0000000781c00000|  0%| F|  |TAMS 0x0000000781b00000, 0x0000000781b00000| Untracked 
|  28|0x0000000781c00000, 0x0000000781c00000, 0x0000000781d00000|  0%| F|  |TAMS 0x0000000781c00000, 0x0000000781c00000| Untracked 
|  29|0x0000000781d00000, 0x0000000781d00000, 0x0000000781e00000|  0%| F|  |TAMS 0x0000000781d00000, 0x0000000781d00000| Untracked 
|  30|0x0000000781e00000, 0x0000000781e00000, 0x0000000781f00000|  0%| F|  |TAMS 0x0000000781e00000, 0x0000000781e00000| Untracked 
|  31|0x0000000781f00000, 0x0000000781f00000, 0x0000000782000000|  0%| F|  |TAMS 0x0000000781f00000, 0x0000000781f00000| Untracked 
|  32|0x0000000782000000, 0x0000000782000000, 0x0000000782100000|  0%| F|  |TAMS 0x0000000782000000, 0x0000000782000000| Untracked 
|  33|0x0000000782100000, 0x0000000782100000, 0x0000000782200000|  0%| F|  |TAMS 0x0000000782100000, 0x0000000782100000| Untracked 
|  34|0x0000000782200000, 0x0000000782200000, 0x0000000782300000|  0%| F|  |TAMS 0x0000000782200000, 0x0000000782200000| Untracked 
|  35|0x0000000782300000, 0x0000000782300000, 0x0000000782400000|  0%| F|  |TAMS 0x0000000782300000, 0x0000000782300000| Untracked 
|  36|0x0000000782400000, 0x0000000782400000, 0x0000000782500000|  0%| F|  |TAMS 0x0000000782400000, 0x0000000782400000| Untracked 
|  37|0x0000000782500000, 0x0000000782500000, 0x0000000782600000|  0%| F|  |TAMS 0x0000000782500000, 0x0000000782500000| Untracked 
|  38|0x0000000782600000, 0x0000000782600000, 0x0000000782700000|  0%| F|  |TAMS 0x0000000782600000, 0x0000000782600000| Untracked 
|  39|0x0000000782700000, 0x0000000782700000, 0x0000000782800000|  0%| F|  |TAMS 0x0000000782700000, 0x0000000782700000| Untracked 
|  40|0x0000000782800000, 0x0000000782800000, 0x0000000782900000|  0%| F|  |TAMS 0x0000000782800000, 0x0000000782800000| Untracked 
|  41|0x0000000782900000, 0x0000000782900000, 0x0000000782a00000|  0%| F|  |TAMS 0x0000000782900000, 0x0000000782900000| Untracked 
|  42|0x0000000782a00000, 0x0000000782a00000, 0x0000000782b00000|  0%| F|  |TAMS 0x0000000782a00000, 0x0000000782a00000| Untracked 
|  43|0x0000000782b00000, 0x0000000782b00000, 0x0000000782c00000|  0%| F|  |TAMS 0x0000000782b00000, 0x0000000782b00000| Untracked 
|  44|0x0000000782c00000, 0x0000000782c00000, 0x0000000782d00000|  0%| F|  |TAMS 0x0000000782c00000, 0x0000000782c00000| Untracked 
|  45|0x0000000782d00000, 0x0000000782d00000, 0x0000000782e00000|  0%| F|  |TAMS 0x0000000782d00000, 0x0000000782d00000| Untracked 
|  46|0x0000000782e00000, 0x0000000782e00000, 0x0000000782f00000|  0%| F|  |TAMS 0x0000000782e00000, 0x0000000782e00000| Untracked 
|  47|0x0000000782f00000, 0x0000000782f00000, 0x0000000783000000|  0%| F|  |TAMS 0x0000000782f00000, 0x0000000782f00000| Untracked 
|  48|0x0000000783000000, 0x0000000783000000, 0x0000000783100000|  0%| F|  |TAMS 0x0000000783000000, 0x0000000783000000| Untracked 
|  49|0x0000000783100000, 0x0000000783100000, 0x0000000783200000|  0%| F|  |TAMS 0x0000000783100000, 0x0000000783100000| Untracked 
|  50|0x0000000783200000, 0x0000000783200000, 0x0000000783300000|  0%| F|  |TAMS 0x0000000783200000, 0x0000000783200000| Untracked 
|  51|0x0000000783300000, 0x0000000783300000, 0x0000000783400000|  0%| F|  |TAMS 0x0000000783300000, 0x0000000783300000| Untracked 
|  52|0x0000000783400000, 0x0000000783400000, 0x0000000783500000|  0%| F|  |TAMS 0x0000000783400000, 0x0000000783400000| Untracked 
|  53|0x0000000783500000, 0x0000000783500000, 0x0000000783600000|  0%| F|  |TAMS 0x0000000783500000, 0x0000000783500000| Untracked 
|  54|0x0000000783600000, 0x0000000783600000, 0x0000000783700000|  0%| F|  |TAMS 0x0000000783600000, 0x0000000783600000| Untracked 
|  55|0x0000000783700000, 0x0000000783700000, 0x0000000783800000|  0%| F|  |TAMS 0x0000000783700000, 0x0000000783700000| Untracked 
|  56|0x0000000783800000, 0x0000000783800000, 0x0000000783900000|  0%| F|  |TAMS 0x0000000783800000, 0x0000000783800000| Untracked 
|  57|0x0000000783900000, 0x0000000783900000, 0x0000000783a00000|  0%| F|  |TAMS 0x0000000783900000, 0x0000000783900000| Untracked 
|  58|0x0000000783a00000, 0x0000000783a00000, 0x0000000783b00000|  0%| F|  |TAMS 0x0000000783a00000, 0x0000000783a00000| Untracked 
|  59|0x0000000783b00000, 0x0000000783b00000, 0x0000000783c00000|  0%| F|  |TAMS 0x0000000783b00000, 0x0000000783b00000| Untracked 
|  60|0x0000000783c00000, 0x0000000783c00000, 0x0000000783d00000|  0%| F|  |TAMS 0x0000000783c00000, 0x0000000783c00000| Untracked 
|  61|0x0000000783d00000, 0x0000000783d00000, 0x0000000783e00000|  0%| F|  |TAMS 0x0000000783d00000, 0x0000000783d00000| Untracked 
|  62|0x0000000783e00000, 0x0000000783e00000, 0x0000000783f00000|  0%| F|  |TAMS 0x0000000783e00000, 0x0000000783e00000| Untracked 
|  63|0x0000000783f00000, 0x0000000783f00000, 0x0000000784000000|  0%| F|  |TAMS 0x0000000783f00000, 0x0000000783f00000| Untracked 
|  64|0x0000000784000000, 0x0000000784000000, 0x0000000784100000|  0%| F|  |TAMS 0x0000000784000000, 0x0000000784000000| Untracked 
|  65|0x0000000784100000, 0x0000000784100000, 0x0000000784200000|  0%| F|  |TAMS 0x0000000784100000, 0x0000000784100000| Untracked 
|  66|0x0000000784200000, 0x0000000784200000, 0x0000000784300000|  0%| F|  |TAMS 0x0000000784200000, 0x0000000784200000| Untracked 
|  67|0x0000000784300000, 0x0000000784300000, 0x0000000784400000|  0%| F|  |TAMS 0x0000000784300000, 0x0000000784300000| Untracked 
|  68|0x0000000784400000, 0x0000000784400000, 0x0000000784500000|  0%| F|  |TAMS 0x0000000784400000, 0x0000000784400000| Untracked 
|  69|0x0000000784500000, 0x0000000784500000, 0x0000000784600000|  0%| F|  |TAMS 0x0000000784500000, 0x0000000784500000| Untracked 
|  70|0x0000000784600000, 0x0000000784600000, 0x0000000784700000|  0%| F|  |TAMS 0x0000000784600000, 0x0000000784600000| Untracked 
|  71|0x0000000784700000, 0x0000000784700000, 0x0000000784800000|  0%| F|  |TAMS 0x0000000784700000, 0x0000000784700000| Untracked 
|  72|0x0000000784800000, 0x0000000784800000, 0x0000000784900000|  0%| F|  |TAMS 0x0000000784800000, 0x0000000784800000| Untracked 
|  73|0x0000000784900000, 0x0000000784900000, 0x0000000784a00000|  0%| F|  |TAMS 0x0000000784900000, 0x0000000784900000| Untracked 
|  74|0x0000000784a00000, 0x0000000784a00000, 0x0000000784b00000|  0%| F|  |TAMS 0x0000000784a00000, 0x0000000784a00000| Untracked 
|  75|0x0000000784b00000, 0x0000000784b00000, 0x0000000784c00000|  0%| F|  |TAMS 0x0000000784b00000, 0x0000000784b00000| Untracked 
|  76|0x0000000784c00000, 0x0000000784c00000, 0x0000000784d00000|  0%| F|  |TAMS 0x0000000784c00000, 0x0000000784c00000| Untracked 
|  77|0x0000000784d00000, 0x0000000784d00000, 0x0000000784e00000|  0%| F|  |TAMS 0x0000000784d00000, 0x0000000784d00000| Untracked 
|  78|0x0000000784e00000, 0x0000000784e00000, 0x0000000784f00000|  0%| F|  |TAMS 0x0000000784e00000, 0x0000000784e00000| Untracked 
|  79|0x0000000784f00000, 0x0000000784f00000, 0x0000000785000000|  0%| F|  |TAMS 0x0000000784f00000, 0x0000000784f00000| Untracked 
|  80|0x0000000785000000, 0x0000000785000000, 0x0000000785100000|  0%| F|  |TAMS 0x0000000785000000, 0x0000000785000000| Untracked 
|  81|0x0000000785100000, 0x0000000785100000, 0x0000000785200000|  0%| F|  |TAMS 0x0000000785100000, 0x0000000785100000| Untracked 
|  82|0x0000000785200000, 0x0000000785200000, 0x0000000785300000|  0%| F|  |TAMS 0x0000000785200000, 0x0000000785200000| Untracked 
|  83|0x0000000785300000, 0x0000000785300000, 0x0000000785400000|  0%| F|  |TAMS 0x0000000785300000, 0x0000000785300000| Untracked 
|  84|0x0000000785400000, 0x0000000785400000, 0x0000000785500000|  0%| F|  |TAMS 0x0000000785400000, 0x0000000785400000| Untracked 
|  85|0x0000000785500000, 0x0000000785500000, 0x0000000785600000|  0%| F|  |TAMS 0x0000000785500000, 0x0000000785500000| Untracked 
|  86|0x0000000785600000, 0x0000000785600000, 0x0000000785700000|  0%| F|  |TAMS 0x0000000785600000, 0x0000000785600000| Untracked 
|  87|0x0000000785700000, 0x0000000785700000, 0x0000000785800000|  0%| F|  |TAMS 0x0000000785700000, 0x0000000785700000| Untracked 
|  88|0x0000000785800000, 0x0000000785800000, 0x0000000785900000|  0%| F|  |TAMS 0x0000000785800000, 0x0000000785800000| Untracked 
|  89|0x0000000785900000, 0x0000000785900000, 0x0000000785a00000|  0%| F|  |TAMS 0x0000000785900000, 0x0000000785900000| Untracked 
|  90|0x0000000785a00000, 0x0000000785a00000, 0x0000000785b00000|  0%| F|  |TAMS 0x0000000785a00000, 0x0000000785a00000| Untracked 
|  91|0x0000000785b00000, 0x0000000785b00000, 0x0000000785c00000|  0%| F|  |TAMS 0x0000000785b00000, 0x0000000785b00000| Untracked 
|  92|0x0000000785c00000, 0x0000000785c00000, 0x0000000785d00000|  0%| F|  |TAMS 0x0000000785c00000, 0x0000000785c00000| Untracked 
|  93|0x0000000785d00000, 0x0000000785d00000, 0x0000000785e00000|  0%| F|  |TAMS 0x0000000785d00000, 0x0000000785d00000| Untracked 
|  94|0x0000000785e00000, 0x0000000785eea6c8, 0x0000000785f00000| 91%| E|  |TAMS 0x0000000785e00000, 0x0000000785e00000| Complete 
|  95|0x0000000785f00000, 0x0000000786000000, 0x0000000786000000|100%| E|CS|TAMS 0x0000000785f00000, 0x0000000785f00000| Complete 
|  96|0x0000000786000000, 0x0000000786100000, 0x0000000786100000|100%| E|CS|TAMS 0x0000000786000000, 0x0000000786000000| Complete 
|  97|0x0000000786100000, 0x0000000786200000, 0x0000000786200000|100%| E|CS|TAMS 0x0000000786100000, 0x0000000786100000| Complete 
|  98|0x0000000786200000, 0x0000000786300000, 0x0000000786300000|100%| E|CS|TAMS 0x0000000786200000, 0x0000000786200000| Complete 
|  99|0x0000000786300000, 0x0000000786400000, 0x0000000786400000|100%| E|CS|TAMS 0x0000000786300000, 0x0000000786300000| Complete 
| 100|0x0000000786400000, 0x0000000786500000, 0x0000000786500000|100%| E|CS|TAMS 0x0000000786400000, 0x0000000786400000| Complete 
| 101|0x0000000786500000, 0x0000000786600000, 0x0000000786600000|100%| E|CS|TAMS 0x0000000786500000, 0x0000000786500000| Complete 
| 102|0x0000000786600000, 0x0000000786700000, 0x0000000786700000|100%| S|CS|TAMS 0x0000000786600000, 0x0000000786600000| Complete 
| 103|0x0000000786700000, 0x0000000786800000, 0x0000000786800000|100%| S|CS|TAMS 0x0000000786700000, 0x0000000786700000| Complete 
| 104|0x0000000786800000, 0x0000000786900000, 0x0000000786900000|100%| S|CS|TAMS 0x0000000786800000, 0x0000000786800000| Complete 
| 105|0x0000000786900000, 0x0000000786a00000, 0x0000000786a00000|100%| E|CS|TAMS 0x0000000786900000, 0x0000000786900000| Complete 
| 106|0x0000000786a00000, 0x0000000786b00000, 0x0000000786b00000|100%| E|CS|TAMS 0x0000000786a00000, 0x0000000786a00000| Complete 
| 107|0x0000000786b00000, 0x0000000786c00000, 0x0000000786c00000|100%| E|CS|TAMS 0x0000000786b00000, 0x0000000786b00000| Complete 
| 108|0x0000000786c00000, 0x0000000786d00000, 0x0000000786d00000|100%| E|CS|TAMS 0x0000000786c00000, 0x0000000786c00000| Complete 
| 109|0x0000000786d00000, 0x0000000786e00000, 0x0000000786e00000|100%| E|CS|TAMS 0x0000000786d00000, 0x0000000786d00000| Complete 
| 110|0x0000000786e00000, 0x0000000786f00000, 0x0000000786f00000|100%| E|CS|TAMS 0x0000000786e00000, 0x0000000786e00000| Complete 
| 111|0x0000000786f00000, 0x0000000787000000, 0x0000000787000000|100%| E|CS|TAMS 0x0000000786f00000, 0x0000000786f00000| Complete 
| 112|0x0000000787000000, 0x0000000787100000, 0x0000000787100000|100%| E|CS|TAMS 0x0000000787000000, 0x0000000787000000| Complete 
| 113|0x0000000787100000, 0x0000000787200000, 0x0000000787200000|100%| E|CS|TAMS 0x0000000787100000, 0x0000000787100000| Complete 
| 114|0x0000000787200000, 0x0000000787300000, 0x0000000787300000|100%| E|CS|TAMS 0x0000000787200000, 0x0000000787200000| Complete 
| 115|0x0000000787300000, 0x0000000787400000, 0x0000000787400000|100%| E|CS|TAMS 0x0000000787300000, 0x0000000787300000| Complete 
| 116|0x0000000787400000, 0x0000000787500000, 0x0000000787500000|100%| E|CS|TAMS 0x0000000787400000, 0x0000000787400000| Complete 
| 117|0x0000000787500000, 0x0000000787600000, 0x0000000787600000|100%| E|CS|TAMS 0x0000000787500000, 0x0000000787500000| Complete 
| 118|0x0000000787600000, 0x0000000787700000, 0x0000000787700000|100%| E|CS|TAMS 0x0000000787600000, 0x0000000787600000| Complete 
| 119|0x0000000787700000, 0x0000000787800000, 0x0000000787800000|100%| E|CS|TAMS 0x0000000787700000, 0x0000000787700000| Complete 
| 120|0x0000000787800000, 0x0000000787900000, 0x0000000787900000|100%| E|CS|TAMS 0x0000000787800000, 0x0000000787800000| Complete 
| 121|0x0000000787900000, 0x0000000787a00000, 0x0000000787a00000|100%| E|CS|TAMS 0x0000000787900000, 0x0000000787900000| Complete 
| 122|0x0000000787a00000, 0x0000000787b00000, 0x0000000787b00000|100%| E|  |TAMS 0x0000000787a00000, 0x0000000787a00000| Complete 
| 123|0x0000000787b00000, 0x0000000787c00000, 0x0000000787c00000|100%| E|CS|TAMS 0x0000000787b00000, 0x0000000787b00000| Complete 
| 124|0x0000000787c00000, 0x0000000787d00000, 0x0000000787d00000|100%| E|CS|TAMS 0x0000000787c00000, 0x0000000787c00000| Complete 
| 125|0x0000000787d00000, 0x0000000787e00000, 0x0000000787e00000|100%| E|CS|TAMS 0x0000000787d00000, 0x0000000787d00000| Complete 
| 126|0x0000000787e00000, 0x0000000787f00000, 0x0000000787f00000|100%| E|CS|TAMS 0x0000000787e00000, 0x0000000787e00000| Complete 
| 127|0x0000000787f00000, 0x0000000788000000, 0x0000000788000000|100%| E|CS|TAMS 0x0000000787f00000, 0x0000000787f00000| Complete 
|2046|0x00000007ffe00000, 0x00000007ffe74000, 0x00000007fff00000| 45%|OA|  |TAMS 0x00000007ffe00000, 0x00000007ffe00000| Untracked 
|2047|0x00000007fff00000, 0x00000007fff74000, 0x0000000800000000| 45%|CA|  |TAMS 0x00000007fff00000, 0x00000007fff00000| Untracked 

Card table byte_map: [0x0000000103224000,0x0000000103624000] _byte_map_base: 0x00000000ff624000

Marking Bits (Prev, Next): (CMBitMap*) 0x000000011702e010, (CMBitMap*) 0x000000011702e050
 Prev Bits: [0x000000010c354000, 0x000000010e354000)
 Next Bits: [0x000000010e354000, 0x0000000110354000)

Polling page: 0x0000000102990000

Metaspace:

Usage:
  Non-class:     12.51 MB used.
      Class:      2.09 MB used.
       Both:     14.61 MB used.

Virtual space:
  Non-class space:       64.00 MB reserved,      12.62 MB ( 20%) committed,  1 nodes.
      Class space:        1.00 GB reserved,       2.19 MB ( <1%) committed,  1 nodes.
             Both:        1.06 GB reserved,      14.81 MB (  1%) committed. 

Chunk freelists:
   Non-Class:  2.58 MB
       Class:  1.75 MB
        Both:  4.33 MB

MaxMetaspaceSize: unlimited
CompressedClassSpaceSize: 1.00 GB
Initial GC threshold: 21.00 MB
Current GC threshold: 21.00 MB
CDS: on
MetaspaceReclaimPolicy: balanced
 - commit_granule_bytes: 65536.
 - commit_granule_words: 8192.
 - virtual_space_node_default_size: 8388608.
 - enlarge_chunks_in_place: 1.
 - new_chunks_are_fully_committed: 0.
 - uncommit_free_chunks: 1.
 - use_allocation_guard: 0.


Internal statistics:

num_allocs_failed_limit: 0.
num_arena_births: 302.
num_arena_deaths: 0.
num_vsnodes_births: 2.
num_vsnodes_deaths: 0.
num_space_committed: 237.
num_space_uncommitted: 0.
num_chunks_returned_to_freelist: 0.
num_chunks_taken_from_freelist: 745.
num_chunk_merges: 0.
num_chunk_splits: 520.
num_chunks_enlarged: 409.
num_inconsistent_stats: 0.

CodeHeap 'non-profiled nmethods': size=120032Kb used=683Kb max_used=683Kb free=119348Kb
 bounds [0x00000001412c8000, 0x0000000141538000, 0x0000000148800000]
CodeHeap 'profiled nmethods': size=120016Kb used=3628Kb max_used=3628Kb free=116387Kb
 bounds [0x0000000139d94000, 0x000000013a124000, 0x00000001412c8000]
CodeHeap 'non-nmethods': size=5712Kb used=1392Kb max_used=1420Kb free=4319Kb
 bounds [0x0000000139800000, 0x0000000139a70000, 0x0000000139d94000]
 total_blobs=2619 nmethods=1852 adapters=683
 compilation: enabled
              stopped_count=0, restarted_count=0
 full_count=0

Compilation events (20 events):
Event: 3.594 Thread 0x0000000117080200 1911       3       javafx.scene.Node::updateLocalToParentTransform (442 bytes)
Event: 3.600 Thread 0x0000000117080200 nmethod 1911 0x000000013a10a390 code [0x000000013a10b040, 0x000000013a111da8]
Event: 3.601 Thread 0x0000000117080200 1912       3       com.sun.glass.ui.Application::GetApplication (4 bytes)
Event: 3.602 Thread 0x0000000117080200 nmethod 1912 0x000000013a113c10 code [0x000000013a113dc0, 0x000000013a113ee8]
Event: 3.754 Thread 0x0000000117080200 1913       3       javafx.scene.Node::updateBounds (174 bytes)
Event: 3.756 Thread 0x0000000117080200 nmethod 1913 0x000000013a113f90 code [0x000000013a114440, 0x000000013a1160f8]
Event: 3.756 Thread 0x0000000117080200 1914       1       com.sun.prism.impl.BaseGraphics::isDepthBuffer (5 bytes)
Event: 3.756 Thread 0x0000000117080200 nmethod 1914 0x0000000141371810 code [0x0000000141371980, 0x0000000141371a68]
Event: 3.756 Thread 0x0000000117080200 1915       3       java.nio.ByteBuffer::array (35 bytes)
Event: 3.756 Thread 0x0000000117080200 nmethod 1915 0x000000013a116810 code [0x000000013a116a00, 0x000000013a116d08]
Event: 3.756 Thread 0x0000000117080200 1916       3       com.sun.javafx.geom.Path2D::needRoom (94 bytes)
Event: 3.757 Thread 0x0000000117080200 nmethod 1916 0x000000013a116e90 code [0x000000013a117080, 0x000000013a117638]
Event: 3.757 Thread 0x0000000117080200 1917       3       com.sun.javafx.geom.transform.AffineBase::isTranslateOrIdentity (22 bytes)
Event: 3.758 Thread 0x0000000117080200 nmethod 1917 0x000000013a117810 code [0x000000013a117a00, 0x000000013a117f08]
Event: 4.005 Thread 0x0000000117080200 1918       3       com.sun.javafx.tk.Toolkit$$Lambda$421/0x0000000800e1b988::run (8 bytes)
Event: 4.005 Thread 0x0000000117080200 nmethod 1918 0x000000013a118010 code [0x000000013a1181c0, 0x000000013a118458]
Event: 4.005 Thread 0x0000000117080200 1919       3       com.sun.javafx.tk.Toolkit::lambda$runPulse$2 (8 bytes)
Event: 4.005 Thread 0x0000000117080200 nmethod 1919 0x000000013a118590 code [0x000000013a118740, 0x000000013a118918]
Event: 4.255 Thread 0x000000011707fc00 1920       4       java.util.WeakHashMap::hash (28 bytes)
Event: 4.255 Thread 0x0000000117080200 1921  s!   3       com.sun.javafx.tk.Toolkit::getToolkit (244 bytes)

GC Heap History (2 events):
Event: 0.415 GC heap before
{Heap before GC invocations=0 (full 0):
 garbage-first heap   total 133120K, used 23456K [0x0000000780000000, 0x0000000800000000)
  region size 1024K, 23 young (23552K), 0 survivors (0K)
 Metaspace       used 7231K, committed 7360K, reserved 1114112K
  class space    used 900K, committed 960K, reserved 1048576K
}
Event: 0.418 GC heap after
{Heap after GC invocations=1 (full 0):
 garbage-first heap   total 133120K, used 4303K [0x0000000780000000, 0x0000000800000000)
  region size 1024K, 3 young (3072K), 3 survivors (3072K)
 Metaspace       used 7231K, committed 7360K, reserved 1114112K
  class space    used 900K, committed 960K, reserved 1048576K
}

Deoptimization events (20 events):
Event: 0.601 Thread 0x00000001170cac00 DEOPT PACKING pc=0x00000001412e7698 sp=0x000000016d4edb60
Event: 0.601 Thread 0x00000001170cac00 DEOPT UNPACKING pc=0x000000013983ed1c sp=0x000000016d4edb00 mode 2
Event: 0.685 Thread 0x00000001170cac00 Uncommon trap: trap_request=0xffffff45 fr.pc=0x0000000141326df4 relative=0x00000000000001b4
Event: 0.685 Thread 0x00000001170cac00 Uncommon trap: reason=unstable_if action=reinterpret pc=0x0000000141326df4 method=java.io.ByteArrayInputStream.read()I @ 8 c2
Event: 0.685 Thread 0x00000001170cac00 DEOPT PACKING pc=0x0000000141326df4 sp=0x000000016d4ec960
Event: 0.685 Thread 0x00000001170cac00 DEOPT UNPACKING pc=0x000000013983ed1c sp=0x000000016d4ec8e0 mode 2
Event: 0.796 Thread 0x0000000139013a00 DEOPT PACKING pc=0x0000000139f315cc sp=0x000000016ff7b500
Event: 0.796 Thread 0x0000000139013a00 DEOPT UNPACKING pc=0x000000013983eb7c sp=0x000000016ff7b260 mode 3
Event: 0.816 Thread 0x0000000139013a00 DEOPT PACKING pc=0x000000013a0caac8 sp=0x000000016ff7d1c0
Event: 0.816 Thread 0x0000000139013a00 DEOPT UNPACKING pc=0x000000013983eb7c sp=0x000000016ff7ce20 mode 0
Event: 0.821 Thread 0x0000000139013a00 DEOPT PACKING pc=0x000000013a0caac8 sp=0x000000016ff7d1c0
Event: 0.821 Thread 0x0000000139013a00 DEOPT UNPACKING pc=0x000000013983eb7c sp=0x000000016ff7ce20 mode 0
Event: 0.829 Thread 0x0000000139013a00 DEOPT PACKING pc=0x000000013a0caac8 sp=0x000000016ff7d1c0
Event: 0.829 Thread 0x0000000139013a00 DEOPT UNPACKING pc=0x000000013983eb7c sp=0x000000016ff7ce20 mode 0
Event: 1.173 Thread 0x00000001371f1a00 Uncommon trap: trap_request=0xffffff45 fr.pc=0x00000001412d5b44 relative=0x0000000000000104
Event: 1.173 Thread 0x00000001371f1a00 Uncommon trap: reason=unstable_if action=reinterpret pc=0x00000001412d5b44 method=java.lang.StringLatin1.lastIndexOf([BI[BII)I @ 86 c2
Event: 1.173 Thread 0x00000001371f1a00 DEOPT PACKING pc=0x00000001412d5b44 sp=0x0000000281821710
Event: 1.173 Thread 0x00000001371f1a00 DEOPT UNPACKING pc=0x000000013983ed1c sp=0x0000000281821670 mode 2
Event: 1.180 Thread 0x00000001371f1a00 DEOPT PACKING pc=0x000000013a0adf58 sp=0x0000000281821860
Event: 1.180 Thread 0x00000001371f1a00 DEOPT UNPACKING pc=0x000000013983eb7c sp=0x00000002818215b0 mode 3

Classes loaded (20 events):
Event: 1.171 Loading class sun/util/resources/OpenListResourceBundle
Event: 1.171 Loading class sun/util/resources/OpenListResourceBundle done
Event: 1.171 Loading class sun/util/resources/TimeZoneNamesBundle done
Event: 1.171 Loading class sun/util/resources/cldr/TimeZoneNames done
Event: 1.171 Loading class sun/util/resources/cldr/TimeZoneNames_en
Event: 1.172 Loading class sun/util/resources/cldr/TimeZoneNames_en done
Event: 1.173 Loading class sun/util/resources/cldr/TimeZoneNames_en_US
Event: 1.173 Loading class sun/util/resources/cldr/TimeZoneNames_en_US done
Event: 1.175 Loading class sun/util/cldr/CLDRBaseLocaleDataMetaInfo$TZCanonicalIDMapHolder
Event: 1.175 Loading class sun/util/cldr/CLDRBaseLocaleDataMetaInfo$TZCanonicalIDMapHolder done
Event: 1.177 Loading class sun/util/resources/TimeZoneNames
Event: 1.177 Loading class sun/util/resources/TimeZoneNames done
Event: 1.177 Loading class sun/util/resources/TimeZoneNames_en
Event: 1.177 Loading class sun/util/resources/TimeZoneNames_en done
Event: 3.555 Loading class java/util/EnumMap$Values
Event: 3.555 Loading class java/util/EnumMap$Values done
Event: 3.555 Loading class java/util/EnumMap$ValueIterator
Event: 3.555 Loading class java/util/EnumMap$EnumMapIterator
Event: 3.555 Loading class java/util/EnumMap$EnumMapIterator done
Event: 3.555 Loading class java/util/EnumMap$ValueIterator done

Classes unloaded (0 events):
No events

Classes redefined (0 events):
No events

Internal exceptions (20 events):
Event: 0.484 Thread 0x00000001170cac00 Exception <a 'java/lang/NoSuchMethodError'{0x00000007877add98}: 'void java.lang.invoke.DirectMethodHandle$Holder.invokeStaticInit(java.lang.Object, java.lang.Object)'> (0x00000007877add98) 
thrown [open/src/hotspot/share/interpreter/linkResolver.cpp, line 766]
Event: 0.488 Thread 0x00000001170cac00 Exception <a 'sun/nio/fs/UnixException'{0x00000007876589f0}> (0x00000007876589f0) 
thrown [open/src/hotspot/share/prims/jni.cpp, line 516]
Event: 0.545 Thread 0x00000001170cac00 Exception <a 'java/io/FileNotFoundException'{0x0000000787524d80}> (0x0000000787524d80) 
thrown [open/src/hotspot/share/prims/jni.cpp, line 516]
Event: 0.545 Thread 0x00000001170cac00 Exception <a 'java/io/FileNotFoundException'{0x0000000787525910}> (0x0000000787525910) 
thrown [open/src/hotspot/share/prims/jni.cpp, line 516]
Event: 0.561 Thread 0x00000001170cac00 Implicit null exception at 0x0000000141327b94 to 0x0000000141327de0
Event: 0.565 Thread 0x00000001170cac00 Implicit null exception at 0x0000000141326394 to 0x00000001413265a4
Event: 0.565 Thread 0x00000001170cac00 Implicit null exception at 0x00000001412eba54 to 0x00000001412ebac0
Event: 0.607 Thread 0x00000001170cac00 Exception <a 'java/lang/NoSuchMethodError'{0x0000000786e6ca68}: 'java.lang.Object java.lang.invoke.DirectMethodHandle$Holder.invokeInterface(java.lang.Object, java.lang.Object, java.lang.Object)'> (0x0000000786e6ca68) 
thrown [open/src/hotspot/share/interpreter/linkResolver.cpp, line 766]
Event: 0.607 Thread 0x00000001170cac00 Exception <a 'java/lang/IncompatibleClassChangeError'{0x0000000786e703e8}: Found class java.lang.Object, but interface was expected> (0x0000000786e703e8) 
thrown [open/src/hotspot/share/interpreter/linkResolver.cpp, line 833]
Event: 0.622 Thread 0x00000001170cac00 Exception <a 'java/lang/ClassNotFoundException'{0x0000000786c7a760}: com/sun/javafx/scene/control/skin/resources/controls> (0x0000000786c7a760) 
thrown [open/src/hotspot/share/prims/jni.cpp, line 535]
Event: 0.622 Thread 0x00000001170cac00 Exception <a 'java/lang/ClassNotFoundException'{0x0000000786c88700}: com/sun/javafx/scene/control/skin/resources/controls_en> (0x0000000786c88700) 
thrown [open/src/hotspot/share/prims/jni.cpp, line 535]
Event: 0.622 Thread 0x00000001170cac00 Exception <a 'java/lang/ClassNotFoundException'{0x0000000786c89698}: com/sun/javafx/scene/control/skin/resources/controls_en_RO> (0x0000000786c89698) 
thrown [open/src/hotspot/share/prims/jni.cpp, line 535]
Event: 0.634 Thread 0x00000001170cac00 Exception <a 'java/lang/NoSuchMethodError'{0x0000000786a44c80}: 'void java.lang.invoke.DirectMethodHandle$Holder.invokeSpecial(java.lang.Object, java.lang.Object, java.lang.Object, java.lang.Object, java.lang.Object, java.lang.Object)'> (0x0000000786a44c80) 
thrown [open/src/hotspot/share/interpreter/linkResolver.cpp, line 766]
Event: 0.687 Thread 0x00000001170cac00 Exception <a 'java/lang/NoSuchMethodError'{0x00000007864ce3b8}: 'int java.lang.invoke.DirectMethodHandle$Holder.invokeSpecial(java.lang.Object, java.lang.Object, int)'> (0x00000007864ce3b8) 
thrown [open/src/hotspot/share/interpreter/linkResolver.cpp, line 766]
Event: 0.709 Thread 0x00000001170cac00 Exception <a 'java/lang/NoSuchMethodError'{0x000000078630ee80}: 'java.lang.Object java.lang.invoke.DirectMethodHandle$Holder.newInvokeSpecial(java.lang.Object, java.lang.Object, int)'> (0x000000078630ee80) 
thrown [open/src/hotspot/share/interpreter/linkResolver.cpp, line 766]
Event: 0.748 Thread 0x0000000139013a00 Exception <a 'java/lang/NoSuchMethodError'{0x000000078625a350}: 'int java.lang.invoke.DirectMethodHandle$Holder.invokeStaticInit(java.lang.Object, java.lang.Object)'> (0x000000078625a350) 
thrown [open/src/hotspot/share/interpreter/linkResolver.cpp, line 766]
Event: 0.755 Thread 0x00000001170cac00 Exception <a 'java/lang/NoSuchMethodError'{0x00000007863d6540}: 'long java.lang.invoke.DirectMethodHandle$Holder.invokeStatic(java.lang.Object, java.lang.Object, java.lang.Object)'> (0x00000007863d6540) 
thrown [open/src/hotspot/share/interpreter/linkResolver.cpp, line 766]
Event: 0.755 Thread 0x00000001170cac00 Exception <a 'java/lang/NoSuchMethodError'{0x00000007863d9ce0}: 'long java.lang.invoke.DirectMethodHandle$Holder.invokeStaticInit(java.lang.Object, java.lang.Object, java.lang.Object)'> (0x00000007863d9ce0) 
thrown [open/src/hotspot/share/interpreter/linkResolver.cpp, line 766]
Event: 0.756 Thread 0x00000001170cac00 Exception <a 'java/lang/NoSuchMethodError'{0x00000007863f2420}: 'java.lang.Object java.lang.invoke.DirectMethodHandle$Holder.newInvokeSpecial(java.lang.Object, java.lang.Object, long)'> (0x00000007863f2420) 
thrown [open/src/hotspot/share/interpreter/linkResolver.cpp, line 766]
Event: 0.756 Thread 0x00000001170cac00 Exception <a 'java/lang/NoSuchMethodError'{0x00000007862b3ba8}: 'java.lang.Object java.lang.invoke.Invokers$Holder.linkToTargetMethod(java.lang.Object, long, java.lang.Object)'> (0x00000007862b3ba8) 
thrown [open/src/hotspot/share/interpreter/linkResolver.cpp, line 766]

VM Operations (20 events):
Event: 0.096 Executing VM operation: HandshakeAllThreads
Event: 0.096 Executing VM operation: HandshakeAllThreads done
Event: 0.099 Executing VM operation: ICBufferFull
Event: 0.099 Executing VM operation: ICBufferFull done
Event: 0.415 Executing VM operation: G1CollectForAllocation
Event: 0.418 Executing VM operation: G1CollectForAllocation done
Event: 0.428 Executing VM operation: HandshakeAllThreads
Event: 0.428 Executing VM operation: HandshakeAllThreads done
Event: 0.463 Executing VM operation: HandshakeAllThreads
Event: 0.463 Executing VM operation: HandshakeAllThreads done
Event: 0.483 Executing VM operation: ICBufferFull
Event: 0.483 Executing VM operation: ICBufferFull done
Event: 0.650 Executing VM operation: ICBufferFull
Event: 0.650 Executing VM operation: ICBufferFull done
Event: 2.066 Executing VM operation: Cleanup
Event: 2.067 Executing VM operation: Cleanup done
Event: 3.072 Executing VM operation: Cleanup
Event: 3.072 Executing VM operation: Cleanup done
Event: 4.077 Executing VM operation: Cleanup
Event: 4.077 Executing VM operation: Cleanup done

Events (20 events):
Event: 0.219 Protecting memory [0x0000000280004000,0x0000000280010000] with protection modes 0
Event: 0.219 Protecting memory [0x000000016ccf8000,0x000000016cd04000] with protection modes 0
Event: 0.219 Thread 0x00000001170cac00 Thread added: 0x00000001170cac00
Event: 0.276 Thread 0x0000000117150600 Thread added: 0x0000000117150600
Event: 0.277 Protecting memory [0x0000000280210000,0x000000028021c000] with protection modes 0
Event: 0.327 Protecting memory [0x0000000280210000,0x000000028021c000] with protection modes 3
Event: 0.327 Thread 0x0000000117150600 Thread exited: 0x0000000117150600
Event: 0.354 Protecting memory [0x0000000280210000,0x000000028021c000] with protection modes 0
Event: 0.354 Thread 0x0000000139161c00 Thread added: 0x0000000139161c00
Event: 0.359 Thread 0x00000001378bf800 Thread added: 0x00000001378bf800
Event: 0.359 Protecting memory [0x0000000280534000,0x0000000280540000] with protection modes 0
Event: 0.368 Loaded shared library /Users/gabriel-claudiuprivantu/Library/Java/JavaVirtualMachines/openjdk-18.0.1/Contents/Home/lib/libjimage.dylib
Event: 0.458 Loading shared library /Users/gabriel-claudiuprivantu/.m2/repository/org/openjfx/javafx-graphics/17.0.1/libjavafx_font.dylib failed, dlopen(/Users/gabriel-claudiuprivantu/.m2/repository/org/openjfx/javafx-graphics/17.0.1/libjavafx_font.dylib, 0x0001): tri
Event: 0.459 Loaded shared library /Users/gabriel-claudiuprivantu/.openjfx/cache/17.0.1/libjavafx_font.dylib
Event: 0.605 Thread 0x0000000137338200 Thread added: 0x0000000137338200
Event: 0.605 Protecting memory [0x000000028117c000,0x0000000281188000] with protection modes 0
Event: 0.793 Thread 0x000000013738d800 Thread added: 0x000000013738d800
Event: 0.793 Protecting memory [0x0000000281414000,0x0000000281420000] with protection modes 0
Event: 1.062 Thread 0x00000001371f1a00 Thread added: 0x00000001371f1a00
Event: 1.062 Protecting memory [0x0000000281620000,0x000000028162c000] with protection modes 0


Dynamic libraries:
0x0000000102940000 	/Users/gabriel-claudiuprivantu/Library/Java/JavaVirtualMachines/openjdk-18.0.1/Contents/Home/lib/libjli.dylib
0x00000001cc2b0000 	/usr/lib/libz.1.dylib
0x00000001cc367000 	/usr/lib/libSystem.B.dylib
0x00000001cc361000 	/usr/lib/system/libcache.dylib
0x00000001cc31f000 	/usr/lib/system/libcommonCrypto.dylib
0x00000001cc348000 	/usr/lib/system/libcompiler_rt.dylib
0x00000001cc33f000 	/usr/lib/system/libcopyfile.dylib
0x00000001c15a7000 	/usr/lib/system/libcorecrypto.dylib
0x00000001c165a000 	/usr/lib/system/libdispatch.dylib
0x00000001c1828000 	/usr/lib/system/libdyld.dylib
0x00000001cc357000 	/usr/lib/system/libkeymgr.dylib
0x00000001cc2fa000 	/usr/lib/system/libmacho.dylib
0x00000001cb9ef000 	/usr/lib/system/libquarantine.dylib
0x00000001cc354000 	/usr/lib/system/libremovefile.dylib
0x00000001c6990000 	/usr/lib/system/libsystem_asl.dylib
0x00000001c1549000 	/usr/lib/system/libsystem_blocks.dylib
0x00000001c16e2000 	/usr/lib/system/libsystem_c.dylib
0x00000001cc34c000 	/usr/lib/system/libsystem_collections.dylib
0x00000001cae7d000 	/usr/lib/system/libsystem_configuration.dylib
0x00000001ca0d9000 	/usr/lib/system/libsystem_containermanager.dylib
0x00000001cc05c000 	/usr/lib/system/libsystem_coreservices.dylib
0x00000001c3f50000 	/usr/lib/system/libsystem_darwin.dylib
0x00000001cc358000 	/usr/lib/system/libsystem_dnssd.dylib
0x00000001c16df000 	/usr/lib/system/libsystem_featureflags.dylib
0x00000001c183d000 	/usr/lib/system/libsystem_info.dylib
0x00000001cc2c2000 	/usr/lib/system/libsystem_m.dylib
0x00000001c162f000 	/usr/lib/system/libsystem_malloc.dylib
0x00000001c691f000 	/usr/lib/system/libsystem_networkextension.dylib
0x00000001c43a9000 	/usr/lib/system/libsystem_notify.dylib
0x00000001d26a5000 	/usr/lib/system/libsystem_product_info_filter.dylib
0x00000001cae82000 	/usr/lib/system/libsystem_sandbox.dylib
0x00000001cc351000 	/usr/lib/system/libsystem_secinit.dylib
0x00000001c17e3000 	/usr/lib/system/libsystem_kernel.dylib
0x00000001c1835000 	/usr/lib/system/libsystem_platform.dylib
0x00000001c181b000 	/usr/lib/system/libsystem_pthread.dylib
0x00000001c80e8000 	/usr/lib/system/libsystem_symptoms.dylib
0x00000001c158d000 	/usr/lib/system/libsystem_trace.dylib
0x00000001cc32c000 	/usr/lib/system/libunwind.dylib
0x00000001c154b000 	/usr/lib/system/libxpc.dylib
0x00000001c17cb000 	/usr/lib/libc++abi.dylib
0x00000001c16a1000 	/usr/lib/libobjc.A.dylib
0x00000001cc337000 	/usr/lib/liboah.dylib
0x00000001c1764000 	/usr/lib/libc++.1.dylib
0x00000001d81be000 	/System/Library/Frameworks/Cocoa.framework/Versions/A/Cocoa
0x00000001c440a000 	/System/Library/Frameworks/AppKit.framework/Versions/C/AppKit
0x00000001c7910000 	/System/Library/Frameworks/CoreData.framework/Versions/A/CoreData
0x00000001c2765000 	/System/Library/Frameworks/Foundation.framework/Versions/C/Foundation
0x00000001c52c2000 	/System/Library/PrivateFrameworks/UIFoundation.framework/Versions/A/UIFoundation
0x00000001d239f000 	/System/Library/PrivateFrameworks/RemoteViewServices.framework/Versions/A/RemoteViewServices
0x00000001ca825000 	/System/Library/PrivateFrameworks/XCTTargetBootstrap.framework/Versions/A/XCTTargetBootstrap
0x00000001ce0a3000 	/System/Library/PrivateFrameworks/InternationalSupport.framework/Versions/A/InternationalSupport
0x00000001ce12c000 	/System/Library/PrivateFrameworks/UserActivity.framework/Versions/A/UserActivity
0x00000001cd59e000 	/usr/lib/libspindump.dylib
0x00000001c5533000 	/System/Library/Frameworks/UniformTypeIdentifiers.framework/Versions/A/UniformTypeIdentifiers
0x00000001c8d70000 	/usr/lib/libapp_launch_measurement.dylib
0x00000001c829a000 	/System/Library/PrivateFrameworks/CoreAnalytics.framework/Versions/A/CoreAnalytics
0x00000001c8d73000 	/System/Library/PrivateFrameworks/CoreAutoLayout.framework/Versions/A/CoreAutoLayout
0x00000001ca116000 	/System/Library/Frameworks/Metal.framework/Versions/A/Metal
0x00000001cae8d000 	/usr/lib/liblangid.dylib
0x00000001ca82a000 	/System/Library/PrivateFrameworks/CoreSVG.framework/Versions/A/CoreSVG
0x00000001c69c4000 	/System/Library/PrivateFrameworks/SkyLight.framework/Versions/A/SkyLight
0x00000001c6d99000 	/System/Library/Frameworks/CoreGraphics.framework/Versions/A/CoreGraphics
0x00000001d2a6b000 	/System/Library/Frameworks/Accelerate.framework/Versions/A/Accelerate
0x00000001cd015000 	/System/Library/PrivateFrameworks/IconServices.framework/Versions/A/IconServices
0x00000001ca0f8000 	/System/Library/Frameworks/IOSurface.framework/Versions/A/IOSurface
0x00000001c82cb000 	/usr/lib/libDiagnosticMessagesClient.dylib
0x00000001d5f6c000 	/System/Library/Frameworks/ApplicationServices.framework/Versions/A/ApplicationServices
0x00000001ca80d000 	/System/Library/PrivateFrameworks/DFRFoundation.framework/Versions/A/DFRFoundation
0x00000001c3c9a000 	/usr/lib/libicucore.A.dylib
0x00000001cef4f000 	/System/Library/Frameworks/AudioToolbox.framework/Versions/A/AudioToolbox
0x00000001ce0af000 	/System/Library/PrivateFrameworks/DataDetectorsCore.framework/Versions/A/DataDetectorsCore
0x00000001e49ef000 	/System/Library/PrivateFrameworks/TextInput.framework/Versions/A/TextInput
0x00000001c6939000 	/usr/lib/libMobileGestalt.dylib
0x00000001ca4d9000 	/System/Library/Frameworks/Carbon.framework/Versions/A/Frameworks/HIToolbox.framework/Versions/A/HIToolbox
0x00000001c874c000 	/System/Library/Frameworks/QuartzCore.framework/Versions/A/QuartzCore
0x00000001c391d000 	/System/Library/Frameworks/Security.framework/Versions/A/Security
0x00000001d23df000 	/System/Library/Frameworks/Carbon.framework/Versions/A/Frameworks/SpeechRecognition.framework/Versions/A/SpeechRecognition
0x00000001c8ac6000 	/System/Library/PrivateFrameworks/CoreUI.framework/Versions/A/CoreUI
0x00000001c31fa000 	/System/Library/Frameworks/CoreAudio.framework/Versions/A/CoreAudio
0x00000001c83c0000 	/System/Library/Frameworks/DiskArbitration.framework/Versions/A/DiskArbitration
0x00000001cd9a8000 	/System/Library/PrivateFrameworks/MultitouchSupport.framework/Versions/A/MultitouchSupport
0x00000001c6937000 	/usr/lib/libenergytrace.dylib
0x00000001c42d2000 	/System/Library/Frameworks/IOKit.framework/Versions/A/IOKit
0x00000001d27ce000 	/System/Library/Frameworks/CoreServices.framework/Versions/A/CoreServices
0x00000001c8d00000 	/System/Library/PrivateFrameworks/PerformanceAnalysis.framework/Versions/A/PerformanceAnalysis
0x0000000222cd7000 	/System/Library/Frameworks/OpenGL.framework/Versions/A/OpenGL
0x00000001cb907000 	/System/Library/PrivateFrameworks/MobileKeyBag.framework/Versions/A/MobileKeyBag
0x00000001c73a6000 	/System/Library/Frameworks/ColorSync.framework/Versions/A/ColorSync
0x00000001c186a000 	/System/Library/Frameworks/CoreFoundation.framework/Versions/A/CoreFoundation
0x00000001caaa9000 	/System/Library/Frameworks/CoreImage.framework/Versions/A/CoreImage
0x00000001c301e000 	/System/Library/Frameworks/CoreText.framework/Versions/A/CoreText
0x00000001ca85a000 	/System/Library/Frameworks/ImageIO.framework/Versions/A/ImageIO
0x00000001cc36d000 	/System/Library/PrivateFrameworks/SoftLinking.framework/Versions/A/SoftLinking
0x00000001c8dbe000 	/usr/lib/libxml2.2.dylib
0x00000001cc606000 	/usr/lib/libcompression.dylib
0x00000001cdfff000 	/System/Library/PrivateFrameworks/TextureIO.framework/Versions/A/TextureIO
0x00000001ccd2e000 	/usr/lib/libate.dylib
0x00000001ccbf3000 	/usr/lib/liblzma.5.dylib
0x00000001c2459000 	/System/Library/Frameworks/SystemConfiguration.framework/Versions/A/SystemConfiguration
0x00000001cc369000 	/usr/lib/libfakelink.dylib
0x00000001c646b000 	/System/Library/Frameworks/CFNetwork.framework/Versions/A/CFNetwork
0x00000001cc4af000 	/usr/lib/libarchive.2.dylib
0x00000001cae89000 	/System/Library/PrivateFrameworks/AppleSystemInfo.framework/Versions/A/AppleSystemInfo
0x00000001cba1a000 	/usr/lib/libbsm.0.dylib
0x00000001c59dc000 	/usr/lib/libnetwork.dylib
0x00000001cc303000 	/usr/lib/system/libkxld.dylib
0x00000001cb62d000 	/System/Library/PrivateFrameworks/IOMobileFramebuffer.framework/Versions/A/IOMobileFramebuffer
0x0000000240603000 	/usr/lib/libCoreEntitlements.dylib
0x00000001cc03e000 	/System/Library/PrivateFrameworks/AppleFSCompression.framework/Versions/A/AppleFSCompression
0x00000001cba02000 	/usr/lib/libcoretls.dylib
0x00000001ccc0c000 	/usr/lib/libcoretls_cfhelpers.dylib
0x00000001cc601000 	/usr/lib/libpam.2.dylib
0x00000001c7cff000 	/usr/lib/libsqlite3.dylib
0x00000001ccc75000 	/usr/lib/libxar.1.dylib
0x00000001cc04f000 	/usr/lib/libbz2.1.0.dylib
0x00000001cc36e000 	/usr/lib/libpcap.A.dylib
0x00000001c80df000 	/usr/lib/libdns_services.dylib
0x00000001cc5d4000 	/usr/lib/libapple_nghttp2.dylib
0x00000001cc3ab000 	/usr/lib/libiconv.2.dylib
0x00000001cc2f9000 	/usr/lib/libcharset.1.dylib
0x00000001c8d3c000 	/System/Library/Frameworks/CoreServices.framework/Versions/A/Frameworks/FSEvents.framework/Versions/A/FSEvents
0x00000001c3f5b000 	/System/Library/Frameworks/CoreServices.framework/Versions/A/Frameworks/CarbonCore.framework/Versions/A/CarbonCore
0x00000001c8320000 	/System/Library/Frameworks/CoreServices.framework/Versions/A/Frameworks/Metadata.framework/Versions/A/Metadata
0x00000001cc062000 	/System/Library/Frameworks/CoreServices.framework/Versions/A/Frameworks/OSServices.framework/Versions/A/OSServices
0x00000001cc535000 	/System/Library/Frameworks/CoreServices.framework/Versions/A/Frameworks/SearchKit.framework/Versions/A/SearchKit
0x00000001c806e000 	/System/Library/Frameworks/CoreServices.framework/Versions/A/Frameworks/AE.framework/Versions/A/AE
0x00000001c1db0000 	/System/Library/Frameworks/CoreServices.framework/Versions/A/Frameworks/LaunchServices.framework/Versions/A/LaunchServices
0x00000001ccb9c000 	/System/Library/Frameworks/CoreServices.framework/Versions/A/Frameworks/DictionaryServices.framework/Versions/A/DictionaryServices
0x00000001c8d49000 	/System/Library/Frameworks/CoreServices.framework/Versions/A/Frameworks/SharedFileList.framework/Versions/A/SharedFileList
0x00000001cb9f2000 	/usr/lib/libCheckFix.dylib
0x00000001c69a8000 	/System/Library/PrivateFrameworks/TCC.framework/Versions/A/TCC
0x00000001cae8f000 	/System/Library/PrivateFrameworks/CoreNLP.framework/Versions/A/CoreNLP
0x00000001c82ce000 	/System/Library/PrivateFrameworks/MetadataUtilities.framework/Versions/A/MetadataUtilities
0x00000001c2512000 	/usr/lib/libmecabra.dylib
0x00000001cba2b000 	/usr/lib/libmecab.dylib
0x00000001c24de000 	/usr/lib/libCRFSuite.dylib
0x00000001cba88000 	/usr/lib/libgermantok.dylib
0x00000001cc5ad000 	/usr/lib/libThaiTokenizer.dylib
0x00000001c83c8000 	/System/Library/Frameworks/Accelerate.framework/Versions/A/Frameworks/vImage.framework/Versions/A/vImage
0x00000001d27a5000 	/System/Library/Frameworks/Accelerate.framework/Versions/A/Frameworks/vecLib.framework/Versions/A/vecLib
0x00000001cccba000 	/System/Library/Frameworks/Accelerate.framework/Versions/A/Frameworks/vecLib.framework/Versions/A/libvMisc.dylib
0x00000001cb534000 	/System/Library/Frameworks/Accelerate.framework/Versions/A/Frameworks/vecLib.framework/Versions/A/libvDSP.dylib
0x00000001c2139000 	/System/Library/Frameworks/Accelerate.framework/Versions/A/Frameworks/vecLib.framework/Versions/A/libBLAS.dylib
0x00000001cc6d7000 	/System/Library/Frameworks/Accelerate.framework/Versions/A/Frameworks/vecLib.framework/Versions/A/libLAPACK.dylib
0x00000001cba8b000 	/System/Library/Frameworks/Accelerate.framework/Versions/A/Frameworks/vecLib.framework/Versions/A/libLinearAlgebra.dylib
0x00000001cc5ec000 	/System/Library/Frameworks/Accelerate.framework/Versions/A/Frameworks/vecLib.framework/Versions/A/libSparseBLAS.dylib
0x00000001cc6d2000 	/System/Library/Frameworks/Accelerate.framework/Versions/A/Frameworks/vecLib.framework/Versions/A/libQuadrature.dylib
0x00000001caf88000 	/System/Library/Frameworks/Accelerate.framework/Versions/A/Frameworks/vecLib.framework/Versions/A/libBNNS.dylib
0x00000001c23f7000 	/System/Library/Frameworks/Accelerate.framework/Versions/A/Frameworks/vecLib.framework/Versions/A/libSparse.dylib
0x00000001caf80000 	/System/Library/PrivateFrameworks/LinguisticData.framework/Versions/A/LinguisticData
0x00000001c23af000 	/System/Library/PrivateFrameworks/Lexicon.framework/Versions/A/Lexicon
0x00000001cccb2000 	/usr/lib/libChineseTokenizer.dylib
0x00000001c2b56000 	/System/Library/PrivateFrameworks/LanguageModeling.framework/Versions/A/LanguageModeling
0x00000001cc5af000 	/System/Library/PrivateFrameworks/AppleSauce.framework/Versions/A/AppleSauce
0x00000001cb61a000 	/System/Library/PrivateFrameworks/CoreEmoji.framework/Versions/A/CoreEmoji
0x00000001cc49d000 	/usr/lib/libcmph.dylib
0x00000001c8d1c000 	/System/Library/Frameworks/OpenDirectory.framework/Versions/A/Frameworks/CFOpenDirectory.framework/Versions/A/CFOpenDirectory
0x00000001c8d0c000 	/System/Library/Frameworks/OpenDirectory.framework/Versions/A/OpenDirectory
0x00000001ccc0e000 	/System/Library/PrivateFrameworks/APFS.framework/Versions/A/APFS
0x00000001cb942000 	/System/Library/Frameworks/SecurityFoundation.framework/Versions/A/SecurityFoundation
0x00000001ccc84000 	/usr/lib/libutil.dylib
0x00000001c4294000 	/System/Library/PrivateFrameworks/CoreServicesStore.framework/Versions/A/CoreServicesStore
0x00000001ccc88000 	/usr/lib/libxslt.1.dylib
0x00000001cb9d6000 	/System/Library/PrivateFrameworks/BackgroundTaskManagement.framework/Versions/A/BackgroundTaskManagement
0x00000001cdf20000 	/System/Library/Frameworks/ImageIO.framework/Versions/A/Resources/libRadiance.dylib
0x00000001cdf29000 	/System/Library/Frameworks/ImageIO.framework/Versions/A/Resources/libJPEG.dylib
0x00000001cde7c000 	/System/Library/Frameworks/ImageIO.framework/Versions/A/Resources/libPng.dylib
0x00000001cde9e000 	/System/Library/Frameworks/ImageIO.framework/Versions/A/Resources/libTIFF.dylib
0x00000001cdf84000 	/System/Library/Frameworks/ImageIO.framework/Versions/A/Resources/libGIF.dylib
0x00000001cd8b8000 	/System/Library/Frameworks/ImageIO.framework/Versions/A/Resources/libJP2.dylib
0x00000001ccfda000 	/usr/lib/libexpat.1.dylib
0x00000001cd873000 	/System/Library/PrivateFrameworks/AppleJPEG.framework/Versions/A/AppleJPEG
0x00000001ca395000 	/System/Library/PrivateFrameworks/FontServices.framework/libFontParser.dylib
0x00000001c8013000 	/System/Library/PrivateFrameworks/RunningBoardServices.framework/Versions/A/RunningBoardServices
0x00000001d8891000 	/System/Library/PrivateFrameworks/IOSurfaceAccelerator.framework/Versions/A/IOSurfaceAccelerator
0x00000001cd9a4000 	/System/Library/PrivateFrameworks/WatchdogClient.framework/Versions/A/WatchdogClient
0x00000001c2c5a000 	/System/Library/Frameworks/CoreDisplay.framework/Versions/A/CoreDisplay
0x00000001ca27f000 	/System/Library/Frameworks/CoreMedia.framework/Versions/A/CoreMedia
0x00000001ca10c000 	/System/Library/PrivateFrameworks/IOAccelerator.framework/Versions/A/IOAccelerator
0x00000001c8eac000 	/System/Library/Frameworks/CoreVideo.framework/Versions/A/CoreVideo
0x00000001cc5ff000 	/System/Library/Frameworks/MetalPerformanceShaders.framework/Versions/A/MetalPerformanceShaders
0x00000001cd9e3000 	/System/Library/Frameworks/VideoToolbox.framework/Versions/A/VideoToolbox
0x00000001c7f57000 	/System/Library/PrivateFrameworks/BaseBoard.framework/Versions/A/BaseBoard
0x00000001c7ce5000 	/System/Library/PrivateFrameworks/ProtocolBuffer.framework/Versions/A/ProtocolBuffer
0x00000001cdf1b000 	/System/Library/PrivateFrameworks/GPUWrangler.framework/Versions/A/GPUWrangler
0x00000001cdefb000 	/System/Library/PrivateFrameworks/IOPresentment.framework/Versions/A/IOPresentment
0x00000001cdf23000 	/System/Library/PrivateFrameworks/DSExternalDisplay.framework/Versions/A/DSExternalDisplay
0x0000000222cca000 	/System/Library/Frameworks/OpenGL.framework/Versions/A/Libraries/libCoreFSCache.dylib
0x000000022d189000 	/System/Library/PrivateFrameworks/GPUCompiler.framework/Versions/31001/Libraries/libGPUCompilerUtils.dylib
0x00000001cdf89000 	/System/Library/PrivateFrameworks/CMCaptureCore.framework/Versions/A/CMCaptureCore
0x00000001cd58b000 	/System/Library/PrivateFrameworks/AppServerSupport.framework/Versions/A/AppServerSupport
0x00000001cf80c000 	/System/Library/PrivateFrameworks/perfdata.framework/Versions/A/perfdata
0x00000001c2d7a000 	/System/Library/PrivateFrameworks/AudioToolboxCore.framework/Versions/A/AudioToolboxCore
0x00000001ca258000 	/System/Library/PrivateFrameworks/caulk.framework/Versions/A/caulk
0x00000001cf101000 	/usr/lib/libAudioStatistics.dylib
0x00000001e1056000 	/System/Library/PrivateFrameworks/SystemPolicy.framework/Versions/A/SystemPolicy
0x00000001cf36d000 	/usr/lib/libSMC.dylib
0x00000001d80a0000 	/System/Library/Frameworks/CoreMIDI.framework/Versions/A/CoreMIDI
0x00000001cde4a000 	/usr/lib/libAudioToolboxUtility.dylib
0x00000001dd123000 	/System/Library/PrivateFrameworks/OSAServicesClient.framework/Versions/A/OSAServicesClient
0x00000001cf819000 	/usr/lib/libperfcheck.dylib
0x00000001e1b6e000 	/usr/lib/libmis.dylib
0x0000000222d2c000 	/System/Library/Frameworks/OpenGL.framework/Versions/A/Libraries/libGLU.dylib
0x0000000222ceb000 	/System/Library/Frameworks/OpenGL.framework/Versions/A/Libraries/libGFXShared.dylib
0x0000000222ed8000 	/System/Library/Frameworks/OpenGL.framework/Versions/A/Libraries/libGL.dylib
0x0000000222cf4000 	/System/Library/Frameworks/OpenGL.framework/Versions/A/Libraries/libGLImage.dylib
0x0000000222ce8000 	/System/Library/Frameworks/OpenGL.framework/Versions/A/Libraries/libCVMSPluginSupport.dylib
0x0000000222cd1000 	/System/Library/Frameworks/OpenGL.framework/Versions/A/Libraries/libCoreVMClient.dylib
0x00000001cae09000 	/System/Library/Frameworks/MetalPerformanceShaders.framework/Versions/A/Frameworks/MPSCore.framework/Versions/A/MPSCore
0x00000001cbfb1000 	/System/Library/Frameworks/MetalPerformanceShaders.framework/Versions/A/Frameworks/MPSImage.framework/Versions/A/MPSImage
0x00000001cbaa0000 	/System/Library/Frameworks/MetalPerformanceShaders.framework/Versions/A/Frameworks/MPSNeuralNetwork.framework/Versions/A/MPSNeuralNetwork
0x00000001cbed9000 	/System/Library/Frameworks/MetalPerformanceShaders.framework/Versions/A/Frameworks/MPSMatrix.framework/Versions/A/MPSMatrix
0x00000001cbcb2000 	/System/Library/Frameworks/MetalPerformanceShaders.framework/Versions/A/Frameworks/MPSRayIntersector.framework/Versions/A/MPSRayIntersector
0x00000001cbf0a000 	/System/Library/Frameworks/MetalPerformanceShaders.framework/Versions/A/Frameworks/MPSNDArray.framework/Versions/A/MPSNDArray
0x0000000224e43000 	/System/Library/Frameworks/MetalPerformanceShaders.framework/Versions/A/Frameworks/MPSFunctions.framework/Versions/A/MPSFunctions
0x00000001c2010000 	/System/Library/PrivateFrameworks/MetalTools.framework/Versions/A/MetalTools
0x00000001cae87000 	/System/Library/PrivateFrameworks/AggregateDictionary.framework/Versions/A/AggregateDictionary
0x00000001ccdbf000 	/usr/lib/libIOReport.dylib
0x00000001d70be000 	/System/Library/PrivateFrameworks/ASEProcessing.framework/Versions/A/ASEProcessing
0x00000001cd134000 	/System/Library/PrivateFrameworks/FaceCore.framework/Versions/A/FaceCore
0x00000001cd126000 	/System/Library/PrivateFrameworks/GraphVisualizer.framework/Versions/A/GraphVisualizer
0x000000022d0a0000 	/System/Library/PrivateFrameworks/FontServices.framework/Versions/A/FontServices
0x00000001cd547000 	/System/Library/PrivateFrameworks/OTSVG.framework/Versions/A/OTSVG
0x00000001c8a76000 	/System/Library/Frameworks/ApplicationServices.framework/Versions/A/Frameworks/ATS.framework/Versions/A/Resources/libFontRegistry.dylib
0x00000001cd594000 	/System/Library/PrivateFrameworks/FontServices.framework/libhvf.dylib
0x000000022d0a1000 	/System/Library/PrivateFrameworks/FontServices.framework/libXTFontStaticRegistryData.dylib
0x0000000223079000 	/System/Library/Frameworks/OpenCL.framework/Versions/A/OpenCL
0x00000001ccf8e000 	/System/Library/PrivateFrameworks/AppleVA.framework/Versions/A/AppleVA
0x00000001cf129000 	/System/Library/Frameworks/ApplicationServices.framework/Versions/A/Frameworks/ATS.framework/Versions/A/ATS
0x00000001c74a3000 	/System/Library/Frameworks/ApplicationServices.framework/Versions/A/Frameworks/HIServices.framework/Versions/A/HIServices
0x00000001cdf93000 	/System/Library/Frameworks/ApplicationServices.framework/Versions/A/Frameworks/PrintCore.framework/Versions/A/PrintCore
0x00000001cf4c0000 	/System/Library/Frameworks/ApplicationServices.framework/Versions/A/Frameworks/QD.framework/Versions/A/QD
0x00000001cf4b8000 	/System/Library/Frameworks/ApplicationServices.framework/Versions/A/Frameworks/ColorSyncLegacy.framework/Versions/A/ColorSyncLegacy
0x00000001cf115000 	/System/Library/Frameworks/ApplicationServices.framework/Versions/A/Frameworks/SpeechSynthesis.framework/Versions/A/SpeechSynthesis
0x00000001cdf54000 	/System/Library/Frameworks/ApplicationServices.framework/Versions/A/Frameworks/ATSUI.framework/Versions/A/ATSUI
0x00000001cf44d000 	/usr/lib/libcups.2.dylib
0x00000001cf827000 	/System/Library/Frameworks/Kerberos.framework/Versions/A/Kerberos
0x00000001cf838000 	/System/Library/Frameworks/GSS.framework/Versions/A/GSS
0x00000001cf199000 	/usr/lib/libresolv.9.dylib
0x00000001cd5a3000 	/System/Library/PrivateFrameworks/Heimdal.framework/Versions/A/Heimdal
0x00000001d62f3000 	/System/Library/Frameworks/Kerberos.framework/Versions/A/Libraries/libHeimdalProxy.dylib
0x00000001c80f1000 	/System/Library/Frameworks/Network.framework/Versions/A/Network
0x00000001ccff5000 	/usr/lib/libheimdal-asn1.dylib
0x00000001cf888000 	/System/Library/PrivateFrameworks/CommonAuth.framework/Versions/A/CommonAuth
0x00000001cf08f000 	/System/Library/PrivateFrameworks/AudioSession.framework/Versions/A/AudioSession
0x00000001cd087000 	/System/Library/PrivateFrameworks/MediaExperience.framework/Versions/A/MediaExperience
0x00000001cef15000 	/System/Library/PrivateFrameworks/AudioSession.framework/libSessionUtility.dylib
0x00000001cf4cc000 	/System/Library/PrivateFrameworks/AudioResourceArbitration.framework/Versions/A/AudioResourceArbitration
0x00000001d3682000 	/System/Library/PrivateFrameworks/PowerLog.framework/Versions/A/PowerLog
0x00000001ccfff000 	/System/Library/PrivateFrameworks/IconFoundation.framework/Versions/A/IconFoundation
0x00000001d23cb000 	/System/Library/PrivateFrameworks/SpeechRecognitionCore.framework/Versions/A/SpeechRecognitionCore
0x0000000103b0c000 	/Users/gabriel-claudiuprivantu/Library/Java/JavaVirtualMachines/openjdk-18.0.1/Contents/Home/lib/server/libjvm.dylib
0x00000001029a4000 	/Users/gabriel-claudiuprivantu/Library/Java/JavaVirtualMachines/openjdk-18.0.1/Contents/Home/lib/libjimage.dylib
0x00000001029d0000 	/Users/gabriel-claudiuprivantu/Library/Java/JavaVirtualMachines/openjdk-18.0.1/Contents/Home/lib/libinstrument.dylib
0x0000000102bd8000 	/Users/gabriel-claudiuprivantu/Library/Java/JavaVirtualMachines/openjdk-18.0.1/Contents/Home/lib/libjava.dylib
0x0000000103a8c000 	/Users/gabriel-claudiuprivantu/Library/Java/JavaVirtualMachines/openjdk-18.0.1/Contents/Home/lib/libnio.dylib
0x0000000103aac000 	/Users/gabriel-claudiuprivantu/Library/Java/JavaVirtualMachines/openjdk-18.0.1/Contents/Home/lib/libnet.dylib
0x0000000102bbc000 	/Users/gabriel-claudiuprivantu/Library/Java/JavaVirtualMachines/openjdk-18.0.1/Contents/Home/lib/libzip.dylib
0x0000000103acc000 	/Users/gabriel-claudiuprivantu/.openjfx/cache/17.0.1/libprism_es2.dylib
0x00000001c4257000 	/System/Library/PrivateFrameworks/CoreServicesInternal.framework/Versions/A/CoreServicesInternal
0x0000000222ee2000 	/System/Library/Frameworks/OpenGL.framework/Versions/A/Resources/GLEngine.bundle/GLEngine
0x0000000222d6a000 	/System/Library/Frameworks/OpenGL.framework/Versions/A/Libraries/libGLProgrammability.dylib
0x0000000116bf8000 	/System/Library/Extensions/AppleMetalOpenGLRenderer.bundle/Contents/MacOS/AppleMetalOpenGLRenderer
0x0000000223051000 	/System/Library/Frameworks/OpenGL.framework/Versions/A/Resources/GLRendererFloat.bundle/GLRendererFloat
0x0000000223151000 	/System/Library/Extensions/AGXMetal13_3.bundle/Contents/MacOS/AGXMetal13_3
0x00000001e1b8a000 	/System/Library/PrivateFrameworks/GPURawCounter.framework/Versions/A/GPURawCounter
0x00000001dc294000 	/System/Library/PrivateFrameworks/IOGPU.framework/Versions/A/IOGPU
0x0000000116cf4000 	/Users/gabriel-claudiuprivantu/.openjfx/cache/17.0.1/libglass.dylib
0x00000001d38da000 	/System/Library/Frameworks/FileProvider.framework/Versions/A/FileProvider
0x00000001c7ebf000 	/System/Library/Frameworks/Accounts.framework/Versions/A/Accounts
0x00000001d3a5e000 	/System/Library/PrivateFrameworks/GenerationalStorage.framework/Versions/A/GenerationalStorage
0x00000001d4621000 	/System/Library/PrivateFrameworks/CoreSymbolication.framework/Versions/A/CoreSymbolication
0x00000001d3676000 	/System/Library/PrivateFrameworks/SymptomDiagnosticReporter.framework/Versions/A/SymptomDiagnosticReporter
0x00000001c5547000 	/System/Library/PrivateFrameworks/DesktopServicesPriv.framework/Versions/A/DesktopServicesPriv
0x00000001c43b9000 	/usr/lib/libsandbox.1.dylib
0x00000001c8f3a000 	/System/Library/PrivateFrameworks/UserManagement.framework/Versions/A/UserManagement
0x00000001d45de000 	/System/Library/PrivateFrameworks/DebugSymbols.framework/Versions/A/DebugSymbols
0x00000001cf4ab000 	/System/Library/PrivateFrameworks/NetAuth.framework/Versions/A/NetAuth
0x00000001d03c9000 	/System/Library/PrivateFrameworks/Sharing.framework/Versions/A/Sharing
0x00000001c8f0a000 	/System/Library/PrivateFrameworks/login.framework/Versions/A/Frameworks/loginsupport.framework/Versions/A/loginsupport
0x00000001d5813000 	/System/Library/PrivateFrameworks/Apple80211.framework/Versions/A/Apple80211
0x00000001cc095000 	/System/Library/PrivateFrameworks/AuthKit.framework/Versions/A/AuthKit
0x00000001cb716000 	/System/Library/PrivateFrameworks/CoreUtils.framework/Versions/A/CoreUtils
0x00000001cb639000 	/System/Library/Frameworks/CoreWLAN.framework/Versions/A/CoreWLAN
0x00000001d0539000 	/System/Library/Frameworks/IOBluetooth.framework/Versions/A/IOBluetooth
0x00000001d5873000 	/System/Library/PrivateFrameworks/CoreWiFi.framework/Versions/A/CoreWiFi
0x00000001d41be000 	/System/Library/PrivateFrameworks/FrontBoardServices.framework/Versions/A/FrontBoardServices
0x00000001d4256000 	/System/Library/PrivateFrameworks/BoardServices.framework/Versions/A/BoardServices
0x00000001cb930000 	/System/Library/PrivateFrameworks/AssertionServices.framework/Versions/A/AssertionServices
0x00000001d59f0000 	/System/Library/PrivateFrameworks/BackBoardServices.framework/Versions/A/BackBoardServices
0x00000001cf91f000 	/System/Library/PrivateFrameworks/CorePhoneNumbers.framework/Versions/A/CorePhoneNumbers
0x00000001d37a6000 	/System/Library/PrivateFrameworks/DiskManagement.framework/Versions/A/DiskManagement
0x00000001d36a9000 	/System/Library/PrivateFrameworks/AppleIDAuthSupport.framework/Versions/A/AppleIDAuthSupport
0x000000022766a000 	/System/Library/PrivateFrameworks/AAAFoundation.framework/Versions/A/AAAFoundation
0x00000001cf8fe000 	/System/Library/PrivateFrameworks/KeychainCircle.framework/Versions/A/KeychainCircle
0x00000001d3772000 	/System/Library/PrivateFrameworks/MediaKit.framework/Versions/A/MediaKit
0x00000001d36b6000 	/System/Library/Frameworks/DiscRecording.framework/Versions/A/DiscRecording
0x00000001ccf0a000 	/usr/lib/libCoreStorage.dylib
0x00000001d5ced000 	/usr/lib/libcsfde.dylib
0x00000001d060e000 	/System/Library/PrivateFrameworks/ProtectedCloudStorage.framework/Versions/A/ProtectedCloudStorage
0x00000001d5ce5000 	/System/Library/PrivateFrameworks/EFILogin.framework/Versions/A/EFILogin
0x00000001d3a85000 	/System/Library/PrivateFrameworks/OctagonTrust.framework/Versions/A/OctagonTrust
0x000000022c23b000 	/System/Library/PrivateFrameworks/CoreUtilsExtras.framework/Versions/A/CoreUtilsExtras
0x00000001d35db000 	/System/Library/Frameworks/CoreBluetooth.framework/Versions/A/CoreBluetooth
0x00000001d6378000 	/System/Library/Frameworks/AudioUnit.framework/Versions/A/AudioUnit
0x00000001ccf02000 	/usr/lib/libMatch.1.dylib
0x00000001e6036000 	/System/Library/Frameworks/Accelerate.framework/Versions/A/Frameworks/vImage.framework/Versions/A/Libraries/libCGInterfaces.dylib
0x00000001327c8000 	/usr/lib/libobjc-trampolines.dylib
0x00000001c8c04000 	/System/Library/PrivateFrameworks/ViewBridge.framework/Versions/A/ViewBridge
0x00000001ccdc8000 	/System/Library/PrivateFrameworks/CrashReporterSupport.framework/Versions/A/CrashReporterSupport
0x00000001edaaf000 	/System/Library/PrivateFrameworks/OSAnalytics.framework/Versions/A/OSAnalytics
0x00000001f8dad000 	/System/Library/PrivateFrameworks/Symbolication.framework/Versions/A/Symbolication
0x00000001e1b4b000 	/System/Library/PrivateFrameworks/MallocStackLogging.framework/Versions/A/MallocStackLogging
0x000000013642c000 	/Users/gabriel-claudiuprivantu/.openjfx/cache/17.0.1/libjavafx_font.dylib
0x00000001cd666000 	/System/Library/PrivateFrameworks/login.framework/Versions/A/login
0x0000000240781000 	/usr/lib/libRosetta.dylib


VM Arguments:
jvm_args: -javaagent:/Applications/IntelliJ IDEA.app/Contents/lib/idea_rt.jar=49382:/Applications/IntelliJ IDEA.app/Contents/bin -Dfile.encoding=UTF-8 --module-path=/Users/gabriel-claudiuprivantu/.m2/repository/org/openjfx/javafx-web/17.0.1/javafx-web-17.0.1-mac-aarch64.jar:/Users/gabriel-claudiuprivantu/Documents/FACULTATE AC_CTIro/AN2/SEM2/proba_Java/Register_Anticariat/target/classes:/Users/gabriel-claudiuprivantu/.m2/repository/org/kordamp/ikonli/ikonli-javafx/12.2.0/ikonli-javafx-12.2.0.jar:/Users/gabriel-claudiuprivantu/.m2/repository/org/openjfx/javafx-controls/17.0.1/javafx-controls-17.0.1-mac-aarch64.jar:/Users/gabriel-claudiuprivantu/.m2/repository/com/dlsc/formsfx/formsfx-core/11.3.2/formsfx-core-11.3.2.jar:/Users/gabriel-claudiuprivantu/.m2/repository/org/openjfx/javafx-fxml/17.0.1/javafx-fxml-17.0.1-mac-aarch64.jar:/Users/gabriel-claudiuprivantu/.m2/repository/org/controlsfx/controlsfx/11.1.0/controlsfx-11.1.0.jar:/Users/gabriel-claudiuprivantu/.m2/repository/org/kordamp/bootstrapfx/bootstrapfx-core/0.4.0/bootstrapfx-core-0.4.0.jar:/Users/gabriel-claudiuprivantu/.m2/repository/org/openjfx/javafx-graphics/17.0.1/javafx-graphics-17.0.1-mac-aarch64.jar:/Users/gabriel-claudiuprivantu/.m2/repository/eu/hansolo/tilesfx/11.48/tilesfx-11.48.jar:/Users/gabriel-claudiuprivantu/.m2/repository/org/openjfx/javafx-base/17.0.1/javafx-base-17.0.1-mac-aarch64.jar:/Users/gabriel-claudiuprivantu/.m2/repository/org/openjfx/javafx-media/17.0.1/javafx-media-17.0.1-mac-aarch64.jar:/Users/gabriel-claudiuprivantu/.m2/repository/org/kordamp/ikonli/ikonli-core/12.2.0/ikonli-core-12.2.0.jar:/Users/gabriel-claudiuprivantu/.m2/repository/net/synedra/validatorfx/0.1.13/validatorfx-0.1.13.jar -Djdk.module.main=com.example.register_anticariat 
java_command: com.example.register_anticariat/com.example.register_anticariat.HelloApplication
java_class_path (initial): /Users/gabriel-claudiuprivantu/.m2/repository/org/openjfx/javafx-controls/17.0.1/javafx-controls-17.0.1.jar:/Users/gabriel-claudiuprivantu/.m2/repository/org/openjfx/javafx-graphics/17.0.1/javafx-graphics-17.0.1.jar:/Users/gabriel-claudiuprivantu/.m2/repository/org/openjfx/javafx-base/17.0.1/javafx-base-17.0.1.jar:/Users/gabriel-claudiuprivantu/.m2/repository/org/openjfx/javafx-fxml/17.0.1/javafx-fxml-17.0.1.jar:/Users/gabriel-claudiuprivantu/.m2/repository/org/openjfx/javafx-web/17.0.1/javafx-web-17.0.1.jar:/Users/gabriel-claudiuprivantu/.m2/repository/org/openjfx/javafx-media/17.0.1/javafx-media-17.0.1.jar
Launcher Type: SUN_STANDARD

[Global flags]
     intx CICompilerCount                          = 4                                         {product} {ergonomic}
     uint ConcGCThreads                            = 2                                         {product} {ergonomic}
     uint G1ConcRefinementThreads                  = 8                                         {product} {ergonomic}
   size_t G1HeapRegionSize                         = 1048576                                   {product} {ergonomic}
    uintx GCDrainStackTargetSize                   = 64                                        {product} {ergonomic}
   size_t InitialHeapSize                          = 134217728                                 {product} {ergonomic}
   size_t MarkStackSize                            = 4194304                                   {product} {ergonomic}
   size_t MaxHeapSize                              = 2147483648                                {product} {ergonomic}
   size_t MaxNewSize                               = 1287651328                                {product} {ergonomic}
   size_t MinHeapDeltaBytes                        = 1048576                                   {product} {ergonomic}
   size_t MinHeapSize                              = 8388608                                   {product} {ergonomic}
    uintx NonNMethodCodeHeapSize                   = 5839564                                {pd product} {ergonomic}
    uintx NonProfiledCodeHeapSize                  = 122909338                              {pd product} {ergonomic}
    uintx ProfiledCodeHeapSize                     = 122909338                              {pd product} {ergonomic}
    uintx ReservedCodeCacheSize                    = 251658240                              {pd product} {ergonomic}
     bool SegmentedCodeCache                       = true                                      {product} {ergonomic}
   size_t SoftMaxHeapSize                          = 2147483648                             {manageable} {ergonomic}
     bool UseCompressedClassPointers               = true                           {product lp64_product} {ergonomic}
     bool UseCompressedOops                        = true                           {product lp64_product} {ergonomic}
     bool UseG1GC                                  = true                                      {product} {ergonomic}
     bool UseNUMA                                  = false                                     {product} {ergonomic}
     bool UseNUMAInterleaving                      = false                                     {product} {ergonomic}

Logging:
Log output configuration:
 #0: stdout all=warning uptime,level,tags foldmultilines=false
 #1: stderr all=off uptime,level,tags foldmultilines=false

Environment Variables:
PATH=/Users/gabriel-claudiuprivantu/.opam/default/bin:/opt/homebrew/bin:/opt/homebrew/sbin:/usr/local/bin:/usr/bin:/bin:/usr/sbin:/sbin:~/.dotnet/tools:/Library/Frameworks/Mono.framework/Versions/Current/Commands
SHELL=/bin/zsh
LC_CTYPE=en_US.UTF-8

Signal Handlers:
   SIGSEGV: _ZL13crash_handleriP9__siginfoPv in libjvm.dylib, mask=11100110000111110111111111111111, flags=SA_RESTART|SA_SIGINFO
    SIGBUS: _ZL13crash_handleriP9__siginfoPv in libjvm.dylib, mask=11100110000111110111111111111111, flags=SA_RESTART|SA_SIGINFO
    SIGFPE: _ZL13crash_handleriP9__siginfoPv in libjvm.dylib, mask=11100110000111110111111111111111, flags=SA_RESTART|SA_SIGINFO
   SIGPIPE: _ZL17javaSignalHandleriP9__siginfoPv in libjvm.dylib, mask=11100110000111110111111111111111, flags=SA_RESTART|SA_SIGINFO
   SIGXFSZ: _ZL17javaSignalHandleriP9__siginfoPv in libjvm.dylib, mask=11100110000111110111111111111111, flags=SA_RESTART|SA_SIGINFO
    SIGILL: _ZL13crash_handleriP9__siginfoPv in libjvm.dylib, mask=11100110000111110111111111111111, flags=SA_RESTART|SA_SIGINFO
   SIGUSR2: _ZL10SR_handleriP9__siginfoP17__darwin_ucontext in libjvm.dylib, mask=00100000000000000000000000000000, flags=SA_RESTART|SA_SIGINFO
    SIGHUP: _ZL11UserHandleriPvS_ in libjvm.dylib, mask=11100110000111110111111111111111, flags=SA_RESTART|SA_SIGINFO
    SIGINT: _ZL11UserHandleriPvS_ in libjvm.dylib, mask=11100110000111110111111111111111, flags=SA_RESTART|SA_SIGINFO
   SIGTERM: _ZL11UserHandleriPvS_ in libjvm.dylib, mask=11100110000111110111111111111111, flags=SA_RESTART|SA_SIGINFO
   SIGQUIT: _ZL11UserHandleriPvS_ in libjvm.dylib, mask=11100110000111110111111111111111, flags=SA_RESTART|SA_SIGINFO
   SIGTRAP: _ZL13crash_handleriP9__siginfoPv in libjvm.dylib, mask=11100110000111110111111111111111, flags=SA_RESTART|SA_SIGINFO


---------------  S Y S T E M  ---------------

OS:
uname: Darwin 21.4.0 Darwin Kernel Version 21.4.0: Fri Mar 18 00:47:26 PDT 2022; root:xnu-8020.101.4~15/RELEASE_ARM64_T8101 arm64
OS uptime: 0 days 4:57 hours
rlimit (soft/hard): STACK 8176k/65520k , CORE 0k/infinity , NPROC 1333/2000 , NOFILE 10240/infinity , AS infinity/infinity , CPU infinity/infinity , DATA infinity/infinity , FSIZE infinity/infinity , MEMLOCK infinity/infinity , RSS infinity/infinity
load average: 3.78 3.12 2.82

CPU: total 8 (initial active 8) 0x61:0x0:0x1b588bb3:0, fp, simd, aes, pmull, crc, lse

Memory: 16k page, physical 8388608k(94288k free), swap 2097152k(1443328k free)

vm_info: OpenJDK 64-Bit Server VM (18.0.1+10-24) for bsd-aarch64 JRE (18.0.1+10-24), built on Mar  9 2022 22:35:51 by "mach5one" with clang Apple LLVM 12.0.0 (clang-1200.0.32.29)

END.
