#
# A fatal error has been detected by the Java Runtime Environment:
#
#  SIGBUS (0xa) at pc=0x000000010c4a54f0, pid=4608, tid=35083
#
# JRE version: OpenJDK Runtime Environment (17.0.2+8) (build 17.0.2+8-86)
# Java VM: OpenJDK 64-Bit Server VM (17.0.2+8-86, mixed mode, sharing, tiered, compressed oops, compressed class ptrs, g1 gc, bsd-aarch64)
# Problematic frame:
# v  ~StubRoutines::SafeFetchN
#
# No core dump will be written. Core dumps have been disabled. To enable core dumping, try "ulimit -c unlimited" before starting Java again
#
# If you would like to submit a bug report, please visit:
#   https://bugreport.java.com/bugreport/crash.jsp
# The crash happened outside the Java Virtual Machine in native code.
# See problematic frame for where to report the bug.
#

---------------  S U M M A R Y ------------

Command Line: -javaagent:/Applications/IntelliJ IDEA.app/Contents/lib/idea_rt.jar=49260:/Applications/IntelliJ IDEA.app/Contents/bin -Dfile.encoding=UTF-8 --module-path=/Users/gabriel-claudiuprivantu/.m2/repository/org/openjfx/javafx-media/17.0.1/javafx-media-17.0.1-mac-aarch64.jar:/Users/gabriel-claudiuprivantu/.m2/repository/org/openjfx/javafx-fxml/17.0.1/javafx-fxml-17.0.1-mac-aarch64.jar:/Users/gabriel-claudiuprivantu/Documents/FACULTATE AC_CTIro/AN2/SEM2/proba_Java/Register_Anticariat/target/classes:/Users/gabriel-claudiuprivantu/.m2/repository/org/openjfx/javafx-web/17.0.1/javafx-web-17.0.1-mac-aarch64.jar:/Users/gabriel-claudiuprivantu/.m2/repository/org/openjfx/javafx-graphics/17.0.1/javafx-graphics-17.0.1-mac-aarch64.jar:/Users/gabriel-claudiuprivantu/.m2/repository/com/dlsc/formsfx/formsfx-core/11.3.2/formsfx-core-11.3.2.jar:/Users/gabriel-claudiuprivantu/.m2/repository/org/openjfx/javafx-base/17.0.1/javafx-base-17.0.1-mac-aarch64.jar:/Users/gabriel-claudiuprivantu/.m2/repository/net/synedra/validatorfx/0.1.13/validatorfx-0.1.13.jar:/Users/gabriel-claudiuprivantu/.m2/repository/org/controlsfx/controlsfx/11.1.0/controlsfx-11.1.0.jar:/Users/gabriel-claudiuprivantu/.m2/repository/org/kordamp/ikonli/ikonli-javafx/12.2.0/ikonli-javafx-12.2.0.jar:/Users/gabriel-claudiuprivantu/.m2/repository/org/kordamp/ikonli/ikonli-core/12.2.0/ikonli-core-12.2.0.jar:/Users/gabriel-claudiuprivantu/.m2/repository/org/openjfx/javafx-controls/17.0.1/javafx-controls-17.0.1-mac-aarch64.jar:/Users/gabriel-claudiuprivantu/.m2/repository/org/kordamp/bootstrapfx/bootstrapfx-core/0.4.0/bootstrapfx-core-0.4.0.jar:/Users/gabriel-claudiuprivantu/.m2/repository/eu/hansolo/tilesfx/11.48/tilesfx-11.48.jar -Djdk.module.main=com.example.register_anticariat com.example.register_anticariat/com.example.register_anticariat.HelloApplication

Host: "MacBookAir10,1" arm64 1 MHz, 8 cores, 8G, Darwin 21.4.0, macOS 12.3.1 (21E258)
Time: Fri Apr 29 16:48:34 2022 EEST elapsed time: 2.885979 seconds (0d 0h 0m 2s)

---------------  T H R E A D  ---------------

Current thread (0x000000012a110c00):  JavaThread "InvokeLaterDispatcher" daemon [_thread_in_native, id=35083, stack(0x000000016fd3c000,0x000000016ff3f000)]

Stack: [0x000000016fd3c000,0x000000016ff3f000],  sp=0x000000016ff3e780,  free space=2057k
Native frames: (J=compiled Java code, j=interpreted, Vv=VM code, C=native code)
v  ~StubRoutines::SafeFetchN
V  [libjvm.dylib+0x7a6bcc]  _ZN10OopStorage7releaseEPKP7oopDesc+0x20
V  [libjvm.dylib+0x4ba824]  jni_DeleteGlobalRef+0xd8
C  [libglass.dylib+0xab08]  -[GlassRunnable dealloc]+0x34
C  [Foundation+0x85618]  -[_NSThreadPerformInfo dealloc]+0x30
C  [Foundation+0x5198c]  -[NSObject(NSThreadPerformAdditions) performSelectorOnMainThread:withObject:waitUntilDone:]+0x88
C  0xfb0200010c4ad8ac
j  com.sun.glass.ui.mac.MacApplication.submitForLaterInvocation(Ljava/lang/Runnable;)V+2 javafx.graphics
j  com.sun.glass.ui.InvokeLaterDispatcher.run()V+82 javafx.graphics
v  ~StubRoutines::call_stub
V  [libjvm.dylib+0x461d08]  _ZN9JavaCalls11call_helperEP9JavaValueRK12methodHandleP17JavaCallArgumentsP10JavaThread+0x38c
V  [libjvm.dylib+0x460d24]  _ZN9JavaCalls12call_virtualEP9JavaValueP5KlassP6SymbolS5_P17JavaCallArgumentsP10JavaThread+0x11c
V  [libjvm.dylib+0x460df0]  _ZN9JavaCalls12call_virtualEP9JavaValue6HandleP5KlassP6SymbolS6_P10JavaThread+0x64
V  [libjvm.dylib+0x515f04]  _ZL12thread_entryP10JavaThreadS0_+0xc4
V  [libjvm.dylib+0x9071ac]  _ZN10JavaThread17thread_main_innerEv+0x13c
V  [libjvm.dylib+0x9058c0]  _ZN6Thread8call_runEv+0x128
V  [libjvm.dylib+0x7ad7c8]  _ZL19thread_native_entryP6Thread+0x158
C  [libsystem_pthread.dylib+0x726c]  _pthread_start+0x94

Java frames: (J=compiled Java code, j=interpreted, Vv=VM code)
j  com.sun.glass.ui.mac.MacApplication._submitForLaterInvocation(Ljava/lang/Runnable;)V+0 javafx.graphics
j  com.sun.glass.ui.mac.MacApplication.submitForLaterInvocation(Ljava/lang/Runnable;)V+2 javafx.graphics
j  com.sun.glass.ui.InvokeLaterDispatcher.run()V+82 javafx.graphics
v  ~StubRoutines::call_stub

siginfo: si_signo: 10 (SIGBUS), si_code: 1 (BUS_ADRALN), si_addr: 0x000000010c4a54f0

Register to memory mapping:

 x0=0x000000014ba08348 is a global jni handle
 x1=0x0 is NULL
 x2=0x0000000785fe33d0 is an oop: com.sun.glass.ui.InvokeLaterDispatcher$Future 
{0x0000000785fe33d0} - klass: 'com/sun/glass/ui/InvokeLaterDispatcher$Future'
 - ---- fields (total size 3 words):
 - private 'done' 'Z' @12  true
 - private final 'runnable' 'Ljava/lang/Runnable;' @16  a 'com/sun/javafx/tk/quantum/QuantumToolkit$$Lambda$106+0x0000000800c3a1b8'{0x000000078000a9b8} (f0001537)
 - final synthetic 'this$0' 'Lcom/sun/glass/ui/InvokeLaterDispatcher;' @20  a 'com/sun/glass/ui/InvokeLaterDispatcher'{0x000000078680acc0} (f0d01598)
 x3=0x0 is NULL
 x4=0x00000000000130a8 is an unknown value
 x5=0x0 is NULL
 x6=0x0 is NULL
 x7=0x0 is NULL
 x8=0x000000010c4a54ec is at begin+0 in a stub
StubRoutines::SafeFetchN [0x000000010c4a54ec, 0x000000010c4a54f8] (12 bytes)
 x9=0x0 is NULL
x10=0x2010000030300000 is an unknown value
x11=0x0000000000000007 is an unknown value
x12=0x0000000000000004 is an unknown value
x13=0x00006000010bc190 points into unknown readable memory: 0xc7418001c16b3c40 | 40 3c 6b c1 01 80 41 c7
x14=0x0000140000000000 is an unknown value
x15=0x000000012173df98: OBJC_CLASS_$_GlassRunnable+0 in /Users/gabriel-claudiuprivantu/.openjfx/cache/17.0.1/libglass.dylib at 0x00000001216f8000
x16=0x00000001c181d0fc: pthread_getspecific+0 in /usr/lib/system/libsystem_pthread.dylib at 0x00000001c181b000
x17=0x0000600001ab1ec0 points into unknown readable memory: 0xfffffffffffffffe | fe ff ff ff ff ff ff ff
x18=0x0 is NULL
x19=0x00006000015a02a0 points into unknown readable memory: 0x0000600003cac160 | 60 c1 ca 03 00 60 00 00
x20=0x000000014ba08140 points into unknown readable memory: 0x0000000000000000 | 00 00 00 00 00 00 00 00
x21=0x000000014ba08348 is a global jni handle
x22=0x000000012a110c00 is a thread
x23=0x0000000000000001 is an unknown value
x24=0x000000014ba08300 is a global jni handle
x25=0x00000001049655e8: _ZN12StubRoutines17_safefetchN_entryE+0 in /Users/gabriel-claudiuprivantu/Library/Java/JavaVirtualMachines/openjdk-17.0.2/Contents/Home/lib/server/libjvm.dylib at 0x0000000103db4000
x26=0x0000000121d1a2c0 is pointing into metadata
x27=0x0 is NULL
x28=0x000000012a110c00 is a thread


Registers:
 x0=0x000000014ba08348  x1=0x0000000000000000  x2=0x0000000785fe33d0  x3=0x0000000000000000
 x4=0x00000000000130a8  x5=0x0000000000000000  x6=0x0000000000000000  x7=0x0000000000000000
 x8=0x000000010c4a54ec  x9=0x0000000000000000 x10=0x2010000030300000 x11=0x0000000000000007
x12=0x0000000000000004 x13=0x00006000010bc190 x14=0x0000140000000000 x15=0x000000012173df98
x16=0x00000001c181d0fc x17=0x0000600001ab1ec0 x18=0x0000000000000000 x19=0x00006000015a02a0
x20=0x000000014ba08140 x21=0x000000014ba08348 x22=0x000000012a110c00 x23=0x0000000000000001
x24=0x000000014ba08300 x25=0x00000001049655e8 x26=0x0000000121d1a2c0 x27=0x0000000000000000
x28=0x000000012a110c00  fp=0x000000016ff3e7c0  lr=0x000000010455999c  sp=0x000000016ff3e780
pc=0x000000010c4a54f0 cpsr=0x0000000060001000
Top of Stack: (sp=0x000000016ff3e780)
0x000000016ff3e780:   0000000121d1a2c0 0000000000000001
0x000000016ff3e790:   000000016ff3e988 0000000000000000
0x000000016ff3e7a0:   000000012a11c6a8 000000014ba08330
0x000000016ff3e7b0:   000000014ba08330 00006000015a02a0
0x000000016ff3e7c0:   000000016ff3e800 000000010455abcc
0x000000016ff3e7d0:   0000000000000001 000000014ba08330
0x000000016ff3e7e0:   000000012a11c6a8 000000014ba08330
0x000000016ff3e7f0:   0000000000000001 000000012a11c400
0x000000016ff3e800:   000000016ff3e840 000000010426e824
0x000000016ff3e810:   000000016ff3e988 0000600003c94ff0
0x000000016ff3e820:   0000600003c94fd0 000000020b8e2be0
0x000000016ff3e830:   0000000000000000 0000600003c94fd0
0x000000016ff3e840:   000000016ff3e870 0000000121702b08
0x000000016ff3e850:   16229a005cfb0006 0000000000000000
0x000000016ff3e860:   0000000000000000 0000600002baea00
0x000000016ff3e870:   000000016ff3e8b0 00000001c27ea618
0x000000016ff3e880:   000000016ff3e988 0000600003c94ff0
0x000000016ff3e890:   0000600003c94fd0 16229a005cfb0006
0x000000016ff3e8a0:   0000000000000000 0000000000000000
0x000000016ff3e8b0:   000000016ff3e8f0 973b8001c27b698c
0x000000016ff3e8c0:   000000016ff3e988 000000010c4ac7c0
0x000000016ff3e8d0:   0000000000000000 000000010496cfa8
0x000000016ff3e8e0:   000000016ff3e900 000000010c4ab730
0x000000016ff3e8f0:   000000016ff3e960 fb0200010c4ad8ac
0x000000016ff3e900:   0000000000000000 00000007868169b8
0x000000016ff3e910:   000000016ff3e910 0000000000000000
0x000000016ff3e920:   000000016ff3e988 0000000121d1a2c0
0x000000016ff3e930:   0000000786827960 0000000000000000
0x000000016ff3e940:   0000000000000000 0000000121cf27b0
0x000000016ff3e950:   0000000000000000 000000016ff3e960
0x000000016ff3e960:   000000016ff3e9e0 000000010c4a9fc8
0x000000016ff3e970:   0000000000000000 0000000000000000 

Instructions: (pc=0x000000010c4a54f0)
0x000000010c4a53f0:   f2a09269 f2c00029 6d425935 1e640886
0x000000010c4a5400:   0c402d31 1e6408c7 1f5654d0 1e6c1017
0x000000010c4a5410:   1f5050d0 1f504cd0 1f5048d0 1e650af6
0x000000010c4a5420:   1f50d8f6 1f5694d6 1f5158f6 1e762880
0x000000010c4a5430:   36000501 1e614000 14000026 2e251ca5
0x000000010c4a5440:   d2843009 f2a09269 f2c00029 6d425d36
0x000000010c4a5450:   1e600806 0c402d32 1f5758c7 1e6c101a
0x000000010c4a5460:   1f4754c7 1e650805 1f4750c7 d2866668
0x000000010c4a5470:   f2a7fa68 1f474cc7 1e6608c0 1f4748c7
0x000000010c4a5480:   1e6e1019 eb08007f 540000ac 1f479400
0x000000010c4a5490:   1f460340 1e603b20 1400000e d2a7fd29
0x000000010c4a54a0:   eb09007f 540000ac 51480069 d3607d29
0x000000010c4a54b0:   9e670121 14000002 1e6a5001 1f679417
0x000000010c4a54c0:   1f668742 1e613b23 1e773857 1e773860
0x000000010c4a54d0:   a8c17ff3 910003bf a8c17bfd d65f03c0
0x000000010c4a54e0:   b9400001 aa0103e0 d65f03c0 f9400001
0x000000010c4a54f0:   aa0103e0 d65f03c0 00000000 00000000
0x000000010c4a5500:   00000000 00000000 00000000 00000000
0x000000010c4a5510:   00000000 00000000 00000000 00000000
0x000000010c4a5520:   00000000 00000000 00000000 00000000
0x000000010c4a5530:   00000000 00000000 00000000 00000000
0x000000010c4a5540:   00000000 00000000 00000000 00000000
0x000000010c4a5550:   00000000 00000000 00000000 00000000
0x000000010c4a5560:   00000000 00000000 00000000 00000000
0x000000010c4a5570:   00000000 00000000 00000000 00000000
0x000000010c4a5580:   00000000 00000000 00000000 00000000
0x000000010c4a5590:   00000000 00000000 00000000 00000000
0x000000010c4a55a0:   00000000 00000000 00000000 00000000
0x000000010c4a55b0:   00000000 00000000 00000000 00000000
0x000000010c4a55c0:   00000000 00000000 00000000 00000000
0x000000010c4a55d0:   00000000 00000000 00000000 00000000
0x000000010c4a55e0:   00000000 00000000 00000000 00000000 


Stack slot to memory mapping:
stack at sp + 0 slots: 0x0000000121d1a2c0 is pointing into metadata
stack at sp + 1 slots: 0x0000000000000001 is an unknown value
stack at sp + 2 slots: 0x000000016ff3e988 is pointing into the stack for thread: 0x000000012a110c00
stack at sp + 3 slots: 0x0 is NULL
stack at sp + 4 slots: 0x000000012a11c6a8 points into unknown readable memory: 0x0000000104922738 | 38 27 92 04 01 00 00 00
stack at sp + 5 slots: 0x000000014ba08330 is a global jni handle
stack at sp + 6 slots: 0x000000014ba08330 is a global jni handle
stack at sp + 7 slots: 0x00006000015a02a0 points into unknown readable memory: 0x0000600003cac160 | 60 c1 ca 03 00 60 00 00

StubRoutines::SafeFetchN [0x000000010c4a54ec, 0x000000010c4a54f8] (12 bytes)
[MachCode]
  0x000000010c4a54ec: 0100 40f9 | e003 01aa | c003 5fd6 
[/MachCode]

---------------  P R O C E S S  ---------------

Threads class SMR info:
_java_thread_list=0x0000600003e7f280, length=20, elements={
0x000000014d009a00, 0x000000012a008200, 0x000000012a00aa00, 0x000000014d09f800,
0x000000014d0a1000, 0x000000014d0a1600, 0x000000014d0a1c00, 0x000000014a00d800,
0x000000014a01a200, 0x000000013a026400, 0x000000013a0b1000, 0x000000013a0b1600,
0x000000013a0c4000, 0x000000012a110c00, 0x000000012a11c400, 0x000000012a11ca00,
0x000000014d1f1200, 0x000000013a299000, 0x000000014d305600, 0x000000013a208e00
}

Java Threads: ( => current thread )
  0x000000014d009a00 JavaThread "main" [_thread_blocked, id=9987, stack(0x000000016d334000,0x000000016d537000)]
  0x000000012a008200 JavaThread "Reference Handler" daemon [_thread_blocked, id=16899, stack(0x000000016e188000,0x000000016e38b000)]
  0x000000012a00aa00 JavaThread "Finalizer" daemon [_thread_blocked, id=16643, stack(0x000000016e394000,0x000000016e597000)]
  0x000000014d09f800 JavaThread "Signal Dispatcher" daemon [_thread_blocked, id=41987, stack(0x000000016e6b8000,0x000000016e8bb000)]
  0x000000014d0a1000 JavaThread "Service Thread" daemon [_thread_blocked, id=41731, stack(0x000000016e8c4000,0x000000016eac7000)]
  0x000000014d0a1600 JavaThread "Monitor Deflation Thread" daemon [_thread_blocked, id=41475, stack(0x000000016ead0000,0x000000016ecd3000)]
  0x000000014d0a1c00 JavaThread "C2 CompilerThread0" daemon [_thread_blocked, id=41219, stack(0x000000016ecdc000,0x000000016eedf000)]
  0x000000014a00d800 JavaThread "C1 CompilerThread0" daemon [_thread_blocked, id=23555, stack(0x000000016eee8000,0x000000016f0eb000)]
  0x000000014a01a200 JavaThread "Sweeper thread" daemon [_thread_blocked, id=40963, stack(0x000000016f0f4000,0x000000016f2f7000)]
  0x000000013a026400 JavaThread "Common-Cleaner" daemon [_thread_blocked, id=24323, stack(0x000000016f300000,0x000000016f503000)]
  0x000000013a0b1000 JavaThread "Monitor Ctrl-Break" daemon [_thread_in_native, id=24835, stack(0x000000016f50c000,0x000000016f70f000)]
  0x000000013a0b1600 JavaThread "Notification Thread" daemon [_thread_blocked, id=40451, stack(0x000000016f718000,0x000000016f91b000)]
  0x000000013a0c4000 JavaThread "QuantumRenderer-0" daemon [_thread_blocked, id=25859, stack(0x000000016fb30000,0x000000016fd33000)]
=>0x000000012a110c00 JavaThread "InvokeLaterDispatcher" daemon [_thread_in_native, id=35083, stack(0x000000016fd3c000,0x000000016ff3f000)]
  0x000000012a11c400 JavaThread "JavaFX Application Thread" [_thread_in_vm, id=259, stack(0x000000016caac000,0x000000016d2a8000)]
  0x000000012a11ca00 JavaThread "PulseTimer-CVDisplayLink thread" daemon [_thread_in_native, id=52483, stack(0x0000000288004000,0x0000000288087000)]
  0x000000014d1f1200 JavaThread "JavaFX-Launcher" [_thread_blocked, id=79107, stack(0x000000028829c000,0x000000028849f000)]
  0x000000013a299000 JavaThread "Prism Font Disposer" daemon [_thread_blocked, id=59143, stack(0x0000000288ee4000,0x00000002890e7000)]
  0x000000014d305600 JavaThread "Cleaner-0" daemon [_thread_blocked, id=70407, stack(0x000000028917c000,0x000000028937f000)]
  0x000000013a208e00 JavaThread "Attach Listener" daemon [_thread_blocked, id=70151, stack(0x0000000289388000,0x000000028958b000)]

Other Threads:
  0x000000014ba077b0 VMThread "VM Thread" [stack: 0x000000016df7c000,0x000000016e17f000] [id=17155]
  0x0000000139f04ae0 WatcherThread [stack: 0x000000016f924000,0x000000016fb27000] [id=25347]
  0x000000014bb06490 GCTaskThread "GC Thread#0" [stack: 0x000000016d540000,0x000000016d743000] [id=19971]
  0x000000014bb25520 GCTaskThread "GC Thread#1" [stack: 0x00000002884a8000,0x00000002886ab000] [id=76291]
  0x000000014bb259a0 GCTaskThread "GC Thread#2" [stack: 0x00000002886b4000,0x00000002888b7000] [id=76035]
  0x0000000149f04e00 GCTaskThread "GC Thread#3" [stack: 0x00000002888c0000,0x0000000288ac3000] [id=56067]
  0x000000014b807ad0 GCTaskThread "GC Thread#4" [stack: 0x0000000288acc000,0x0000000288ccf000] [id=56323]
  0x0000000149e1de90 GCTaskThread "GC Thread#5" [stack: 0x0000000288cd8000,0x0000000288edb000] [id=56579]
  0x000000014bb06b40 ConcurrentGCThread "G1 Main Marker" [stack: 0x000000016d74c000,0x000000016d94f000] [id=12803]
  0x000000014bb073c0 ConcurrentGCThread "G1 Conc#0" [stack: 0x000000016d958000,0x000000016db5b000] [id=19459]
  0x000000014bb09230 ConcurrentGCThread "G1 Refine#0" [stack: 0x000000016db64000,0x000000016dd67000] [id=18947]
  0x0000000139e04080 ConcurrentGCThread "G1 Service" [stack: 0x000000016dd70000,0x000000016df73000] [id=13827]

Threads with active compile tasks:

VM state: not at safepoint (normal execution)

VM Mutex/Monitor currently owned by a thread: None

Heap address: 0x0000000780000000, size: 2048 MB, Compressed Oops mode: Zero based, Oop shift amount: 3

CDS archive(s) mapped at: [0x0000000800000000-0x0000000800bd4000-0x0000000800bd4000), size 12402688, SharedBaseAddress: 0x0000000800000000, ArchiveRelocationMode: 0.
Compressed class space mapped at: 0x0000000800c00000-0x0000000840c00000, reserved size: 1073741824
Narrow klass base: 0x0000000800000000, Narrow klass shift: 0, Narrow klass range: 0x100000000

GC Precious Log:
 CPUs: 8 total, 8 available
 Memory: 8192M
 Large Page Support: Disabled
 NUMA Support: Disabled
 Compressed Oops: Enabled (Zero based)
 Heap Region Size: 1M
 Heap Min Capacity: 8M
 Heap Initial Capacity: 128M
 Heap Max Capacity: 2G
 Pre-touch: Disabled
 Parallel Workers: 8
 Concurrent Workers: 2
 Concurrent Refinement Workers: 8
 Periodic GC: Disabled

Heap:
 garbage-first heap   total 133120K, used 37242K [0x0000000780000000, 0x0000000800000000)
  region size 1024K, 34 young (34816K), 3 survivors (3072K)
 Metaspace       used 14944K, committed 15168K, reserved 1064960K
  class space    used 2202K, committed 2304K, reserved 1048576K

Heap Regions: E=young(eden), S=young(survivor), O=old, HS=humongous(starts), HC=humongous(continues), CS=collection set, F=free, OA=open archive, CA=closed archive, TAMS=top-at-mark-start (previous, next)
|   0|0x0000000780000000, 0x0000000780066800, 0x0000000780100000| 40%| O|  |TAMS 0x0000000780000000, 0x0000000780000000| Untracked 
|   1|0x0000000780100000, 0x0000000780200000, 0x0000000780200000|100%|HS|  |TAMS 0x0000000780100000, 0x0000000780100000| Complete 
|   2|0x0000000780200000, 0x0000000780300000, 0x0000000780300000|100%|HC|  |TAMS 0x0000000780200000, 0x0000000780200000| Complete 
|   3|0x0000000780300000, 0x0000000780300000, 0x0000000780400000|  0%| F|  |TAMS 0x0000000780300000, 0x0000000780300000| Untracked 
|   4|0x0000000780400000, 0x0000000780400000, 0x0000000780500000|  0%| F|  |TAMS 0x0000000780400000, 0x0000000780400000| Untracked 
|   5|0x0000000780500000, 0x0000000780500000, 0x0000000780600000|  0%| F|  |TAMS 0x0000000780500000, 0x0000000780500000| Untracked 
|   6|0x0000000780600000, 0x0000000780600000, 0x0000000780700000|  0%| F|  |TAMS 0x0000000780600000, 0x0000000780600000| Untracked 
|   7|0x0000000780700000, 0x0000000780700000, 0x0000000780800000|  0%| F|  |TAMS 0x0000000780700000, 0x0000000780700000| Untracked 
|   8|0x0000000780800000, 0x0000000780800000, 0x0000000780900000|  0%| F|  |TAMS 0x0000000780800000, 0x0000000780800000| Untracked 
|   9|0x0000000780900000, 0x0000000780900000, 0x0000000780a00000|  0%| F|  |TAMS 0x0000000780900000, 0x0000000780900000| Untracked 
|  10|0x0000000780a00000, 0x0000000780a00000, 0x0000000780b00000|  0%| F|  |TAMS 0x0000000780a00000, 0x0000000780a00000| Untracked 
|  11|0x0000000780b00000, 0x0000000780b00000, 0x0000000780c00000|  0%| F|  |TAMS 0x0000000780b00000, 0x0000000780b00000| Untracked 
|  12|0x0000000780c00000, 0x0000000780c00000, 0x0000000780d00000|  0%| F|  |TAMS 0x0000000780c00000, 0x0000000780c00000| Untracked 
|  13|0x0000000780d00000, 0x0000000780d00000, 0x0000000780e00000|  0%| F|  |TAMS 0x0000000780d00000, 0x0000000780d00000| Untracked 
|  14|0x0000000780e00000, 0x0000000780e00000, 0x0000000780f00000|  0%| F|  |TAMS 0x0000000780e00000, 0x0000000780e00000| Untracked 
|  15|0x0000000780f00000, 0x0000000780f00000, 0x0000000781000000|  0%| F|  |TAMS 0x0000000780f00000, 0x0000000780f00000| Untracked 
|  16|0x0000000781000000, 0x0000000781000000, 0x0000000781100000|  0%| F|  |TAMS 0x0000000781000000, 0x0000000781000000| Untracked 
|  17|0x0000000781100000, 0x0000000781100000, 0x0000000781200000|  0%| F|  |TAMS 0x0000000781100000, 0x0000000781100000| Untracked 
|  18|0x0000000781200000, 0x0000000781200000, 0x0000000781300000|  0%| F|  |TAMS 0x0000000781200000, 0x0000000781200000| Untracked 
|  19|0x0000000781300000, 0x0000000781300000, 0x0000000781400000|  0%| F|  |TAMS 0x0000000781300000, 0x0000000781300000| Untracked 
|  20|0x0000000781400000, 0x0000000781400000, 0x0000000781500000|  0%| F|  |TAMS 0x0000000781400000, 0x0000000781400000| Untracked 
|  21|0x0000000781500000, 0x0000000781500000, 0x0000000781600000|  0%| F|  |TAMS 0x0000000781500000, 0x0000000781500000| Untracked 
|  22|0x0000000781600000, 0x0000000781600000, 0x0000000781700000|  0%| F|  |TAMS 0x0000000781600000, 0x0000000781600000| Untracked 
|  23|0x0000000781700000, 0x0000000781700000, 0x0000000781800000|  0%| F|  |TAMS 0x0000000781700000, 0x0000000781700000| Untracked 
|  24|0x0000000781800000, 0x0000000781800000, 0x0000000781900000|  0%| F|  |TAMS 0x0000000781800000, 0x0000000781800000| Untracked 
|  25|0x0000000781900000, 0x0000000781900000, 0x0000000781a00000|  0%| F|  |TAMS 0x0000000781900000, 0x0000000781900000| Untracked 
|  26|0x0000000781a00000, 0x0000000781a00000, 0x0000000781b00000|  0%| F|  |TAMS 0x0000000781a00000, 0x0000000781a00000| Untracked 
|  27|0x0000000781b00000, 0x0000000781b00000, 0x0000000781c00000|  0%| F|  |TAMS 0x0000000781b00000, 0x0000000781b00000| Untracked 
|  28|0x0000000781c00000, 0x0000000781c00000, 0x0000000781d00000|  0%| F|  |TAMS 0x0000000781c00000, 0x0000000781c00000| Untracked 
|  29|0x0000000781d00000, 0x0000000781d00000, 0x0000000781e00000|  0%| F|  |TAMS 0x0000000781d00000, 0x0000000781d00000| Untracked 
|  30|0x0000000781e00000, 0x0000000781e00000, 0x0000000781f00000|  0%| F|  |TAMS 0x0000000781e00000, 0x0000000781e00000| Untracked 
|  31|0x0000000781f00000, 0x0000000781f00000, 0x0000000782000000|  0%| F|  |TAMS 0x0000000781f00000, 0x0000000781f00000| Untracked 
|  32|0x0000000782000000, 0x0000000782000000, 0x0000000782100000|  0%| F|  |TAMS 0x0000000782000000, 0x0000000782000000| Untracked 
|  33|0x0000000782100000, 0x0000000782100000, 0x0000000782200000|  0%| F|  |TAMS 0x0000000782100000, 0x0000000782100000| Untracked 
|  34|0x0000000782200000, 0x0000000782200000, 0x0000000782300000|  0%| F|  |TAMS 0x0000000782200000, 0x0000000782200000| Untracked 
|  35|0x0000000782300000, 0x0000000782300000, 0x0000000782400000|  0%| F|  |TAMS 0x0000000782300000, 0x0000000782300000| Untracked 
|  36|0x0000000782400000, 0x0000000782400000, 0x0000000782500000|  0%| F|  |TAMS 0x0000000782400000, 0x0000000782400000| Untracked 
|  37|0x0000000782500000, 0x0000000782500000, 0x0000000782600000|  0%| F|  |TAMS 0x0000000782500000, 0x0000000782500000| Untracked 
|  38|0x0000000782600000, 0x0000000782600000, 0x0000000782700000|  0%| F|  |TAMS 0x0000000782600000, 0x0000000782600000| Untracked 
|  39|0x0000000782700000, 0x0000000782700000, 0x0000000782800000|  0%| F|  |TAMS 0x0000000782700000, 0x0000000782700000| Untracked 
|  40|0x0000000782800000, 0x0000000782800000, 0x0000000782900000|  0%| F|  |TAMS 0x0000000782800000, 0x0000000782800000| Untracked 
|  41|0x0000000782900000, 0x0000000782900000, 0x0000000782a00000|  0%| F|  |TAMS 0x0000000782900000, 0x0000000782900000| Untracked 
|  42|0x0000000782a00000, 0x0000000782a00000, 0x0000000782b00000|  0%| F|  |TAMS 0x0000000782a00000, 0x0000000782a00000| Untracked 
|  43|0x0000000782b00000, 0x0000000782b00000, 0x0000000782c00000|  0%| F|  |TAMS 0x0000000782b00000, 0x0000000782b00000| Untracked 
|  44|0x0000000782c00000, 0x0000000782c00000, 0x0000000782d00000|  0%| F|  |TAMS 0x0000000782c00000, 0x0000000782c00000| Untracked 
|  45|0x0000000782d00000, 0x0000000782d00000, 0x0000000782e00000|  0%| F|  |TAMS 0x0000000782d00000, 0x0000000782d00000| Untracked 
|  46|0x0000000782e00000, 0x0000000782e00000, 0x0000000782f00000|  0%| F|  |TAMS 0x0000000782e00000, 0x0000000782e00000| Untracked 
|  47|0x0000000782f00000, 0x0000000782f00000, 0x0000000783000000|  0%| F|  |TAMS 0x0000000782f00000, 0x0000000782f00000| Untracked 
|  48|0x0000000783000000, 0x0000000783000000, 0x0000000783100000|  0%| F|  |TAMS 0x0000000783000000, 0x0000000783000000| Untracked 
|  49|0x0000000783100000, 0x0000000783100000, 0x0000000783200000|  0%| F|  |TAMS 0x0000000783100000, 0x0000000783100000| Untracked 
|  50|0x0000000783200000, 0x0000000783200000, 0x0000000783300000|  0%| F|  |TAMS 0x0000000783200000, 0x0000000783200000| Untracked 
|  51|0x0000000783300000, 0x0000000783300000, 0x0000000783400000|  0%| F|  |TAMS 0x0000000783300000, 0x0000000783300000| Untracked 
|  52|0x0000000783400000, 0x0000000783400000, 0x0000000783500000|  0%| F|  |TAMS 0x0000000783400000, 0x0000000783400000| Untracked 
|  53|0x0000000783500000, 0x0000000783500000, 0x0000000783600000|  0%| F|  |TAMS 0x0000000783500000, 0x0000000783500000| Untracked 
|  54|0x0000000783600000, 0x0000000783600000, 0x0000000783700000|  0%| F|  |TAMS 0x0000000783600000, 0x0000000783600000| Untracked 
|  55|0x0000000783700000, 0x0000000783700000, 0x0000000783800000|  0%| F|  |TAMS 0x0000000783700000, 0x0000000783700000| Untracked 
|  56|0x0000000783800000, 0x0000000783800000, 0x0000000783900000|  0%| F|  |TAMS 0x0000000783800000, 0x0000000783800000| Untracked 
|  57|0x0000000783900000, 0x0000000783900000, 0x0000000783a00000|  0%| F|  |TAMS 0x0000000783900000, 0x0000000783900000| Untracked 
|  58|0x0000000783a00000, 0x0000000783a00000, 0x0000000783b00000|  0%| F|  |TAMS 0x0000000783a00000, 0x0000000783a00000| Untracked 
|  59|0x0000000783b00000, 0x0000000783b00000, 0x0000000783c00000|  0%| F|  |TAMS 0x0000000783b00000, 0x0000000783b00000| Untracked 
|  60|0x0000000783c00000, 0x0000000783c00000, 0x0000000783d00000|  0%| F|  |TAMS 0x0000000783c00000, 0x0000000783c00000| Untracked 
|  61|0x0000000783d00000, 0x0000000783d00000, 0x0000000783e00000|  0%| F|  |TAMS 0x0000000783d00000, 0x0000000783d00000| Untracked 
|  62|0x0000000783e00000, 0x0000000783e00000, 0x0000000783f00000|  0%| F|  |TAMS 0x0000000783e00000, 0x0000000783e00000| Untracked 
|  63|0x0000000783f00000, 0x0000000783f00000, 0x0000000784000000|  0%| F|  |TAMS 0x0000000783f00000, 0x0000000783f00000| Untracked 
|  64|0x0000000784000000, 0x0000000784000000, 0x0000000784100000|  0%| F|  |TAMS 0x0000000784000000, 0x0000000784000000| Untracked 
|  65|0x0000000784100000, 0x0000000784100000, 0x0000000784200000|  0%| F|  |TAMS 0x0000000784100000, 0x0000000784100000| Untracked 
|  66|0x0000000784200000, 0x0000000784200000, 0x0000000784300000|  0%| F|  |TAMS 0x0000000784200000, 0x0000000784200000| Untracked 
|  67|0x0000000784300000, 0x0000000784300000, 0x0000000784400000|  0%| F|  |TAMS 0x0000000784300000, 0x0000000784300000| Untracked 
|  68|0x0000000784400000, 0x0000000784400000, 0x0000000784500000|  0%| F|  |TAMS 0x0000000784400000, 0x0000000784400000| Untracked 
|  69|0x0000000784500000, 0x0000000784500000, 0x0000000784600000|  0%| F|  |TAMS 0x0000000784500000, 0x0000000784500000| Untracked 
|  70|0x0000000784600000, 0x0000000784600000, 0x0000000784700000|  0%| F|  |TAMS 0x0000000784600000, 0x0000000784600000| Untracked 
|  71|0x0000000784700000, 0x0000000784700000, 0x0000000784800000|  0%| F|  |TAMS 0x0000000784700000, 0x0000000784700000| Untracked 
|  72|0x0000000784800000, 0x0000000784800000, 0x0000000784900000|  0%| F|  |TAMS 0x0000000784800000, 0x0000000784800000| Untracked 
|  73|0x0000000784900000, 0x0000000784900000, 0x0000000784a00000|  0%| F|  |TAMS 0x0000000784900000, 0x0000000784900000| Untracked 
|  74|0x0000000784a00000, 0x0000000784a00000, 0x0000000784b00000|  0%| F|  |TAMS 0x0000000784a00000, 0x0000000784a00000| Untracked 
|  75|0x0000000784b00000, 0x0000000784b00000, 0x0000000784c00000|  0%| F|  |TAMS 0x0000000784b00000, 0x0000000784b00000| Untracked 
|  76|0x0000000784c00000, 0x0000000784c00000, 0x0000000784d00000|  0%| F|  |TAMS 0x0000000784c00000, 0x0000000784c00000| Untracked 
|  77|0x0000000784d00000, 0x0000000784d00000, 0x0000000784e00000|  0%| F|  |TAMS 0x0000000784d00000, 0x0000000784d00000| Untracked 
|  78|0x0000000784e00000, 0x0000000784e00000, 0x0000000784f00000|  0%| F|  |TAMS 0x0000000784e00000, 0x0000000784e00000| Untracked 
|  79|0x0000000784f00000, 0x0000000784f00000, 0x0000000785000000|  0%| F|  |TAMS 0x0000000784f00000, 0x0000000784f00000| Untracked 
|  80|0x0000000785000000, 0x0000000785000000, 0x0000000785100000|  0%| F|  |TAMS 0x0000000785000000, 0x0000000785000000| Untracked 
|  81|0x0000000785100000, 0x0000000785100000, 0x0000000785200000|  0%| F|  |TAMS 0x0000000785100000, 0x0000000785100000| Untracked 
|  82|0x0000000785200000, 0x0000000785200000, 0x0000000785300000|  0%| F|  |TAMS 0x0000000785200000, 0x0000000785200000| Untracked 
|  83|0x0000000785300000, 0x0000000785300000, 0x0000000785400000|  0%| F|  |TAMS 0x0000000785300000, 0x0000000785300000| Untracked 
|  84|0x0000000785400000, 0x0000000785400000, 0x0000000785500000|  0%| F|  |TAMS 0x0000000785400000, 0x0000000785400000| Untracked 
|  85|0x0000000785500000, 0x0000000785500000, 0x0000000785600000|  0%| F|  |TAMS 0x0000000785500000, 0x0000000785500000| Untracked 
|  86|0x0000000785600000, 0x0000000785600000, 0x0000000785700000|  0%| F|  |TAMS 0x0000000785600000, 0x0000000785600000| Untracked 
|  87|0x0000000785700000, 0x0000000785700000, 0x0000000785800000|  0%| F|  |TAMS 0x0000000785700000, 0x0000000785700000| Untracked 
|  88|0x0000000785800000, 0x0000000785800000, 0x0000000785900000|  0%| F|  |TAMS 0x0000000785800000, 0x0000000785800000| Untracked 
|  89|0x0000000785900000, 0x0000000785900000, 0x0000000785a00000|  0%| F|  |TAMS 0x0000000785900000, 0x0000000785900000| Untracked 
|  90|0x0000000785a00000, 0x0000000785a00000, 0x0000000785b00000|  0%| F|  |TAMS 0x0000000785a00000, 0x0000000785a00000| Untracked 
|  91|0x0000000785b00000, 0x0000000785b00000, 0x0000000785c00000|  0%| F|  |TAMS 0x0000000785b00000, 0x0000000785b00000| Untracked 
|  92|0x0000000785c00000, 0x0000000785c00000, 0x0000000785d00000|  0%| F|  |TAMS 0x0000000785c00000, 0x0000000785c00000| Untracked 
|  93|0x0000000785d00000, 0x0000000785d00000, 0x0000000785e00000|  0%| F|  |TAMS 0x0000000785d00000, 0x0000000785d00000| Untracked 
|  94|0x0000000785e00000, 0x0000000785edc380, 0x0000000785f00000| 86%| E|  |TAMS 0x0000000785e00000, 0x0000000785e00000| Complete 
|  95|0x0000000785f00000, 0x0000000786000000, 0x0000000786000000|100%| E|CS|TAMS 0x0000000785f00000, 0x0000000785f00000| Complete 
|  96|0x0000000786000000, 0x0000000786100000, 0x0000000786100000|100%| E|CS|TAMS 0x0000000786000000, 0x0000000786000000| Complete 
|  97|0x0000000786100000, 0x0000000786200000, 0x0000000786200000|100%| E|CS|TAMS 0x0000000786100000, 0x0000000786100000| Complete 
|  98|0x0000000786200000, 0x0000000786300000, 0x0000000786300000|100%| E|CS|TAMS 0x0000000786200000, 0x0000000786200000| Complete 
|  99|0x0000000786300000, 0x0000000786400000, 0x0000000786400000|100%| E|CS|TAMS 0x0000000786300000, 0x0000000786300000| Complete 
| 100|0x0000000786400000, 0x0000000786500000, 0x0000000786500000|100%| E|CS|TAMS 0x0000000786400000, 0x0000000786400000| Complete 
| 101|0x0000000786500000, 0x0000000786600000, 0x0000000786600000|100%| E|CS|TAMS 0x0000000786500000, 0x0000000786500000| Complete 
| 102|0x0000000786600000, 0x0000000786700000, 0x0000000786700000|100%| S|CS|TAMS 0x0000000786600000, 0x0000000786600000| Complete 
| 103|0x0000000786700000, 0x0000000786800000, 0x0000000786800000|100%| S|CS|TAMS 0x0000000786700000, 0x0000000786700000| Complete 
| 104|0x0000000786800000, 0x0000000786900000, 0x0000000786900000|100%| S|CS|TAMS 0x0000000786800000, 0x0000000786800000| Complete 
| 105|0x0000000786900000, 0x0000000786a00000, 0x0000000786a00000|100%| E|CS|TAMS 0x0000000786900000, 0x0000000786900000| Complete 
| 106|0x0000000786a00000, 0x0000000786b00000, 0x0000000786b00000|100%| E|CS|TAMS 0x0000000786a00000, 0x0000000786a00000| Complete 
| 107|0x0000000786b00000, 0x0000000786c00000, 0x0000000786c00000|100%| E|CS|TAMS 0x0000000786b00000, 0x0000000786b00000| Complete 
| 108|0x0000000786c00000, 0x0000000786d00000, 0x0000000786d00000|100%| E|CS|TAMS 0x0000000786c00000, 0x0000000786c00000| Complete 
| 109|0x0000000786d00000, 0x0000000786e00000, 0x0000000786e00000|100%| E|CS|TAMS 0x0000000786d00000, 0x0000000786d00000| Complete 
| 110|0x0000000786e00000, 0x0000000786f00000, 0x0000000786f00000|100%| E|CS|TAMS 0x0000000786e00000, 0x0000000786e00000| Complete 
| 111|0x0000000786f00000, 0x0000000787000000, 0x0000000787000000|100%| E|CS|TAMS 0x0000000786f00000, 0x0000000786f00000| Complete 
| 112|0x0000000787000000, 0x0000000787100000, 0x0000000787100000|100%| E|CS|TAMS 0x0000000787000000, 0x0000000787000000| Complete 
| 113|0x0000000787100000, 0x0000000787200000, 0x0000000787200000|100%| E|CS|TAMS 0x0000000787100000, 0x0000000787100000| Complete 
| 114|0x0000000787200000, 0x0000000787300000, 0x0000000787300000|100%| E|CS|TAMS 0x0000000787200000, 0x0000000787200000| Complete 
| 115|0x0000000787300000, 0x0000000787400000, 0x0000000787400000|100%| E|CS|TAMS 0x0000000787300000, 0x0000000787300000| Complete 
| 116|0x0000000787400000, 0x0000000787500000, 0x0000000787500000|100%| E|CS|TAMS 0x0000000787400000, 0x0000000787400000| Complete 
| 117|0x0000000787500000, 0x0000000787600000, 0x0000000787600000|100%| E|CS|TAMS 0x0000000787500000, 0x0000000787500000| Complete 
| 118|0x0000000787600000, 0x0000000787700000, 0x0000000787700000|100%| E|CS|TAMS 0x0000000787600000, 0x0000000787600000| Complete 
| 119|0x0000000787700000, 0x0000000787800000, 0x0000000787800000|100%| E|CS|TAMS 0x0000000787700000, 0x0000000787700000| Complete 
| 120|0x0000000787800000, 0x0000000787900000, 0x0000000787900000|100%| E|CS|TAMS 0x0000000787800000, 0x0000000787800000| Complete 
| 121|0x0000000787900000, 0x0000000787a00000, 0x0000000787a00000|100%| E|CS|TAMS 0x0000000787900000, 0x0000000787900000| Complete 
| 122|0x0000000787a00000, 0x0000000787b00000, 0x0000000787b00000|100%| E|CS|TAMS 0x0000000787a00000, 0x0000000787a00000| Complete 
| 123|0x0000000787b00000, 0x0000000787c00000, 0x0000000787c00000|100%| E|CS|TAMS 0x0000000787b00000, 0x0000000787b00000| Complete 
| 124|0x0000000787c00000, 0x0000000787d00000, 0x0000000787d00000|100%| E|CS|TAMS 0x0000000787c00000, 0x0000000787c00000| Complete 
| 125|0x0000000787d00000, 0x0000000787e00000, 0x0000000787e00000|100%| E|CS|TAMS 0x0000000787d00000, 0x0000000787d00000| Complete 
| 126|0x0000000787e00000, 0x0000000787f00000, 0x0000000787f00000|100%| E|CS|TAMS 0x0000000787e00000, 0x0000000787e00000| Complete 
| 127|0x0000000787f00000, 0x0000000788000000, 0x0000000788000000|100%| E|CS|TAMS 0x0000000787f00000, 0x0000000787f00000| Complete 
|2046|0x00000007ffe00000, 0x00000007ffe78000, 0x00000007fff00000| 46%|OA|  |TAMS 0x00000007ffe00000, 0x00000007ffe00000| Untracked 
|2047|0x00000007fff00000, 0x00000007fff80000, 0x0000000800000000| 50%|CA|  |TAMS 0x00000007fff00000, 0x00000007fff00000| Untracked 

Card table byte_map: [0x0000000103480000,0x0000000103880000] _byte_map_base: 0x00000000ff880000

Marking Bits (Prev, Next): (CMBitMap*) 0x000000014d02ec10, (CMBitMap*) 0x000000014d02ec50
 Prev Bits: [0x000000011b4a4000, 0x000000011d4a4000)
 Next Bits: [0x000000011d4a4000, 0x000000011f4a4000)

Polling page: 0x0000000102cdc000

Metaspace:

Usage:
  Non-class:     12.44 MB used.
      Class:      2.15 MB used.
       Both:     14.59 MB used.

Virtual space:
  Non-class space:       16.00 MB reserved,      12.56 MB ( 79%) committed,  2 nodes.
      Class space:        1.00 GB reserved,       2.25 MB ( <1%) committed,  1 nodes.
             Both:        1.02 GB reserved,      14.81 MB (  1%) committed. 

Chunk freelists:
   Non-Class:  2.59 MB
       Class:  1.75 MB
        Both:  4.34 MB

MaxMetaspaceSize: unlimited
CompressedClassSpaceSize: 1.00 GB
Initial GC threshold: 21.00 MB
Current GC threshold: 21.00 MB
CDS: on
MetaspaceReclaimPolicy: balanced
 - commit_granule_bytes: 65536.
 - commit_granule_words: 8192.
 - virtual_space_node_default_size: 1048576.
 - enlarge_chunks_in_place: 1.
 - new_chunks_are_fully_committed: 0.
 - uncommit_free_chunks: 1.
 - use_allocation_guard: 0.
 - handle_deallocations: 1.


Internal statistics:

num_allocs_failed_limit: 0.
num_arena_births: 180.
num_arena_deaths: 0.
num_vsnodes_births: 3.
num_vsnodes_deaths: 0.
num_space_committed: 237.
num_space_uncommitted: 0.
num_chunks_returned_to_freelist: 0.
num_chunks_taken_from_freelist: 633.
num_chunk_merges: 0.
num_chunk_splits: 438.
num_chunks_enlarged: 348.
num_purges: 0.
num_inconsistent_stats: 0.

CodeHeap 'non-profiled nmethods': size=120032Kb used=644Kb max_used=644Kb free=119387Kb
 bounds [0x0000000113f6c000, 0x00000001141dc000, 0x000000011b4a4000]
CodeHeap 'profiled nmethods': size=120016Kb used=3692Kb max_used=3692Kb free=116323Kb
 bounds [0x000000010ca38000, 0x000000010cdd8000, 0x0000000113f6c000]
CodeHeap 'non-nmethods': size=5712Kb used=1378Kb max_used=1409Kb free=4333Kb
 bounds [0x000000010c4a4000, 0x000000010c714000, 0x000000010ca38000]
 total_blobs=2644 nmethods=1876 adapters=684
 compilation: enabled
              stopped_count=0, restarted_count=0
 full_count=0

Compilation events (20 events):
Event: 2.658 Thread 0x000000014a00d800 1946       3       java.util.concurrent.LinkedBlockingDeque::unlinkFirst (74 bytes)
Event: 2.659 Thread 0x000000014a00d800 nmethod 1946 0x000000010cdc6110 code [0x000000010cdc6340, 0x000000010cdc69f8]
Event: 2.718 Thread 0x000000014a00d800 1947       3       javafx.scene.Node::updateBounds (174 bytes)
Event: 2.720 Thread 0x000000014a00d800 nmethod 1947 0x000000010cdc6c10 code [0x000000010cdc70c0, 0x000000010cdc8d78]
Event: 2.720 Thread 0x000000014a00d800 1948       3       com.sun.javafx.sg.prism.NGNode::invalidateCache (15 bytes)
Event: 2.720 Thread 0x000000014a00d800 nmethod 1948 0x000000010cdc9490 code [0x000000010cdc9640, 0x000000010cdc97d8]
Event: 2.720 Thread 0x000000014a00d800 1949       1       java.util.LinkedList::size (5 bytes)
Event: 2.720 Thread 0x000000014a00d800 nmethod 1949 0x000000011400c190 code [0x000000011400c300, 0x000000011400c3e8]
Event: 2.720 Thread 0x000000014a00d800 1950 %     3       com.sun.marlin.Renderer::_endRendering @ 763 (2473 bytes)
Event: 2.731 Thread 0x000000014a00d800 nmethod 1950% 0x000000010cdc9890 code [0x000000010cdca080, 0x000000010cdcf058]
Event: 2.731 Thread 0x000000014a00d800 1952       1       com.sun.javafx.sg.prism.NGNode::getNodeBlendMode (5 bytes)
Event: 2.731 Thread 0x000000014a00d800 nmethod 1952 0x000000011400c490 code [0x000000011400c600, 0x000000011400c6e8]
Event: 2.731 Thread 0x000000014a00d800 1953       1       com.sun.prism.impl.BaseGraphics::setState3D (6 bytes)
Event: 2.731 Thread 0x000000014a00d800 nmethod 1953 0x000000011400c790 code [0x000000011400c900, 0x000000011400c9e8]
Event: 2.731 Thread 0x000000014a00d800 1954       1       com.sun.prism.impl.BaseGraphics::hasPreCullingBits (5 bytes)
Event: 2.731 Thread 0x000000014a00d800 nmethod 1954 0x000000011400ca90 code [0x000000011400cc00, 0x000000011400cce8]
Event: 2.731 Thread 0x000000014a00d800 1951       1       com.sun.prism.es2.GLFactory::isGL2 (5 bytes)
Event: 2.731 Thread 0x000000014a00d800 nmethod 1951 0x000000011400cd90 code [0x000000011400cf00, 0x000000011400cfe8]
Event: 2.768 Thread 0x000000014a00d800 1955   !   3       com.sun.scenario.animation.shared.AnimationAccessor::getDefault (66 bytes)
Event: 2.768 Thread 0x000000014a00d800 nmethod 1955 0x000000010cdd2c10 code [0x000000010cdd2e00, 0x000000010cdd3148]

GC Heap History (2 events):
Event: 0.393 GC heap before
{Heap before GC invocations=0 (full 0):
 garbage-first heap   total 133120K, used 23520K [0x0000000780000000, 0x0000000800000000)
  region size 1024K, 23 young (23552K), 0 survivors (0K)
 Metaspace       used 7213K, committed 7424K, reserved 1056768K
  class space    used 926K, committed 1024K, reserved 1048576K
}
Event: 0.396 GC heap after
{Heap after GC invocations=1 (full 0):
 garbage-first heap   total 133120K, used 4474K [0x0000000780000000, 0x0000000800000000)
  region size 1024K, 3 young (3072K), 3 survivors (3072K)
 Metaspace       used 7213K, committed 7424K, reserved 1056768K
  class space    used 926K, committed 1024K, reserved 1048576K
}

Deoptimization events (20 events):
Event: 1.878 Thread 0x000000013a0c4000 DEOPT PACKING pc=0x000000010cd49b20 sp=0x000000016fd311a0
Event: 1.878 Thread 0x000000013a0c4000 DEOPT UNPACKING pc=0x000000010c4e2b7c sp=0x000000016fd30e00 mode 0
Event: 1.878 Thread 0x000000013a0c4000 DEOPT PACKING pc=0x000000010cd49b20 sp=0x000000016fd311a0
Event: 1.878 Thread 0x000000013a0c4000 DEOPT UNPACKING pc=0x000000010c4e2b7c sp=0x000000016fd30e00 mode 0
Event: 1.879 Thread 0x000000013a0c4000 DEOPT PACKING pc=0x000000010cd49b20 sp=0x000000016fd311a0
Event: 1.879 Thread 0x000000013a0c4000 DEOPT UNPACKING pc=0x000000010c4e2b7c sp=0x000000016fd30e00 mode 0
Event: 1.879 Thread 0x000000013a0c4000 DEOPT PACKING pc=0x000000010cd49a34 sp=0x000000016fd311a0
Event: 1.879 Thread 0x000000013a0c4000 DEOPT UNPACKING pc=0x000000010c4e2b7c sp=0x000000016fd30e00 mode 0
Event: 1.879 Thread 0x000000013a0c4000 DEOPT PACKING pc=0x000000010cd49b20 sp=0x000000016fd311a0
Event: 1.879 Thread 0x000000013a0c4000 DEOPT UNPACKING pc=0x000000010c4e2b7c sp=0x000000016fd30e00 mode 0
Event: 1.880 Thread 0x000000013a0c4000 DEOPT PACKING pc=0x000000010cd49b20 sp=0x000000016fd311a0
Event: 1.880 Thread 0x000000013a0c4000 DEOPT UNPACKING pc=0x000000010c4e2b7c sp=0x000000016fd30e00 mode 0
Event: 1.881 Thread 0x000000013a0c4000 DEOPT PACKING pc=0x000000010cd49a34 sp=0x000000016fd311a0
Event: 1.881 Thread 0x000000013a0c4000 DEOPT UNPACKING pc=0x000000010c4e2b7c sp=0x000000016fd30e00 mode 0
Event: 1.882 Thread 0x000000013a0c4000 DEOPT PACKING pc=0x000000010cd49b20 sp=0x000000016fd311a0
Event: 1.882 Thread 0x000000013a0c4000 DEOPT UNPACKING pc=0x000000010c4e2b7c sp=0x000000016fd30e00 mode 0
Event: 1.883 Thread 0x000000013a0c4000 DEOPT PACKING pc=0x000000010cd49b20 sp=0x000000016fd311a0
Event: 1.883 Thread 0x000000013a0c4000 DEOPT UNPACKING pc=0x000000010c4e2b7c sp=0x000000016fd30e00 mode 0
Event: 1.884 Thread 0x000000013a0c4000 DEOPT PACKING pc=0x000000010cd49a34 sp=0x000000016fd311a0
Event: 1.884 Thread 0x000000013a0c4000 DEOPT UNPACKING pc=0x000000010c4e2b7c sp=0x000000016fd30e00 mode 0

Classes unloaded (0 events):
No events

Classes redefined (0 events):
No events

Internal exceptions (20 events):
Event: 0.460 Thread 0x000000012a11c400 Exception <a 'java/lang/NoSuchMethodError'{0x000000078776acd0}: 'void java.lang.invoke.DirectMethodHandle$Holder.invokeStaticInit(java.lang.Object, java.lang.Object)'> (0x000000078776acd0) 
thrown [open/src/hotspot/share/interpreter/linkResolver.cpp, line 766]
Event: 0.465 Thread 0x000000012a11c400 Exception <a 'sun/nio/fs/UnixException'{0x0000000787619008}> (0x0000000787619008) 
thrown [open/src/hotspot/share/prims/jni.cpp, line 516]
Event: 0.523 Thread 0x000000012a11c400 Exception <a 'java/io/FileNotFoundException'{0x00000007876d3590}> (0x00000007876d3590) 
thrown [open/src/hotspot/share/prims/jni.cpp, line 516]
Event: 0.523 Thread 0x000000012a11c400 Exception <a 'java/io/FileNotFoundException'{0x00000007876d4120}> (0x00000007876d4120) 
thrown [open/src/hotspot/share/prims/jni.cpp, line 516]
Event: 0.536 Thread 0x000000012a11c400 Implicit null exception at 0x0000000113fac478 to 0x0000000113fac508
Event: 0.537 Thread 0x000000012a11c400 Implicit null exception at 0x0000000113fc8010 to 0x0000000113fc84cc
Event: 0.540 Thread 0x000000012a11c400 Implicit null exception at 0x0000000113fc3054 to 0x0000000113fc3398
Event: 0.540 Thread 0x000000012a11c400 Implicit null exception at 0x0000000113fc75d4 to 0x0000000113fc7640
Event: 0.587 Thread 0x000000012a11c400 Exception <a 'java/lang/NoSuchMethodError'{0x0000000786fde3c8}: 'java.lang.Object java.lang.invoke.DirectMethodHandle$Holder.invokeInterface(java.lang.Object, java.lang.Object, java.lang.Object)'> (0x0000000786fde3c8) 
thrown [open/src/hotspot/share/interpreter/linkResolver.cpp, line 766]
Event: 0.587 Thread 0x000000012a11c400 Exception <a 'java/lang/IncompatibleClassChangeError'{0x0000000786fe1d50}: Found class java.lang.Object, but interface was expected> (0x0000000786fe1d50) 
thrown [open/src/hotspot/share/interpreter/linkResolver.cpp, line 833]
Event: 0.602 Thread 0x000000012a11c400 Exception <a 'java/lang/ClassNotFoundException'{0x0000000786de9f18}: com/sun/javafx/scene/control/skin/resources/controls> (0x0000000786de9f18) 
thrown [open/src/hotspot/share/prims/jni.cpp, line 535]
Event: 0.602 Thread 0x000000012a11c400 Exception <a 'java/lang/ClassNotFoundException'{0x0000000786df7eb8}: com/sun/javafx/scene/control/skin/resources/controls_en> (0x0000000786df7eb8) 
thrown [open/src/hotspot/share/prims/jni.cpp, line 535]
Event: 0.602 Thread 0x000000012a11c400 Exception <a 'java/lang/ClassNotFoundException'{0x0000000786df8e50}: com/sun/javafx/scene/control/skin/resources/controls_en_RO> (0x0000000786df8e50) 
thrown [open/src/hotspot/share/prims/jni.cpp, line 535]
Event: 0.615 Thread 0x000000012a11c400 Exception <a 'java/lang/NoSuchMethodError'{0x0000000786bb6878}: 'void java.lang.invoke.DirectMethodHandle$Holder.invokeSpecial(java.lang.Object, java.lang.Object, java.lang.Object, java.lang.Object, java.lang.Object, java.lang.Object)'> (0x0000000786bb6878) 
thrown [open/src/hotspot/share/interpreter/linkResolver.cpp, line 766]
Event: 0.677 Thread 0x000000012a11c400 Exception <a 'java/lang/NoSuchMethodError'{0x0000000786476ce8}: 'java.lang.Object java.lang.invoke.DirectMethodHandle$Holder.newInvokeSpecial(java.lang.Object, java.lang.Object, int)'> (0x0000000786476ce8) 
thrown [open/src/hotspot/share/interpreter/linkResolver.cpp, line 766]
Event: 0.716 Thread 0x000000013a0c4000 Exception <a 'java/lang/NoSuchMethodError'{0x00000007863cb0c8}: 'int java.lang.invoke.DirectMethodHandle$Holder.invokeStaticInit(java.lang.Object, java.lang.Object)'> (0x00000007863cb0c8) 
thrown [open/src/hotspot/share/interpreter/linkResolver.cpp, line 766]
Event: 0.718 Thread 0x000000012a11c400 Exception <a 'java/lang/NoSuchMethodError'{0x00000007864e8408}: 'long java.lang.invoke.DirectMethodHandle$Holder.invokeStatic(java.lang.Object, java.lang.Object, java.lang.Object)'> (0x00000007864e8408) 
thrown [open/src/hotspot/share/interpreter/linkResolver.cpp, line 766]
Event: 0.718 Thread 0x000000012a11c400 Exception <a 'java/lang/NoSuchMethodError'{0x00000007864ebbb0}: 'long java.lang.invoke.DirectMethodHandle$Holder.invokeStaticInit(java.lang.Object, java.lang.Object, java.lang.Object)'> (0x00000007864ebbb0) 
thrown [open/src/hotspot/share/interpreter/linkResolver.cpp, line 766]
Event: 0.719 Thread 0x000000012a11c400 Exception <a 'java/lang/NoSuchMethodError'{0x0000000786204018}: 'java.lang.Object java.lang.invoke.DirectMethodHandle$Holder.newInvokeSpecial(java.lang.Object, java.lang.Object, long)'> (0x0000000786204018) 
thrown [open/src/hotspot/share/interpreter/linkResolver.cpp, line 766]
Event: 0.719 Thread 0x000000012a11c400 Exception <a 'java/lang/NoSuchMethodError'{0x00000007862078e0}: 'java.lang.Object java.lang.invoke.Invokers$Holder.linkToTargetMethod(java.lang.Object, long, java.lang.Object)'> (0x00000007862078e0) 
thrown [open/src/hotspot/share/interpreter/linkResolver.cpp, line 766]

VM Operations (20 events):
Event: 0.069 Executing VM operation: HandshakeAllThreads
Event: 0.069 Executing VM operation: HandshakeAllThreads done
Event: 0.077 Executing VM operation: ICBufferFull
Event: 0.077 Executing VM operation: ICBufferFull done
Event: 0.079 Executing VM operation: HandshakeAllThreads
Event: 0.079 Executing VM operation: HandshakeAllThreads done
Event: 0.391 Executing VM operation: ICBufferFull
Event: 0.392 Executing VM operation: ICBufferFull done
Event: 0.393 Executing VM operation: G1CollectForAllocation
Event: 0.397 Executing VM operation: G1CollectForAllocation done
Event: 0.406 Executing VM operation: HandshakeAllThreads
Event: 0.406 Executing VM operation: HandshakeAllThreads done
Event: 0.437 Executing VM operation: HandshakeAllThreads
Event: 0.437 Executing VM operation: HandshakeAllThreads done
Event: 0.541 Executing VM operation: ICBufferFull
Event: 0.541 Executing VM operation: ICBufferFull done
Event: 0.710 Executing VM operation: ICBufferFull
Event: 0.710 Executing VM operation: ICBufferFull done
Event: 2.116 Executing VM operation: Cleanup
Event: 2.116 Executing VM operation: Cleanup done

Events (20 events):
Event: 1.219 loading class sun/util/locale/provider/TimeZoneNameUtility$TimeZoneNameGetter
Event: 1.219 loading class sun/util/locale/provider/TimeZoneNameUtility$TimeZoneNameGetter done
Event: 1.219 loading class sun/util/cldr/CLDRTimeZoneNameProviderImpl
Event: 1.219 loading class sun/util/locale/provider/TimeZoneNameProviderImpl
Event: 1.219 loading class sun/util/locale/provider/TimeZoneNameProviderImpl done
Event: 1.219 loading class sun/util/cldr/CLDRTimeZoneNameProviderImpl done
Event: 1.220 loading class sun/util/resources/cldr/TimeZoneNames
Event: 1.220 loading class sun/util/resources/TimeZoneNamesBundle
Event: 1.220 loading class sun/util/resources/OpenListResourceBundle
Event: 1.220 loading class sun/util/resources/OpenListResourceBundle done
Event: 1.220 loading class sun/util/resources/TimeZoneNamesBundle done
Event: 1.220 loading class sun/util/resources/cldr/TimeZoneNames done
Event: 1.220 loading class sun/util/resources/cldr/TimeZoneNames_en
Event: 1.220 loading class sun/util/resources/cldr/TimeZoneNames_en done
Event: 1.221 loading class sun/util/resources/cldr/TimeZoneNames_en_US
Event: 1.221 loading class sun/util/resources/cldr/TimeZoneNames_en_US done
Event: 1.221 loading class sun/util/resources/TimeZoneNames
Event: 1.222 loading class sun/util/resources/TimeZoneNames done
Event: 1.222 loading class sun/util/resources/TimeZoneNames_en
Event: 1.222 loading class sun/util/resources/TimeZoneNames_en done


Dynamic libraries:
0x0000000102c8c000 	/Users/gabriel-claudiuprivantu/Library/Java/JavaVirtualMachines/openjdk-17.0.2/Contents/Home/lib/libjli.dylib
0x00000001cc2b0000 	/usr/lib/libz.1.dylib
0x00000001cc367000 	/usr/lib/libSystem.B.dylib
0x00000001cc361000 	/usr/lib/system/libcache.dylib
0x00000001cc31f000 	/usr/lib/system/libcommonCrypto.dylib
0x00000001cc348000 	/usr/lib/system/libcompiler_rt.dylib
0x00000001cc33f000 	/usr/lib/system/libcopyfile.dylib
0x00000001c15a7000 	/usr/lib/system/libcorecrypto.dylib
0x00000001c165a000 	/usr/lib/system/libdispatch.dylib
0x00000001c1828000 	/usr/lib/system/libdyld.dylib
0x00000001cc357000 	/usr/lib/system/libkeymgr.dylib
0x00000001cc2fa000 	/usr/lib/system/libmacho.dylib
0x00000001cb9ef000 	/usr/lib/system/libquarantine.dylib
0x00000001cc354000 	/usr/lib/system/libremovefile.dylib
0x00000001c6990000 	/usr/lib/system/libsystem_asl.dylib
0x00000001c1549000 	/usr/lib/system/libsystem_blocks.dylib
0x00000001c16e2000 	/usr/lib/system/libsystem_c.dylib
0x00000001cc34c000 	/usr/lib/system/libsystem_collections.dylib
0x00000001cae7d000 	/usr/lib/system/libsystem_configuration.dylib
0x00000001ca0d9000 	/usr/lib/system/libsystem_containermanager.dylib
0x00000001cc05c000 	/usr/lib/system/libsystem_coreservices.dylib
0x00000001c3f50000 	/usr/lib/system/libsystem_darwin.dylib
0x00000001cc358000 	/usr/lib/system/libsystem_dnssd.dylib
0x00000001c16df000 	/usr/lib/system/libsystem_featureflags.dylib
0x00000001c183d000 	/usr/lib/system/libsystem_info.dylib
0x00000001cc2c2000 	/usr/lib/system/libsystem_m.dylib
0x00000001c162f000 	/usr/lib/system/libsystem_malloc.dylib
0x00000001c691f000 	/usr/lib/system/libsystem_networkextension.dylib
0x00000001c43a9000 	/usr/lib/system/libsystem_notify.dylib
0x00000001d26a5000 	/usr/lib/system/libsystem_product_info_filter.dylib
0x00000001cae82000 	/usr/lib/system/libsystem_sandbox.dylib
0x00000001cc351000 	/usr/lib/system/libsystem_secinit.dylib
0x00000001c17e3000 	/usr/lib/system/libsystem_kernel.dylib
0x00000001c1835000 	/usr/lib/system/libsystem_platform.dylib
0x00000001c181b000 	/usr/lib/system/libsystem_pthread.dylib
0x00000001c80e8000 	/usr/lib/system/libsystem_symptoms.dylib
0x00000001c158d000 	/usr/lib/system/libsystem_trace.dylib
0x00000001cc32c000 	/usr/lib/system/libunwind.dylib
0x00000001c154b000 	/usr/lib/system/libxpc.dylib
0x00000001c17cb000 	/usr/lib/libc++abi.dylib
0x00000001c16a1000 	/usr/lib/libobjc.A.dylib
0x00000001cc337000 	/usr/lib/liboah.dylib
0x00000001c1764000 	/usr/lib/libc++.1.dylib
0x00000001d81be000 	/System/Library/Frameworks/Cocoa.framework/Versions/A/Cocoa
0x00000001c440a000 	/System/Library/Frameworks/AppKit.framework/Versions/C/AppKit
0x00000001c7910000 	/System/Library/Frameworks/CoreData.framework/Versions/A/CoreData
0x00000001c2765000 	/System/Library/Frameworks/Foundation.framework/Versions/C/Foundation
0x00000001c52c2000 	/System/Library/PrivateFrameworks/UIFoundation.framework/Versions/A/UIFoundation
0x00000001d239f000 	/System/Library/PrivateFrameworks/RemoteViewServices.framework/Versions/A/RemoteViewServices
0x00000001ca825000 	/System/Library/PrivateFrameworks/XCTTargetBootstrap.framework/Versions/A/XCTTargetBootstrap
0x00000001ce0a3000 	/System/Library/PrivateFrameworks/InternationalSupport.framework/Versions/A/InternationalSupport
0x00000001ce12c000 	/System/Library/PrivateFrameworks/UserActivity.framework/Versions/A/UserActivity
0x00000001cd59e000 	/usr/lib/libspindump.dylib
0x00000001c5533000 	/System/Library/Frameworks/UniformTypeIdentifiers.framework/Versions/A/UniformTypeIdentifiers
0x00000001c8d70000 	/usr/lib/libapp_launch_measurement.dylib
0x00000001c829a000 	/System/Library/PrivateFrameworks/CoreAnalytics.framework/Versions/A/CoreAnalytics
0x00000001c8d73000 	/System/Library/PrivateFrameworks/CoreAutoLayout.framework/Versions/A/CoreAutoLayout
0x00000001ca116000 	/System/Library/Frameworks/Metal.framework/Versions/A/Metal
0x00000001cae8d000 	/usr/lib/liblangid.dylib
0x00000001ca82a000 	/System/Library/PrivateFrameworks/CoreSVG.framework/Versions/A/CoreSVG
0x00000001c69c4000 	/System/Library/PrivateFrameworks/SkyLight.framework/Versions/A/SkyLight
0x00000001c6d99000 	/System/Library/Frameworks/CoreGraphics.framework/Versions/A/CoreGraphics
0x00000001d2a6b000 	/System/Library/Frameworks/Accelerate.framework/Versions/A/Accelerate
0x00000001cd015000 	/System/Library/PrivateFrameworks/IconServices.framework/Versions/A/IconServices
0x00000001ca0f8000 	/System/Library/Frameworks/IOSurface.framework/Versions/A/IOSurface
0x00000001c82cb000 	/usr/lib/libDiagnosticMessagesClient.dylib
0x00000001d5f6c000 	/System/Library/Frameworks/ApplicationServices.framework/Versions/A/ApplicationServices
0x00000001ca80d000 	/System/Library/PrivateFrameworks/DFRFoundation.framework/Versions/A/DFRFoundation
0x00000001c3c9a000 	/usr/lib/libicucore.A.dylib
0x00000001cef4f000 	/System/Library/Frameworks/AudioToolbox.framework/Versions/A/AudioToolbox
0x00000001ce0af000 	/System/Library/PrivateFrameworks/DataDetectorsCore.framework/Versions/A/DataDetectorsCore
0x00000001e49ef000 	/System/Library/PrivateFrameworks/TextInput.framework/Versions/A/TextInput
0x00000001c6939000 	/usr/lib/libMobileGestalt.dylib
0x00000001ca4d9000 	/System/Library/Frameworks/Carbon.framework/Versions/A/Frameworks/HIToolbox.framework/Versions/A/HIToolbox
0x00000001c874c000 	/System/Library/Frameworks/QuartzCore.framework/Versions/A/QuartzCore
0x00000001c391d000 	/System/Library/Frameworks/Security.framework/Versions/A/Security
0x00000001d23df000 	/System/Library/Frameworks/Carbon.framework/Versions/A/Frameworks/SpeechRecognition.framework/Versions/A/SpeechRecognition
0x00000001c8ac6000 	/System/Library/PrivateFrameworks/CoreUI.framework/Versions/A/CoreUI
0x00000001c31fa000 	/System/Library/Frameworks/CoreAudio.framework/Versions/A/CoreAudio
0x00000001c83c0000 	/System/Library/Frameworks/DiskArbitration.framework/Versions/A/DiskArbitration
0x00000001cd9a8000 	/System/Library/PrivateFrameworks/MultitouchSupport.framework/Versions/A/MultitouchSupport
0x00000001c6937000 	/usr/lib/libenergytrace.dylib
0x00000001c42d2000 	/System/Library/Frameworks/IOKit.framework/Versions/A/IOKit
0x00000001d27ce000 	/System/Library/Frameworks/CoreServices.framework/Versions/A/CoreServices
0x00000001c8d00000 	/System/Library/PrivateFrameworks/PerformanceAnalysis.framework/Versions/A/PerformanceAnalysis
0x0000000222cd7000 	/System/Library/Frameworks/OpenGL.framework/Versions/A/OpenGL
0x00000001cb907000 	/System/Library/PrivateFrameworks/MobileKeyBag.framework/Versions/A/MobileKeyBag
0x00000001c73a6000 	/System/Library/Frameworks/ColorSync.framework/Versions/A/ColorSync
0x00000001c186a000 	/System/Library/Frameworks/CoreFoundation.framework/Versions/A/CoreFoundation
0x00000001caaa9000 	/System/Library/Frameworks/CoreImage.framework/Versions/A/CoreImage
0x00000001c301e000 	/System/Library/Frameworks/CoreText.framework/Versions/A/CoreText
0x00000001ca85a000 	/System/Library/Frameworks/ImageIO.framework/Versions/A/ImageIO
0x00000001cc36d000 	/System/Library/PrivateFrameworks/SoftLinking.framework/Versions/A/SoftLinking
0x00000001c8dbe000 	/usr/lib/libxml2.2.dylib
0x00000001cc606000 	/usr/lib/libcompression.dylib
0x00000001cdfff000 	/System/Library/PrivateFrameworks/TextureIO.framework/Versions/A/TextureIO
0x00000001ccd2e000 	/usr/lib/libate.dylib
0x00000001ccbf3000 	/usr/lib/liblzma.5.dylib
0x00000001c2459000 	/System/Library/Frameworks/SystemConfiguration.framework/Versions/A/SystemConfiguration
0x00000001cc369000 	/usr/lib/libfakelink.dylib
0x00000001c646b000 	/System/Library/Frameworks/CFNetwork.framework/Versions/A/CFNetwork
0x00000001cc4af000 	/usr/lib/libarchive.2.dylib
0x00000001cae89000 	/System/Library/PrivateFrameworks/AppleSystemInfo.framework/Versions/A/AppleSystemInfo
0x00000001cba1a000 	/usr/lib/libbsm.0.dylib
0x00000001c59dc000 	/usr/lib/libnetwork.dylib
0x00000001cc303000 	/usr/lib/system/libkxld.dylib
0x00000001cb62d000 	/System/Library/PrivateFrameworks/IOMobileFramebuffer.framework/Versions/A/IOMobileFramebuffer
0x0000000240603000 	/usr/lib/libCoreEntitlements.dylib
0x00000001cc03e000 	/System/Library/PrivateFrameworks/AppleFSCompression.framework/Versions/A/AppleFSCompression
0x00000001cba02000 	/usr/lib/libcoretls.dylib
0x00000001ccc0c000 	/usr/lib/libcoretls_cfhelpers.dylib
0x00000001cc601000 	/usr/lib/libpam.2.dylib
0x00000001c7cff000 	/usr/lib/libsqlite3.dylib
0x00000001ccc75000 	/usr/lib/libxar.1.dylib
0x00000001cc04f000 	/usr/lib/libbz2.1.0.dylib
0x00000001cc36e000 	/usr/lib/libpcap.A.dylib
0x00000001c80df000 	/usr/lib/libdns_services.dylib
0x00000001cc5d4000 	/usr/lib/libapple_nghttp2.dylib
0x00000001cc3ab000 	/usr/lib/libiconv.2.dylib
0x00000001cc2f9000 	/usr/lib/libcharset.1.dylib
0x00000001c8d3c000 	/System/Library/Frameworks/CoreServices.framework/Versions/A/Frameworks/FSEvents.framework/Versions/A/FSEvents
0x00000001c3f5b000 	/System/Library/Frameworks/CoreServices.framework/Versions/A/Frameworks/CarbonCore.framework/Versions/A/CarbonCore
0x00000001c8320000 	/System/Library/Frameworks/CoreServices.framework/Versions/A/Frameworks/Metadata.framework/Versions/A/Metadata
0x00000001cc062000 	/System/Library/Frameworks/CoreServices.framework/Versions/A/Frameworks/OSServices.framework/Versions/A/OSServices
0x00000001cc535000 	/System/Library/Frameworks/CoreServices.framework/Versions/A/Frameworks/SearchKit.framework/Versions/A/SearchKit
0x00000001c806e000 	/System/Library/Frameworks/CoreServices.framework/Versions/A/Frameworks/AE.framework/Versions/A/AE
0x00000001c1db0000 	/System/Library/Frameworks/CoreServices.framework/Versions/A/Frameworks/LaunchServices.framework/Versions/A/LaunchServices
0x00000001ccb9c000 	/System/Library/Frameworks/CoreServices.framework/Versions/A/Frameworks/DictionaryServices.framework/Versions/A/DictionaryServices
0x00000001c8d49000 	/System/Library/Frameworks/CoreServices.framework/Versions/A/Frameworks/SharedFileList.framework/Versions/A/SharedFileList
0x00000001cb9f2000 	/usr/lib/libCheckFix.dylib
0x00000001c69a8000 	/System/Library/PrivateFrameworks/TCC.framework/Versions/A/TCC
0x00000001cae8f000 	/System/Library/PrivateFrameworks/CoreNLP.framework/Versions/A/CoreNLP
0x00000001c82ce000 	/System/Library/PrivateFrameworks/MetadataUtilities.framework/Versions/A/MetadataUtilities
0x00000001c2512000 	/usr/lib/libmecabra.dylib
0x00000001cba2b000 	/usr/lib/libmecab.dylib
0x00000001c24de000 	/usr/lib/libCRFSuite.dylib
0x00000001cba88000 	/usr/lib/libgermantok.dylib
0x00000001cc5ad000 	/usr/lib/libThaiTokenizer.dylib
0x00000001c83c8000 	/System/Library/Frameworks/Accelerate.framework/Versions/A/Frameworks/vImage.framework/Versions/A/vImage
0x00000001d27a5000 	/System/Library/Frameworks/Accelerate.framework/Versions/A/Frameworks/vecLib.framework/Versions/A/vecLib
0x00000001cccba000 	/System/Library/Frameworks/Accelerate.framework/Versions/A/Frameworks/vecLib.framework/Versions/A/libvMisc.dylib
0x00000001cb534000 	/System/Library/Frameworks/Accelerate.framework/Versions/A/Frameworks/vecLib.framework/Versions/A/libvDSP.dylib
0x00000001c2139000 	/System/Library/Frameworks/Accelerate.framework/Versions/A/Frameworks/vecLib.framework/Versions/A/libBLAS.dylib
0x00000001cc6d7000 	/System/Library/Frameworks/Accelerate.framework/Versions/A/Frameworks/vecLib.framework/Versions/A/libLAPACK.dylib
0x00000001cba8b000 	/System/Library/Frameworks/Accelerate.framework/Versions/A/Frameworks/vecLib.framework/Versions/A/libLinearAlgebra.dylib
0x00000001cc5ec000 	/System/Library/Frameworks/Accelerate.framework/Versions/A/Frameworks/vecLib.framework/Versions/A/libSparseBLAS.dylib
0x00000001cc6d2000 	/System/Library/Frameworks/Accelerate.framework/Versions/A/Frameworks/vecLib.framework/Versions/A/libQuadrature.dylib
0x00000001caf88000 	/System/Library/Frameworks/Accelerate.framework/Versions/A/Frameworks/vecLib.framework/Versions/A/libBNNS.dylib
0x00000001c23f7000 	/System/Library/Frameworks/Accelerate.framework/Versions/A/Frameworks/vecLib.framework/Versions/A/libSparse.dylib
0x00000001caf80000 	/System/Library/PrivateFrameworks/LinguisticData.framework/Versions/A/LinguisticData
0x00000001c23af000 	/System/Library/PrivateFrameworks/Lexicon.framework/Versions/A/Lexicon
0x00000001cccb2000 	/usr/lib/libChineseTokenizer.dylib
0x00000001c2b56000 	/System/Library/PrivateFrameworks/LanguageModeling.framework/Versions/A/LanguageModeling
0x00000001cc5af000 	/System/Library/PrivateFrameworks/AppleSauce.framework/Versions/A/AppleSauce
0x00000001cb61a000 	/System/Library/PrivateFrameworks/CoreEmoji.framework/Versions/A/CoreEmoji
0x00000001cc49d000 	/usr/lib/libcmph.dylib
0x00000001c8d1c000 	/System/Library/Frameworks/OpenDirectory.framework/Versions/A/Frameworks/CFOpenDirectory.framework/Versions/A/CFOpenDirectory
0x00000001c8d0c000 	/System/Library/Frameworks/OpenDirectory.framework/Versions/A/OpenDirectory
0x00000001ccc0e000 	/System/Library/PrivateFrameworks/APFS.framework/Versions/A/APFS
0x00000001cb942000 	/System/Library/Frameworks/SecurityFoundation.framework/Versions/A/SecurityFoundation
0x00000001ccc84000 	/usr/lib/libutil.dylib
0x00000001c4294000 	/System/Library/PrivateFrameworks/CoreServicesStore.framework/Versions/A/CoreServicesStore
0x00000001ccc88000 	/usr/lib/libxslt.1.dylib
0x00000001cb9d6000 	/System/Library/PrivateFrameworks/BackgroundTaskManagement.framework/Versions/A/BackgroundTaskManagement
0x00000001cdf20000 	/System/Library/Frameworks/ImageIO.framework/Versions/A/Resources/libRadiance.dylib
0x00000001cdf29000 	/System/Library/Frameworks/ImageIO.framework/Versions/A/Resources/libJPEG.dylib
0x00000001cde7c000 	/System/Library/Frameworks/ImageIO.framework/Versions/A/Resources/libPng.dylib
0x00000001cde9e000 	/System/Library/Frameworks/ImageIO.framework/Versions/A/Resources/libTIFF.dylib
0x00000001cdf84000 	/System/Library/Frameworks/ImageIO.framework/Versions/A/Resources/libGIF.dylib
0x00000001cd8b8000 	/System/Library/Frameworks/ImageIO.framework/Versions/A/Resources/libJP2.dylib
0x00000001ccfda000 	/usr/lib/libexpat.1.dylib
0x00000001cd873000 	/System/Library/PrivateFrameworks/AppleJPEG.framework/Versions/A/AppleJPEG
0x00000001ca395000 	/System/Library/PrivateFrameworks/FontServices.framework/libFontParser.dylib
0x00000001c8013000 	/System/Library/PrivateFrameworks/RunningBoardServices.framework/Versions/A/RunningBoardServices
0x00000001d8891000 	/System/Library/PrivateFrameworks/IOSurfaceAccelerator.framework/Versions/A/IOSurfaceAccelerator
0x00000001cd9a4000 	/System/Library/PrivateFrameworks/WatchdogClient.framework/Versions/A/WatchdogClient
0x00000001c2c5a000 	/System/Library/Frameworks/CoreDisplay.framework/Versions/A/CoreDisplay
0x00000001ca27f000 	/System/Library/Frameworks/CoreMedia.framework/Versions/A/CoreMedia
0x00000001ca10c000 	/System/Library/PrivateFrameworks/IOAccelerator.framework/Versions/A/IOAccelerator
0x00000001c8eac000 	/System/Library/Frameworks/CoreVideo.framework/Versions/A/CoreVideo
0x00000001cc5ff000 	/System/Library/Frameworks/MetalPerformanceShaders.framework/Versions/A/MetalPerformanceShaders
0x00000001cd9e3000 	/System/Library/Frameworks/VideoToolbox.framework/Versions/A/VideoToolbox
0x00000001c7f57000 	/System/Library/PrivateFrameworks/BaseBoard.framework/Versions/A/BaseBoard
0x00000001c7ce5000 	/System/Library/PrivateFrameworks/ProtocolBuffer.framework/Versions/A/ProtocolBuffer
0x00000001cdf1b000 	/System/Library/PrivateFrameworks/GPUWrangler.framework/Versions/A/GPUWrangler
0x00000001cdefb000 	/System/Library/PrivateFrameworks/IOPresentment.framework/Versions/A/IOPresentment
0x00000001cdf23000 	/System/Library/PrivateFrameworks/DSExternalDisplay.framework/Versions/A/DSExternalDisplay
0x0000000222cca000 	/System/Library/Frameworks/OpenGL.framework/Versions/A/Libraries/libCoreFSCache.dylib
0x000000022d189000 	/System/Library/PrivateFrameworks/GPUCompiler.framework/Versions/31001/Libraries/libGPUCompilerUtils.dylib
0x00000001cdf89000 	/System/Library/PrivateFrameworks/CMCaptureCore.framework/Versions/A/CMCaptureCore
0x00000001cd58b000 	/System/Library/PrivateFrameworks/AppServerSupport.framework/Versions/A/AppServerSupport
0x00000001cf80c000 	/System/Library/PrivateFrameworks/perfdata.framework/Versions/A/perfdata
0x00000001c2d7a000 	/System/Library/PrivateFrameworks/AudioToolboxCore.framework/Versions/A/AudioToolboxCore
0x00000001ca258000 	/System/Library/PrivateFrameworks/caulk.framework/Versions/A/caulk
0x00000001cf101000 	/usr/lib/libAudioStatistics.dylib
0x00000001e1056000 	/System/Library/PrivateFrameworks/SystemPolicy.framework/Versions/A/SystemPolicy
0x00000001cf36d000 	/usr/lib/libSMC.dylib
0x00000001d80a0000 	/System/Library/Frameworks/CoreMIDI.framework/Versions/A/CoreMIDI
0x00000001cde4a000 	/usr/lib/libAudioToolboxUtility.dylib
0x00000001dd123000 	/System/Library/PrivateFrameworks/OSAServicesClient.framework/Versions/A/OSAServicesClient
0x00000001cf819000 	/usr/lib/libperfcheck.dylib
0x00000001e1b6e000 	/usr/lib/libmis.dylib
0x0000000222d2c000 	/System/Library/Frameworks/OpenGL.framework/Versions/A/Libraries/libGLU.dylib
0x0000000222ceb000 	/System/Library/Frameworks/OpenGL.framework/Versions/A/Libraries/libGFXShared.dylib
0x0000000222ed8000 	/System/Library/Frameworks/OpenGL.framework/Versions/A/Libraries/libGL.dylib
0x0000000222cf4000 	/System/Library/Frameworks/OpenGL.framework/Versions/A/Libraries/libGLImage.dylib
0x0000000222ce8000 	/System/Library/Frameworks/OpenGL.framework/Versions/A/Libraries/libCVMSPluginSupport.dylib
0x0000000222cd1000 	/System/Library/Frameworks/OpenGL.framework/Versions/A/Libraries/libCoreVMClient.dylib
0x00000001cae09000 	/System/Library/Frameworks/MetalPerformanceShaders.framework/Versions/A/Frameworks/MPSCore.framework/Versions/A/MPSCore
0x00000001cbfb1000 	/System/Library/Frameworks/MetalPerformanceShaders.framework/Versions/A/Frameworks/MPSImage.framework/Versions/A/MPSImage
0x00000001cbaa0000 	/System/Library/Frameworks/MetalPerformanceShaders.framework/Versions/A/Frameworks/MPSNeuralNetwork.framework/Versions/A/MPSNeuralNetwork
0x00000001cbed9000 	/System/Library/Frameworks/MetalPerformanceShaders.framework/Versions/A/Frameworks/MPSMatrix.framework/Versions/A/MPSMatrix
0x00000001cbcb2000 	/System/Library/Frameworks/MetalPerformanceShaders.framework/Versions/A/Frameworks/MPSRayIntersector.framework/Versions/A/MPSRayIntersector
0x00000001cbf0a000 	/System/Library/Frameworks/MetalPerformanceShaders.framework/Versions/A/Frameworks/MPSNDArray.framework/Versions/A/MPSNDArray
0x0000000224e43000 	/System/Library/Frameworks/MetalPerformanceShaders.framework/Versions/A/Frameworks/MPSFunctions.framework/Versions/A/MPSFunctions
0x00000001c2010000 	/System/Library/PrivateFrameworks/MetalTools.framework/Versions/A/MetalTools
0x00000001cae87000 	/System/Library/PrivateFrameworks/AggregateDictionary.framework/Versions/A/AggregateDictionary
0x00000001ccdbf000 	/usr/lib/libIOReport.dylib
0x00000001d70be000 	/System/Library/PrivateFrameworks/ASEProcessing.framework/Versions/A/ASEProcessing
0x00000001cd134000 	/System/Library/PrivateFrameworks/FaceCore.framework/Versions/A/FaceCore
0x00000001cd126000 	/System/Library/PrivateFrameworks/GraphVisualizer.framework/Versions/A/GraphVisualizer
0x000000022d0a0000 	/System/Library/PrivateFrameworks/FontServices.framework/Versions/A/FontServices
0x00000001cd547000 	/System/Library/PrivateFrameworks/OTSVG.framework/Versions/A/OTSVG
0x00000001c8a76000 	/System/Library/Frameworks/ApplicationServices.framework/Versions/A/Frameworks/ATS.framework/Versions/A/Resources/libFontRegistry.dylib
0x00000001cd594000 	/System/Library/PrivateFrameworks/FontServices.framework/libhvf.dylib
0x000000022d0a1000 	/System/Library/PrivateFrameworks/FontServices.framework/libXTFontStaticRegistryData.dylib
0x0000000223079000 	/System/Library/Frameworks/OpenCL.framework/Versions/A/OpenCL
0x00000001ccf8e000 	/System/Library/PrivateFrameworks/AppleVA.framework/Versions/A/AppleVA
0x00000001cf129000 	/System/Library/Frameworks/ApplicationServices.framework/Versions/A/Frameworks/ATS.framework/Versions/A/ATS
0x00000001c74a3000 	/System/Library/Frameworks/ApplicationServices.framework/Versions/A/Frameworks/HIServices.framework/Versions/A/HIServices
0x00000001cdf93000 	/System/Library/Frameworks/ApplicationServices.framework/Versions/A/Frameworks/PrintCore.framework/Versions/A/PrintCore
0x00000001cf4c0000 	/System/Library/Frameworks/ApplicationServices.framework/Versions/A/Frameworks/QD.framework/Versions/A/QD
0x00000001cf4b8000 	/System/Library/Frameworks/ApplicationServices.framework/Versions/A/Frameworks/ColorSyncLegacy.framework/Versions/A/ColorSyncLegacy
0x00000001cf115000 	/System/Library/Frameworks/ApplicationServices.framework/Versions/A/Frameworks/SpeechSynthesis.framework/Versions/A/SpeechSynthesis
0x00000001cdf54000 	/System/Library/Frameworks/ApplicationServices.framework/Versions/A/Frameworks/ATSUI.framework/Versions/A/ATSUI
0x00000001cf44d000 	/usr/lib/libcups.2.dylib
0x00000001cf827000 	/System/Library/Frameworks/Kerberos.framework/Versions/A/Kerberos
0x00000001cf838000 	/System/Library/Frameworks/GSS.framework/Versions/A/GSS
0x00000001cf199000 	/usr/lib/libresolv.9.dylib
0x00000001cd5a3000 	/System/Library/PrivateFrameworks/Heimdal.framework/Versions/A/Heimdal
0x00000001d62f3000 	/System/Library/Frameworks/Kerberos.framework/Versions/A/Libraries/libHeimdalProxy.dylib
0x00000001c80f1000 	/System/Library/Frameworks/Network.framework/Versions/A/Network
0x00000001ccff5000 	/usr/lib/libheimdal-asn1.dylib
0x00000001cf888000 	/System/Library/PrivateFrameworks/CommonAuth.framework/Versions/A/CommonAuth
0x00000001cf08f000 	/System/Library/PrivateFrameworks/AudioSession.framework/Versions/A/AudioSession
0x00000001cd087000 	/System/Library/PrivateFrameworks/MediaExperience.framework/Versions/A/MediaExperience
0x00000001cef15000 	/System/Library/PrivateFrameworks/AudioSession.framework/libSessionUtility.dylib
0x00000001cf4cc000 	/System/Library/PrivateFrameworks/AudioResourceArbitration.framework/Versions/A/AudioResourceArbitration
0x00000001d3682000 	/System/Library/PrivateFrameworks/PowerLog.framework/Versions/A/PowerLog
0x00000001ccfff000 	/System/Library/PrivateFrameworks/IconFoundation.framework/Versions/A/IconFoundation
0x00000001d23cb000 	/System/Library/PrivateFrameworks/SpeechRecognitionCore.framework/Versions/A/SpeechRecognitionCore
0x0000000103db4000 	/Users/gabriel-claudiuprivantu/Library/Java/JavaVirtualMachines/openjdk-17.0.2/Contents/Home/lib/server/libjvm.dylib
0x0000000102cf0000 	/Users/gabriel-claudiuprivantu/Library/Java/JavaVirtualMachines/openjdk-17.0.2/Contents/Home/lib/libjimage.dylib
0x0000000102d1c000 	/Users/gabriel-claudiuprivantu/Library/Java/JavaVirtualMachines/openjdk-17.0.2/Contents/Home/lib/libinstrument.dylib
0x0000000102d68000 	/Users/gabriel-claudiuprivantu/Library/Java/JavaVirtualMachines/openjdk-17.0.2/Contents/Home/lib/libjava.dylib
0x0000000103ce8000 	/Users/gabriel-claudiuprivantu/Library/Java/JavaVirtualMachines/openjdk-17.0.2/Contents/Home/lib/libnio.dylib
0x0000000103d08000 	/Users/gabriel-claudiuprivantu/Library/Java/JavaVirtualMachines/openjdk-17.0.2/Contents/Home/lib/libnet.dylib
0x0000000102d50000 	/Users/gabriel-claudiuprivantu/Library/Java/JavaVirtualMachines/openjdk-17.0.2/Contents/Home/lib/libzip.dylib
0x0000000102ddc000 	/Users/gabriel-claudiuprivantu/.openjfx/cache/17.0.1/libprism_es2.dylib
0x00000001c4257000 	/System/Library/PrivateFrameworks/CoreServicesInternal.framework/Versions/A/CoreServicesInternal
0x0000000222ee2000 	/System/Library/Frameworks/OpenGL.framework/Versions/A/Resources/GLEngine.bundle/GLEngine
0x0000000222d6a000 	/System/Library/Frameworks/OpenGL.framework/Versions/A/Libraries/libGLProgrammability.dylib
0x0000000121660000 	/System/Library/Extensions/AppleMetalOpenGLRenderer.bundle/Contents/MacOS/AppleMetalOpenGLRenderer
0x0000000223051000 	/System/Library/Frameworks/OpenGL.framework/Versions/A/Resources/GLRendererFloat.bundle/GLRendererFloat
0x0000000223151000 	/System/Library/Extensions/AGXMetal13_3.bundle/Contents/MacOS/AGXMetal13_3
0x00000001e1b8a000 	/System/Library/PrivateFrameworks/GPURawCounter.framework/Versions/A/GPURawCounter
0x00000001dc294000 	/System/Library/PrivateFrameworks/IOGPU.framework/Versions/A/IOGPU
0x00000001216f8000 	/Users/gabriel-claudiuprivantu/.openjfx/cache/17.0.1/libglass.dylib
0x00000001d38da000 	/System/Library/Frameworks/FileProvider.framework/Versions/A/FileProvider
0x00000001c7ebf000 	/System/Library/Frameworks/Accounts.framework/Versions/A/Accounts
0x00000001d3a5e000 	/System/Library/PrivateFrameworks/GenerationalStorage.framework/Versions/A/GenerationalStorage
0x00000001d4621000 	/System/Library/PrivateFrameworks/CoreSymbolication.framework/Versions/A/CoreSymbolication
0x00000001d3676000 	/System/Library/PrivateFrameworks/SymptomDiagnosticReporter.framework/Versions/A/SymptomDiagnosticReporter
0x00000001c5547000 	/System/Library/PrivateFrameworks/DesktopServicesPriv.framework/Versions/A/DesktopServicesPriv
0x00000001c43b9000 	/usr/lib/libsandbox.1.dylib
0x00000001c8f3a000 	/System/Library/PrivateFrameworks/UserManagement.framework/Versions/A/UserManagement
0x00000001d45de000 	/System/Library/PrivateFrameworks/DebugSymbols.framework/Versions/A/DebugSymbols
0x00000001cf4ab000 	/System/Library/PrivateFrameworks/NetAuth.framework/Versions/A/NetAuth
0x00000001d03c9000 	/System/Library/PrivateFrameworks/Sharing.framework/Versions/A/Sharing
0x00000001c8f0a000 	/System/Library/PrivateFrameworks/login.framework/Versions/A/Frameworks/loginsupport.framework/Versions/A/loginsupport
0x00000001d5813000 	/System/Library/PrivateFrameworks/Apple80211.framework/Versions/A/Apple80211
0x00000001cc095000 	/System/Library/PrivateFrameworks/AuthKit.framework/Versions/A/AuthKit
0x00000001cb716000 	/System/Library/PrivateFrameworks/CoreUtils.framework/Versions/A/CoreUtils
0x00000001cb639000 	/System/Library/Frameworks/CoreWLAN.framework/Versions/A/CoreWLAN
0x00000001d0539000 	/System/Library/Frameworks/IOBluetooth.framework/Versions/A/IOBluetooth
0x00000001d5873000 	/System/Library/PrivateFrameworks/CoreWiFi.framework/Versions/A/CoreWiFi
0x00000001d41be000 	/System/Library/PrivateFrameworks/FrontBoardServices.framework/Versions/A/FrontBoardServices
0x00000001d4256000 	/System/Library/PrivateFrameworks/BoardServices.framework/Versions/A/BoardServices
0x00000001cb930000 	/System/Library/PrivateFrameworks/AssertionServices.framework/Versions/A/AssertionServices
0x00000001d59f0000 	/System/Library/PrivateFrameworks/BackBoardServices.framework/Versions/A/BackBoardServices
0x00000001cf91f000 	/System/Library/PrivateFrameworks/CorePhoneNumbers.framework/Versions/A/CorePhoneNumbers
0x00000001d37a6000 	/System/Library/PrivateFrameworks/DiskManagement.framework/Versions/A/DiskManagement
0x00000001d36a9000 	/System/Library/PrivateFrameworks/AppleIDAuthSupport.framework/Versions/A/AppleIDAuthSupport
0x000000022766a000 	/System/Library/PrivateFrameworks/AAAFoundation.framework/Versions/A/AAAFoundation
0x00000001cf8fe000 	/System/Library/PrivateFrameworks/KeychainCircle.framework/Versions/A/KeychainCircle
0x00000001d3772000 	/System/Library/PrivateFrameworks/MediaKit.framework/Versions/A/MediaKit
0x00000001d36b6000 	/System/Library/Frameworks/DiscRecording.framework/Versions/A/DiscRecording
0x00000001ccf0a000 	/usr/lib/libCoreStorage.dylib
0x00000001d5ced000 	/usr/lib/libcsfde.dylib
0x00000001d060e000 	/System/Library/PrivateFrameworks/ProtectedCloudStorage.framework/Versions/A/ProtectedCloudStorage
0x00000001d5ce5000 	/System/Library/PrivateFrameworks/EFILogin.framework/Versions/A/EFILogin
0x00000001d3a85000 	/System/Library/PrivateFrameworks/OctagonTrust.framework/Versions/A/OctagonTrust
0x000000022c23b000 	/System/Library/PrivateFrameworks/CoreUtilsExtras.framework/Versions/A/CoreUtilsExtras
0x00000001d35db000 	/System/Library/Frameworks/CoreBluetooth.framework/Versions/A/CoreBluetooth
0x00000001d6378000 	/System/Library/Frameworks/AudioUnit.framework/Versions/A/AudioUnit
0x00000001ccf02000 	/usr/lib/libMatch.1.dylib
0x00000001e6036000 	/System/Library/Frameworks/Accelerate.framework/Versions/A/Frameworks/vImage.framework/Versions/A/Libraries/libCGInterfaces.dylib
0x00000001259c4000 	/usr/lib/libobjc-trampolines.dylib
0x00000001c8c04000 	/System/Library/PrivateFrameworks/ViewBridge.framework/Versions/A/ViewBridge
0x00000001ccdc8000 	/System/Library/PrivateFrameworks/CrashReporterSupport.framework/Versions/A/CrashReporterSupport
0x00000001edaaf000 	/System/Library/PrivateFrameworks/OSAnalytics.framework/Versions/A/OSAnalytics
0x00000001f8dad000 	/System/Library/PrivateFrameworks/Symbolication.framework/Versions/A/Symbolication
0x00000001e1b4b000 	/System/Library/PrivateFrameworks/MallocStackLogging.framework/Versions/A/MallocStackLogging
0x0000000126604000 	/Users/gabriel-claudiuprivantu/.openjfx/cache/17.0.1/libjavafx_font.dylib
0x00000001cd666000 	/System/Library/PrivateFrameworks/login.framework/Versions/A/login
0x0000000240781000 	/usr/lib/libRosetta.dylib


VM Arguments:
jvm_args: -javaagent:/Applications/IntelliJ IDEA.app/Contents/lib/idea_rt.jar=49260:/Applications/IntelliJ IDEA.app/Contents/bin -Dfile.encoding=UTF-8 --module-path=/Users/gabriel-claudiuprivantu/.m2/repository/org/openjfx/javafx-media/17.0.1/javafx-media-17.0.1-mac-aarch64.jar:/Users/gabriel-claudiuprivantu/.m2/repository/org/openjfx/javafx-fxml/17.0.1/javafx-fxml-17.0.1-mac-aarch64.jar:/Users/gabriel-claudiuprivantu/Documents/FACULTATE AC_CTIro/AN2/SEM2/proba_Java/Register_Anticariat/target/classes:/Users/gabriel-claudiuprivantu/.m2/repository/org/openjfx/javafx-web/17.0.1/javafx-web-17.0.1-mac-aarch64.jar:/Users/gabriel-claudiuprivantu/.m2/repository/org/openjfx/javafx-graphics/17.0.1/javafx-graphics-17.0.1-mac-aarch64.jar:/Users/gabriel-claudiuprivantu/.m2/repository/com/dlsc/formsfx/formsfx-core/11.3.2/formsfx-core-11.3.2.jar:/Users/gabriel-claudiuprivantu/.m2/repository/org/openjfx/javafx-base/17.0.1/javafx-base-17.0.1-mac-aarch64.jar:/Users/gabriel-claudiuprivantu/.m2/repository/net/synedra/validatorfx/0.1.13/validatorfx-0.1.13.jar:/Users/gabriel-claudiuprivantu/.m2/repository/org/controlsfx/controlsfx/11.1.0/controlsfx-11.1.0.jar:/Users/gabriel-claudiuprivantu/.m2/repository/org/kordamp/ikonli/ikonli-javafx/12.2.0/ikonli-javafx-12.2.0.jar:/Users/gabriel-claudiuprivantu/.m2/repository/org/kordamp/ikonli/ikonli-core/12.2.0/ikonli-core-12.2.0.jar:/Users/gabriel-claudiuprivantu/.m2/repository/org/openjfx/javafx-controls/17.0.1/javafx-controls-17.0.1-mac-aarch64.jar:/Users/gabriel-claudiuprivantu/.m2/repository/org/kordamp/bootstrapfx/bootstrapfx-core/0.4.0/bootstrapfx-core-0.4.0.jar:/Users/gabriel-claudiuprivantu/.m2/repository/eu/hansolo/tilesfx/11.48/tilesfx-11.48.jar -Djdk.module.main=com.example.register_anticariat 
java_command: com.example.register_anticariat/com.example.register_anticariat.HelloApplication
java_class_path (initial): /Users/gabriel-claudiuprivantu/.m2/repository/org/openjfx/javafx-controls/17.0.1/javafx-controls-17.0.1.jar:/Users/gabriel-claudiuprivantu/.m2/repository/org/openjfx/javafx-graphics/17.0.1/javafx-graphics-17.0.1.jar:/Users/gabriel-claudiuprivantu/.m2/repository/org/openjfx/javafx-base/17.0.1/javafx-base-17.0.1.jar:/Users/gabriel-claudiuprivantu/.m2/repository/org/openjfx/javafx-fxml/17.0.1/javafx-fxml-17.0.1.jar:/Users/gabriel-claudiuprivantu/.m2/repository/org/openjfx/javafx-web/17.0.1/javafx-web-17.0.1.jar:/Users/gabriel-claudiuprivantu/.m2/repository/org/openjfx/javafx-media/17.0.1/javafx-media-17.0.1.jar
Launcher Type: SUN_STANDARD

[Global flags]
     intx CICompilerCount                          = 4                                         {product} {ergonomic}
     uint ConcGCThreads                            = 2                                         {product} {ergonomic}
     uint G1ConcRefinementThreads                  = 8                                         {product} {ergonomic}
   size_t G1HeapRegionSize                         = 1048576                                   {product} {ergonomic}
    uintx GCDrainStackTargetSize                   = 64                                        {product} {ergonomic}
   size_t InitialHeapSize                          = 134217728                                 {product} {ergonomic}
   size_t MarkStackSize                            = 4194304                                   {product} {ergonomic}
   size_t MaxHeapSize                              = 2147483648                                {product} {ergonomic}
   size_t MaxNewSize                               = 1287651328                                {product} {ergonomic}
   size_t MinHeapDeltaBytes                        = 1048576                                   {product} {ergonomic}
   size_t MinHeapSize                              = 8388608                                   {product} {ergonomic}
    uintx NonNMethodCodeHeapSize                   = 5839564                                {pd product} {ergonomic}
    uintx NonProfiledCodeHeapSize                  = 122909338                              {pd product} {ergonomic}
    uintx ProfiledCodeHeapSize                     = 122909338                              {pd product} {ergonomic}
    uintx ReservedCodeCacheSize                    = 251658240                              {pd product} {ergonomic}
     bool SegmentedCodeCache                       = true                                      {product} {ergonomic}
   size_t SoftMaxHeapSize                          = 2147483648                             {manageable} {ergonomic}
     bool UseCompressedClassPointers               = true                           {product lp64_product} {ergonomic}
     bool UseCompressedOops                        = true                           {product lp64_product} {ergonomic}
     bool UseG1GC                                  = true                                      {product} {ergonomic}
     bool UseNUMA                                  = false                                     {product} {ergonomic}
     bool UseNUMAInterleaving                      = false                                     {product} {ergonomic}

Logging:
Log output configuration:
 #0: stdout all=warning uptime,level,tags
 #1: stderr all=off uptime,level,tags

Environment Variables:
PATH=/Users/gabriel-claudiuprivantu/.opam/default/bin:/opt/homebrew/bin:/opt/homebrew/sbin:/usr/local/bin:/usr/bin:/bin:/usr/sbin:/sbin:~/.dotnet/tools:/Library/Frameworks/Mono.framework/Versions/Current/Commands
SHELL=/bin/zsh
LC_CTYPE=en_US.UTF-8

Signal Handlers:
   SIGSEGV: _ZL13crash_handleriP9__siginfoPv in libjvm.dylib, mask=11100110000111110111111111111111, flags=SA_RESTART|SA_SIGINFO
    SIGBUS: _ZL13crash_handleriP9__siginfoPv in libjvm.dylib, mask=11100110000111110111111111111111, flags=SA_RESTART|SA_SIGINFO
    SIGFPE: _ZL13crash_handleriP9__siginfoPv in libjvm.dylib, mask=11100110000111110111111111111111, flags=SA_RESTART|SA_SIGINFO
   SIGPIPE: _ZL17javaSignalHandleriP9__siginfoPv in libjvm.dylib, mask=11100110000111110111111111111111, flags=SA_RESTART|SA_SIGINFO
   SIGXFSZ: _ZL17javaSignalHandleriP9__siginfoPv in libjvm.dylib, mask=11100110000111110111111111111111, flags=SA_RESTART|SA_SIGINFO
    SIGILL: _ZL13crash_handleriP9__siginfoPv in libjvm.dylib, mask=11100110000111110111111111111111, flags=SA_RESTART|SA_SIGINFO
   SIGUSR2: _ZL10SR_handleriP9__siginfoP17__darwin_ucontext in libjvm.dylib, mask=00100000000000000000000000000000, flags=SA_RESTART|SA_SIGINFO
    SIGHUP: _ZL11UserHandleriPvS_ in libjvm.dylib, mask=11100110000111110111111111111111, flags=SA_RESTART|SA_SIGINFO
    SIGINT: _ZL11UserHandleriPvS_ in libjvm.dylib, mask=11100110000111110111111111111111, flags=SA_RESTART|SA_SIGINFO
   SIGTERM: _ZL11UserHandleriPvS_ in libjvm.dylib, mask=11100110000111110111111111111111, flags=SA_RESTART|SA_SIGINFO
   SIGQUIT: _ZL11UserHandleriPvS_ in libjvm.dylib, mask=11100110000111110111111111111111, flags=SA_RESTART|SA_SIGINFO
   SIGTRAP: _ZL13crash_handleriP9__siginfoPv in libjvm.dylib, mask=11100110000111110111111111111111, flags=SA_RESTART|SA_SIGINFO


---------------  S Y S T E M  ---------------

OS:
uname: Darwin 21.4.0 Darwin Kernel Version 21.4.0: Fri Mar 18 00:47:26 PDT 2022; root:xnu-8020.101.4~15/RELEASE_ARM64_T8101 arm64
OS uptime: 0 days 4:21 hours
rlimit (soft/hard): STACK 8176k/65520k , CORE 0k/infinity , NPROC 1333/2000 , NOFILE 10240/infinity , AS infinity/infinity , CPU infinity/infinity , DATA infinity/infinity , FSIZE infinity/infinity , MEMLOCK infinity/infinity , RSS infinity/infinity
load average: 2.47 2.65 2.60

CPU: total 8 (initial active 8) 0x61:0x0:0x1b588bb3:0, fp, simd, crc, lse

Memory: 16k page, physical 8388608k(85632k free), swap 2097152k(1493760k free)

vm_info: OpenJDK 64-Bit Server VM (17.0.2+8-86) for bsd-aarch64 JRE (17.0.2+8-86), built on Dec  7 2021 21:45:06 by "mach5one" with clang Apple LLVM 12.0.0 (clang-1200.0.32.29)

END.
